Log file open, 01/05/18 19:40:58
LogWindows: Failed to load 'aqProf.dll' (GetLastError=126)
LogWindows: File 'aqProf.dll' does not exist
LogWindows: Failed to load 'VtuneApi.dll' (GetLastError=126)
LogWindows: File 'VtuneApi.dll' does not exist
LogWindows: Failed to load 'VtuneApi32e.dll' (GetLastError=126)
LogWindows: File 'VtuneApi32e.dll' does not exist
LogInit: Display: Running engine for game: FantasyArena
LogPlatformFile: Not using cached read wrapper
LogInit: Display: RandInit(258292079) SRandInit(258292079).
LogInit: Read version file with build ID '3709383'
LogInit: Overriding engine version to CL 3794801, compatible CL 3709383
LogInit: Registered custom module enumerator with build ID '3709383'
LogTaskGraph: Started task graph with 5 named threads and 8 total threads with 3 sets of task threads.
LogStats: Stats thread started at 0.108184
LogD3D11RHI: Aftermath initialized
LogModuleManager: Display: Found up-to-date module file ../../../Engine/Plugins/2D/Paper2D/Binaries/Win64/UE4Editor-Paper2D.dll (API version 3709383).
LogModuleManager: Display: Found up-to-date module file ../../../Engine/Plugins/2D/Paper2D/Binaries/Win64/UE4Editor-Paper2DEditor.dll (API version 3709383).
LogModuleManager: Display: Found up-to-date module file ../../../Engine/Plugins/2D/Paper2D/Binaries/Win64/UE4Editor-PaperSpriteSheetImporter.dll (API version 3709383).
LogModuleManager: Display: Found up-to-date module file ../../../Engine/Plugins/2D/Paper2D/Binaries/Win64/UE4Editor-PaperTiledImporter.dll (API version 3709383).
LogModuleManager: Display: Found up-to-date module file ../../../Engine/Plugins/2D/Paper2D/Binaries/Win64/UE4Editor-SmartSnapping.dll (API version 3709383).
LogModuleManager: Display: Found up-to-date module file ../../../Engine/Plugins/Blendables/LightPropagationVolume/Binaries/Win64/UE4Editor-LightPropagationVolumeRuntime.dll (API version 3709383).
LogModuleManager: Display: Found up-to-date module file ../../../Engine/Plugins/Blendables/LightPropagationVolume/Binaries/Win64/UE4Editor-LightPropagationVolumeEditor.dll (API version 3709383).
LogModuleManager: Display: Found up-to-date module file ../../../Engine/Plugins/Developer/GitSourceControl/Binaries/Win64/UE4Editor-GitSourceControl.dll (API version 3709383).
LogModuleManager: Display: Found up-to-date module file ../../../Engine/Plugins/Developer/PerforceSourceControl/Binaries/Win64/UE4Editor-PerforceSourceControl.dll (API version 3709383).
LogModuleManager: Display: Found up-to-date module file ../../../Engine/Plugins/Developer/SubversionSourceControl/Binaries/Win64/UE4Editor-SubversionSourceControl.dll (API version 3709383).
LogModuleManager: Display: Found up-to-date module file ../../../Engine/Plugins/Developer/UObjectPlugin/Binaries/Win64/UE4Editor-UObjectPlugin.dll (API version 3709383).
LogModuleManager: Display: Found up-to-date module file ../../../Engine/Plugins/Developer/VisualStudioCodeSourceCodeAccess/Binaries/Win64/UE4Editor-VisualStudioCodeSourceCodeAccess.dll (API version 3709383).
LogModuleManager: Display: Found up-to-date module file ../../../Engine/Plugins/Developer/VisualStudioSourceCodeAccess/Binaries/Win64/UE4Editor-VisualStudioSourceCodeAccess.dll (API version 3709383).
LogModuleManager: Display: Found up-to-date module file ../../../Engine/Plugins/Editor/AssetManagerEditor/Binaries/Win64/UE4Editor-AssetManagerEditor.dll (API version 3709383).
LogModuleManager: Display: Found up-to-date module file ../../../Engine/Plugins/Editor/AudioCapture/Binaries/Win64/UE4Editor-AudioCapture.dll (API version 3709383).
LogModuleManager: Display: Found up-to-date module file ../../../Engine/Plugins/Editor/FacialAnimation/Binaries/Win64/UE4Editor-FacialAnimation.dll (API version 3709383).
LogModuleManager: Display: Found up-to-date module file ../../../Engine/Plugins/Editor/FacialAnimation/Binaries/Win64/UE4Editor-FacialAnimationEditor.dll (API version 3709383).
LogModuleManager: Display: Found up-to-date module file ../../../Engine/Plugins/Editor/GameplayTagsEditor/Binaries/Win64/UE4Editor-GameplayTagsEditor.dll (API version 3709383).
LogModuleManager: Display: Found up-to-date module file ../../../Engine/Plugins/Editor/MobileLauncherProfileWizard/Binaries/Win64/UE4Editor-MobileLauncherProfileWizard.dll (API version 3709383).
LogModuleManager: Display: Found up-to-date module file ../../../Engine/Plugins/Editor/PluginBrowser/Binaries/Win64/UE4Editor-PluginBrowser.dll (API version 3709383).
LogModuleManager: Display: Found up-to-date module file ../../../Engine/Plugins/Editor/SpeedTreeImporter/Binaries/Win64/UE4Editor-SpeedTreeImporter.dll (API version 3709383).
LogModuleManager: Display: Found up-to-date module file ../../../Engine/Plugins/Experimental/AlembicImporter/Binaries/Win64/UE4Editor-AlembicImporter.dll (API version 3709383).
LogModuleManager: Display: Found up-to-date module file ../../../Engine/Plugins/Experimental/AlembicImporter/Binaries/Win64/UE4Editor-AlembicLibrary.dll (API version 3709383).
LogModuleManager: Display: Found up-to-date module file ../../../Engine/Plugins/Experimental/CharacterAI/Binaries/Win64/UE4Editor-CharacterAI.dll (API version 3709383).
LogModuleManager: Display: Found up-to-date module file ../../../Engine/Plugins/Experimental/HTML5Networking/Binaries/Win64/UE4Editor-HTML5Networking.dll (API version 3709383).
LogModuleManager: Display: Found up-to-date module file ../../../Engine/Plugins/Media/AndroidMedia/Binaries/Win64/UE4Editor-AndroidMediaEditor.dll (API version 3709383).
LogModuleManager: Display: Found up-to-date module file ../../../Engine/Plugins/Media/AndroidMedia/Binaries/Win64/UE4Editor-AndroidMediaFactory.dll (API version 3709383).
LogModuleManager: Display: Found up-to-date module file ../../../Engine/Plugins/Media/AvfMedia/Binaries/Win64/UE4Editor-AvfMediaEditor.dll (API version 3709383).
LogModuleManager: Display: Found up-to-date module file ../../../Engine/Plugins/Media/AvfMedia/Binaries/Win64/UE4Editor-AvfMediaFactory.dll (API version 3709383).
LogModuleManager: Display: Found up-to-date module file ../../../Engine/Plugins/Media/AvfMedia/Binaries/Win64/UE4Editor-AvfMediaFactory.dll (API version 3709383).
LogModuleManager: Display: Found up-to-date module file ../../../Engine/Plugins/Media/ImgMedia/Binaries/Win64/UE4Editor-ImgMedia.dll (API version 3709383).
LogModuleManager: Display: Found up-to-date module file ../../../Engine/Plugins/Media/ImgMedia/Binaries/Win64/UE4Editor-ImgMediaEditor.dll (API version 3709383).
LogModuleManager: Display: Found up-to-date module file ../../../Engine/Plugins/Media/ImgMedia/Binaries/Win64/UE4Editor-ImgMediaFactory.dll (API version 3709383).
LogModuleManager: Display: Found up-to-date module file ../../../Engine/Plugins/Media/ImgMedia/Binaries/Win64/UE4Editor-ImgMediaFactory.dll (API version 3709383).
LogModuleManager: Display: Found up-to-date module file ../../../Engine/Plugins/Media/ImgMedia/Binaries/Win64/UE4Editor-OpenExrWrapper.dll (API version 3709383).
LogModuleManager: Display: Found up-to-date module file ../../../Engine/Plugins/Media/MediaCompositing/Binaries/Win64/UE4Editor-MediaCompositing.dll (API version 3709383).
LogModuleManager: Display: Found up-to-date module file ../../../Engine/Plugins/Media/MediaCompositing/Binaries/Win64/UE4Editor-MediaCompositingEditor.dll (API version 3709383).
LogModuleManager: Display: Found up-to-date module file ../../../Engine/Plugins/Media/MediaPlayerEditor/Binaries/Win64/UE4Editor-MediaPlayerEditor.dll (API version 3709383).
LogModuleManager: Display: Found up-to-date module file ../../../Engine/Plugins/Media/WmfMedia/Binaries/Win64/UE4Editor-WmfMedia.dll (API version 3709383).
LogModuleManager: Display: Found up-to-date module file ../../../Engine/Plugins/Media/WmfMedia/Binaries/Win64/UE4Editor-WmfMediaEditor.dll (API version 3709383).
LogModuleManager: Display: Found up-to-date module file ../../../Engine/Plugins/Media/WmfMedia/Binaries/Win64/UE4Editor-WmfMediaFactory.dll (API version 3709383).
LogModuleManager: Display: Found up-to-date module file ../../../Engine/Plugins/Media/WmfMedia/Binaries/Win64/UE4Editor-WmfMediaFactory.dll (API version 3709383).
LogModuleManager: Display: Found up-to-date module file ../../../Engine/Plugins/Messaging/TcpMessaging/Binaries/Win64/UE4Editor-TcpMessaging.dll (API version 3709383).
LogModuleManager: Display: Found up-to-date module file ../../../Engine/Plugins/Messaging/UdpMessaging/Binaries/Win64/UE4Editor-UdpMessaging.dll (API version 3709383).
LogModuleManager: Display: Found up-to-date module file ../../../Engine/Plugins/MovieScene/ActorSequence/Binaries/Win64/UE4Editor-ActorSequence.dll (API version 3709383).
LogModuleManager: Display: Found up-to-date module file ../../../Engine/Plugins/MovieScene/LevelSequenceEditor/Binaries/Win64/UE4Editor-LevelSequenceEditor.dll (API version 3709383).
LogModuleManager: Display: Found up-to-date module file ../../../Engine/Plugins/MovieScene/MatineeToLevelSequence/Binaries/Win64/UE4Editor-MatineeToLevelSequence.dll (API version 3709383).
LogModuleManager: Display: Found up-to-date module file ../../../Engine/Plugins/Online/OnlineSubsystem/Binaries/Win64/UE4Editor-OnlineSubsystem.dll (API version 3709383).
LogModuleManager: Display: Found up-to-date module file ../../../Engine/Plugins/Runtime/AndroidPermission/Binaries/Win64/UE4Editor-AndroidPermission.dll (API version 3709383).
LogModuleManager: Display: Found up-to-date module file ../../../Engine/Plugins/Online/OnlineSubsystemNull/Binaries/Win64/UE4Editor-OnlineSubsystemNull.dll (API version 3709383).
LogModuleManager: Display: Found up-to-date module file ../../../Engine/Plugins/Online/OnlineSubsystemUtils/Binaries/Win64/UE4Editor-OnlineSubsystemUtils.dll (API version 3709383).
LogModuleManager: Display: Found up-to-date module file ../../../Engine/Plugins/Online/OnlineSubsystemUtils/Binaries/Win64/UE4Editor-OnlineBlueprintSupport.dll (API version 3709383).
LogModuleManager: Display: Found up-to-date module file ../../../Engine/Plugins/Runtime/AndroidDeviceProfileSelector/Binaries/Win64/UE4Editor-AndroidDeviceProfileSelector.dll (API version 3709383).
LogModuleManager: Display: Found up-to-date module file ../../../Engine/Plugins/Runtime/AppleARKit/Binaries/Win64/UE4Editor-AppleARKit.dll (API version 3709383).
LogModuleManager: Display: Found up-to-date module file ../../../Engine/Plugins/Runtime/ArchVisCharacter/Binaries/Win64/UE4Editor-ArchVisCharacter.dll (API version 3709383).
LogModuleManager: Display: Found up-to-date module file ../../../Engine/Plugins/Runtime/CableComponent/Binaries/Win64/UE4Editor-CableComponent.dll (API version 3709383).
LogModuleManager: Display: Found up-to-date module file ../../../Engine/Plugins/Runtime/CustomMeshComponent/Binaries/Win64/UE4Editor-CustomMeshComponent.dll (API version 3709383).
LogModuleManager: Display: Found up-to-date module file ../../../Engine/Plugins/Runtime/ExampleDeviceProfileSelector/Binaries/Win64/UE4Editor-ExampleDeviceProfileSelector.dll (API version 3709383).
LogModuleManager: Display: Found up-to-date module file ../../../Engine/Plugins/Runtime/ImmediatePhysics/Binaries/Win64/UE4Editor-ImmediatePhysics.dll (API version 3709383).
LogModuleManager: Display: Found up-to-date module file ../../../Engine/Plugins/Runtime/ImmediatePhysics/Binaries/Win64/UE4Editor-ImmediatePhysicsEditor.dll (API version 3709383).
LogModuleManager: Display: Found up-to-date module file ../../../Engine/Plugins/Runtime/LocationServicesBPLibrary/Binaries/Win64/UE4Editor-LocationServicesBPLibrary.dll (API version 3709383).
LogModuleManager: Display: Found up-to-date module file ../../../Engine/Plugins/Runtime/MobilePatchingUtils/Binaries/Win64/UE4Editor-MobilePatchingUtils.dll (API version 3709383).
LogModuleManager: Display: Found up-to-date module file ../../../Engine/Plugins/Runtime/Oculus/OculusVR/Binaries/Win64/UE4Editor-OculusHMD.dll (API version 3709383).
LogModuleManager: Display: Found up-to-date module file ../../../Engine/Plugins/Runtime/Oculus/OculusVR/Binaries/Win64/UE4Editor-OculusInput.dll (API version 3709383).
LogModuleManager: Display: Found up-to-date module file ../../../Engine/Plugins/Runtime/Oculus/OculusVR/Binaries/Win64/UE4Editor-OculusEditor.dll (API version 3709383).
LogModuleManager: Display: Found up-to-date module file ../../../Engine/Plugins/Runtime/PhysXVehicles/Binaries/Win64/UE4Editor-PhysXVehicles.dll (API version 3709383).
LogModuleManager: Display: Found up-to-date module file ../../../Engine/Plugins/Runtime/PhysXVehicles/Binaries/Win64/UE4Editor-PhysXVehiclesEditor.dll (API version 3709383).
LogModuleManager: Display: Found up-to-date module file ../../../Engine/Plugins/Runtime/ProceduralMeshComponent/Binaries/Win64/UE4Editor-ProceduralMeshComponent.dll (API version 3709383).
LogModuleManager: Display: Found up-to-date module file ../../../Engine/Plugins/Runtime/ProceduralMeshComponent/Binaries/Win64/UE4Editor-ProceduralMeshComponentEditor.dll (API version 3709383).
LogModuleManager: Display: Found up-to-date module file ../../../Engine/Plugins/Runtime/RuntimePhysXCooking/Binaries/Win64/UE4Editor-RuntimePhysXCooking.dll (API version 3709383).
LogModuleManager: Display: Found up-to-date module file ../../../Engine/Plugins/Runtime/Steam/SteamVR/Binaries/Win64/UE4Editor-SteamVR.dll (API version 3709383).
LogModuleManager: Display: Found up-to-date module file ../../../Engine/Plugins/Runtime/Steam/SteamVR/Binaries/Win64/UE4Editor-SteamVRController.dll (API version 3709383).
LogModuleManager: Display: Found up-to-date module file ../../../Engine/Plugins/Runtime/WindowsMoviePlayer/Binaries/Win64/UE4Editor-WindowsMoviePlayer.dll (API version 3709383).
LogPluginManager: Mounting plugin Paper2D
LogPluginManager: Mounting plugin LightPropagationVolume
LogPluginManager: Mounting plugin CodeLiteSourceCodeAccess
LogPluginManager: Mounting plugin GitSourceControl
LogPluginManager: Mounting plugin KDevelopSourceCodeAccess
LogPluginManager: Mounting plugin NullSourceCodeAccess
LogPluginManager: Mounting plugin PerforceSourceControl
LogPluginManager: Mounting plugin SubversionSourceControl
LogPluginManager: Mounting plugin UObjectPlugin
LogPluginManager: Mounting plugin VisualStudioCodeSourceCodeAccess
LogPluginManager: Mounting plugin VisualStudioSourceCodeAccess
LogPluginManager: Mounting plugin XCodeSourceCodeAccess
LogPluginManager: Mounting plugin AssetManagerEditor
LogPluginManager: Mounting plugin AudioCapture
LogPluginManager: Mounting plugin FacialAnimation
LogPluginManager: Mounting plugin GameplayTagsEditor
LogPluginManager: Mounting plugin MobileLauncherProfileWizard
LogPluginManager: Mounting plugin PluginBrowser
LogPluginManager: Mounting plugin SpeedTreeImporter
LogPluginManager: Mounting plugin AlembicImporter
LogPluginManager: Mounting plugin CharacterAI
LogPluginManager: Mounting plugin HTML5Networking
LogPluginManager: Mounting plugin AndroidMedia
LogPluginManager: Mounting plugin AvfMedia
LogPluginManager: Mounting plugin ImgMedia
LogPluginManager: Mounting plugin MediaCompositing
LogPluginManager: Mounting plugin MediaPlayerEditor
LogPluginManager: Mounting plugin WmfMedia
LogPluginManager: Mounting plugin TcpMessaging
LogPluginManager: Mounting plugin UdpMessaging
LogPluginManager: Mounting plugin ActorSequence
LogPluginManager: Mounting plugin LevelSequenceEditor
LogPluginManager: Mounting plugin MatineeToLevelSequence
LogPluginManager: Mounting plugin OnlineSubsystemGooglePlay
LogPluginManager: Mounting plugin OnlineSubsystemIOS
LogPluginManager: Mounting plugin OnlineSubsystem
LogPluginManager: Mounting plugin OnlineSubsystemNull
LogPluginManager: Mounting plugin OnlineSubsystemUtils
LogPluginManager: Mounting plugin AndroidDeviceProfileSelector
LogPluginManager: Mounting plugin AndroidMoviePlayer
LogPluginManager: Mounting plugin AndroidPermission
LogPluginManager: Mounting plugin AppleARKit
LogPluginManager: Mounting plugin AppleMoviePlayer
LogPluginManager: Mounting plugin ArchVisCharacter
LogPluginManager: Mounting plugin CableComponent
LogPluginManager: Mounting plugin CustomMeshComponent
LogPluginManager: Mounting plugin ExampleDeviceProfileSelector
LogPluginManager: Mounting plugin GoogleCloudMessaging
LogPluginManager: Mounting plugin ImmediatePhysics
LogPluginManager: Mounting plugin IOSDeviceProfileSelector
LogPluginManager: Mounting plugin LinuxDeviceProfileSelector
LogPluginManager: Mounting plugin LocationServicesBPLibrary
LogPluginManager: Mounting plugin MobilePatchingUtils
LogPluginManager: Mounting plugin OculusVR
LogPluginManager: Plugin shader directory ../../../Engine/Plugins/Runtime/Oculus/OculusVR/Shaders found
LogPluginManager: Mapping shader source directory ../../../Engine/Plugins/Runtime/Oculus/OculusVR/Shaders to virtual directory /Plugin/OculusVR
LogPluginManager: Mounting plugin PhysXVehicles
LogPluginManager: Mounting plugin ProceduralMeshComponent
LogPluginManager: Mounting plugin RuntimePhysXCooking
LogPluginManager: Mounting plugin SteamVR
LogPluginManager: Mounting plugin WindowsMoviePlayer
LogInit: Using libcurl 7.47.1
LogInit:  - built for x86_64-pc-win32
LogInit:  - supports SSL with OpenSSL/1.0.2g
LogInit:  - supports HTTP deflate (compression) using libz 1.2.8
LogInit:  - other features:
LogInit:      CURL_VERSION_SSL
LogInit:      CURL_VERSION_LIBZ
LogInit:      CURL_VERSION_IPV6
LogInit:      CURL_VERSION_ASYNCHDNS
LogInit:      CURL_VERSION_LARGEFILE
LogInit:      CURL_VERSION_IDN
LogInit:  CurlRequestOptions (configurable via config and command line):
LogInit:  - bVerifyPeer = false  - Libcurl will NOT verify peer certificate
LogInit:  - bUseHttpProxy = false  - Libcurl will NOT use HTTP proxy
LogInit:  - bDontReuseConnections = false  - Libcurl will reuse connections
LogInit:  - CertBundlePath = nullptr  - Libcurl will use whatever was configured at build time.
LogInit: Build: ++UE4+Release-4.18-CL-3794801
LogInit: Engine Version: 4.18.2-3794801+++UE4+Release-4.18
LogInit: Compatible Engine Version: 4.18.0-3709383+++UE4+Release-4.18
LogInit: Net CL: 3709383
LogDevObjectVersion: Number of dev versions registered: 16
LogDevObjectVersion:   Dev-Blueprints (B0D832E4-1F89-4F0D-ACCF-7EB736FD4AA2): 10
LogDevObjectVersion:   Dev-Build (E1C64328-A22C-4D53-A36C-8E866417BD8C): 0
LogDevObjectVersion:   Dev-Core (375EC13C-06E4-48FB-B500-84F0262A717E): 2
LogDevObjectVersion:   Dev-Editor (E4B068ED-F494-42E9-A231-DA0B2E46BB41): 20
LogDevObjectVersion:   Dev-Framework (CFFC743F-43B0-4480-9391-14DF171D2073): 30
LogDevObjectVersion:   Dev-Mobile (B02B49B5-BB20-44E9-A304-32B752E40360): 0
LogDevObjectVersion:   Dev-Networking (A4E4105C-59A1-49B5-A7C5-40C4547EDFEE): 0
LogDevObjectVersion:   Dev-Online (39C831C9-5AE6-47DC-9A44-9C173E1C8E7C): 0
LogDevObjectVersion:   Dev-Physics (78F01B33-EBEA-4F98-B9B4-84EACCB95AA2): 0
LogDevObjectVersion:   Dev-Platform (6631380F-2D4D-43E0-8009-CF276956A95A): 0
LogDevObjectVersion:   Dev-Rendering (12F88B9F-8875-4AFC-A67C-D90C383ABD29): 20
LogDevObjectVersion:   Dev-Sequencer (7B5AE74C-D270-4C10-A958-57980B212A5A): 4
LogDevObjectVersion:   Dev-VR (D7296918-1DD6-4BDD-9DE2-64A83CC13884): 0
LogDevObjectVersion:   Dev-LoadTimes (C2A15278-BFE7-4AFE-6C17-90FF531DF755): 1
LogDevObjectVersion:   Private-Geometry (6EACA3D4-40EC-4CC1-B786-8BED09428FC5): 1
LogDevObjectVersion:   Dev-AnimPhys (29E575DD-E0A3-4627-9D10-D276232CDCEA): 12
LogInit: Compiled (64-bit): Dec  8 2017 02:04:53
LogInit: Compiled with Visual C++: 19.00.24215.01
LogInit: Build Configuration: Development
LogInit: Branch Name: ++UE4+Release-4.18
LogInit: Command line:  
LogInit: Base directory: C:/Program Files (x86)/Epic Games/UE_4.18/Engine/Binaries/Win64/
LogInit: Installed Engine Build: 1
LogInit: Presizing for max 8388607 objects, including 0 objects not considered by GC, pre-allocating 0 bytes for permanent pool.
LogInit: Object subsystem initialized
[2018.01.05-18.40.59:722][  0]LogInit: Selected Device Profile: [Windows]
[2018.01.05-18.40.59:722][  0]LogInit: Applying CVar settings loaded from the selected device profile: [Windows]
[2018.01.05-18.40.59:737][  0]LogInit: Computer: KLOBUK
[2018.01.05-18.40.59:737][  0]LogInit: User: Jakub
[2018.01.05-18.40.59:737][  0]LogInit: CPU Page size=4096, Cores=2
[2018.01.05-18.40.59:737][  0]LogInit: High frequency timer resolution =3.514607 MHz
[2018.01.05-18.40.59:737][  0]LogMemory: Memory total: Physical=7.9GB (8GB approx)
[2018.01.05-18.40.59:737][  0]LogMemory: Platform Memory Stats for Windows
[2018.01.05-18.40.59:737][  0]LogMemory: Process Physical Memory: 270.22 MB used, 270.22 MB peak
[2018.01.05-18.40.59:737][  0]LogMemory: Process Virtual Memory: 269.19 MB used, 269.19 MB peak
[2018.01.05-18.40.59:737][  0]LogMemory: Physical Memory: 3486.84 MB used,  4644.94 MB free, 8131.79 MB total
[2018.01.05-18.40.59:737][  0]LogMemory: Virtual Memory: 622.42 MB used,  4644.94 MB free, 134217728.00 MB total
[2018.01.05-18.40.59:868][  0]LogInit: Using OS detected language (en-US).
[2018.01.05-18.40.59:868][  0]LogInit: Using OS detected locale (sk-SK).
[2018.01.05-18.40.59:872][  0]LogTextLocalizationManager: No specific localization for 'en-US' exists, so the 'en' localization will be used.
[2018.01.05-18.40.59:872][  0]LogTextLocalizationManager: No localization for 'sk-SK' exists, so 'en-US' will be used for the locale.
[2018.01.05-18.41.00:321][  0]LogInit: Setting process to per monitor DPI aware
[2018.01.05-18.41.00:585][  0]LogD3D11RHI: D3D11 adapters:
[2018.01.05-18.41.00:610][  0]LogD3D11RHI:    0. 'NVIDIA GeForce GTX 750 Ti' (Feature Level 11_0)
[2018.01.05-18.41.00:610][  0]LogD3D11RHI:       1977/0/4065 MB DedicatedVideo/DedicatedSystem/SharedSystem, Outputs:1, VendorId:0x10de
[2018.01.05-18.41.00:611][  0]LogD3D11RHI:    1. 'Microsoft Basic Render Driver' (Feature Level 11_0)
[2018.01.05-18.41.00:611][  0]LogD3D11RHI:       0/0/256 MB DedicatedVideo/DedicatedSystem/SharedSystem, Outputs:0, VendorId:0x1414
[2018.01.05-18.41.00:612][  0]LogD3D11RHI: Chosen D3D11 Adapter: 0
[2018.01.05-18.41.00:614][  0]LogD3D11RHI: Creating new Direct3DDevice
[2018.01.05-18.41.00:614][  0]LogD3D11RHI:     GPU DeviceId: 0x1380 (for the marketing name, search the web for "GPU Device Id")
[2018.01.05-18.41.00:614][  0]LogWindows: EnumDisplayDevices:
[2018.01.05-18.41.00:615][  0]LogWindows:    0. 'NVIDIA GeForce GTX 750 Ti' (P:1 D:1)
[2018.01.05-18.41.00:615][  0]LogWindows:    1. 'NVIDIA GeForce GTX 750 Ti' (P:0 D:0)
[2018.01.05-18.41.00:615][  0]LogWindows:    2. 'NVIDIA GeForce GTX 750 Ti' (P:0 D:0)
[2018.01.05-18.41.00:615][  0]LogWindows:    3. 'NVIDIA GeForce GTX 750 Ti' (P:0 D:0)
[2018.01.05-18.41.00:615][  0]LogWindows: DebugString: FoundDriverCount:4 
[2018.01.05-18.41.00:615][  0]LogD3D11RHI:     Adapter Name: NVIDIA GeForce GTX 750 Ti
[2018.01.05-18.41.00:615][  0]LogD3D11RHI:   Driver Version: 388.13 (internal:23.21.13.8813, unified:388.13)
[2018.01.05-18.41.00:615][  0]LogD3D11RHI:      Driver Date: 10-27-2017
[2018.01.05-18.41.00:615][  0]LogRHI: Texture pool is 1384 MB (70% of 1977 MB)
[2018.01.05-18.41.00:627][  0]LogD3D11RHI: Async texture creation enabled
[2018.01.05-18.41.00:645][  0]LogD3D11RHI: GPU Timing Frequency: 1000.000000 (Debug: 2 2)
[2018.01.05-18.41.00:646][  0]LogShaderCompilers: Guid format shader working directory is -5 characters bigger than the processId version (../../../../../../Users/Jakub/Documents/GodsOfArena/Intermediate/Shaders/WorkingDirectory/6984/).
[2018.01.05-18.41.00:647][  0]LogShaderCompilers: Cleaned the shader compiler working directory 'C:/Users/Jakub/AppData/Local/Temp/UnrealShaderWorkingDir/649C860C495304B2D180028E471C27CA/'.
[2018.01.05-18.41.00:647][  0]LogShaderCompilers: Display: Using Local Shader Compiler.
[2018.01.05-18.41.01:947][  0]LogTemp: Display: Loaded TP AllDesktopTargetPlatform
[2018.01.05-18.41.02:036][  0]LogTemp: Display: Loaded TP MacClientTargetPlatform
[2018.01.05-18.41.02:120][  0]LogTemp: Display: Loaded TP MacNoEditorTargetPlatform
[2018.01.05-18.41.02:186][  0]LogTemp: Display: Loaded TP MacServerTargetPlatform
[2018.01.05-18.41.02:238][  0]LogTemp: Display: Loaded TP MacTargetPlatform
[2018.01.05-18.41.02:286][  0]LogTemp: Display: Loaded TP WindowsClientTargetPlatform
[2018.01.05-18.41.02:334][  0]LogTemp: Display: Loaded TP WindowsNoEditorTargetPlatform
[2018.01.05-18.41.02:400][  0]LogTemp: Display: Loaded TP WindowsServerTargetPlatform
[2018.01.05-18.41.02:447][  0]LogTemp: Display: Loaded TP WindowsTargetPlatform
[2018.01.05-18.41.02:504][  0]LogTemp: Display: Loaded TP Android_ASTCTargetPlatform
[2018.01.05-18.41.02:556][  0]LogTemp: Display: Loaded TP Android_ATCTargetPlatform
[2018.01.05-18.41.02:613][  0]LogTemp: Display: Loaded TP Android_DXTTargetPlatform
[2018.01.05-18.41.02:676][  0]LogTemp: Display: Loaded TP Android_ETC1TargetPlatform
[2018.01.05-18.41.02:733][  0]LogTemp: Display: Loaded TP Android_ETC2TargetPlatform
[2018.01.05-18.41.02:855][  0]LogTemp: Display: Loaded TP Android_MultiTargetPlatform
[2018.01.05-18.41.02:855][  0]LogTemp: Display: Loaded TP Android_PVRTCTargetPlatform
[2018.01.05-18.41.02:912][  0]LogTemp: Display: Loaded TP AndroidTargetPlatform
[2018.01.05-18.41.02:949][  0]LogTemp: Display: Loaded TP HTML5TargetPlatform
[2018.01.05-18.41.03:045][  0]LogTemp: Display: Loaded TP IOSTargetPlatform
[2018.01.05-18.41.03:073][  0]LogTemp: Display: Loaded TP TVOSTargetPlatform
[2018.01.05-18.41.03:125][  0]LogTemp: Display: Loaded TP LinuxClientTargetPlatform
[2018.01.05-18.41.03:179][  0]LogTemp: Display: Loaded TP LinuxNoEditorTargetPlatform
[2018.01.05-18.41.03:231][  0]LogTemp: Display: Loaded TP LinuxServerTargetPlatform
[2018.01.05-18.41.03:288][  0]LogTemp: Display: Loaded TP LinuxTargetPlatform
[2018.01.05-18.41.03:289][  0]LogTargetPlatformManager: Display: Building Assets For Windows
[2018.01.05-18.41.03:757][  0]LogDerivedDataCache: Display: Max Cache Size: 512 MB
[2018.01.05-18.41.03:861][  0]LogDerivedDataCache: Loaded boot cache 0.10s 78MB C:/Users/Jakub/AppData/Local/UnrealEngine/4.18/DerivedDataCache/Boot.ddc.
[2018.01.05-18.41.03:861][  0]LogDerivedDataCache: Display: Loaded Boot cache: C:/Users/Jakub/AppData/Local/UnrealEngine/4.18/DerivedDataCache/Boot.ddc
[2018.01.05-18.41.03:861][  0]LogDerivedDataCache: FDerivedDataBackendGraph:  Pak pak cache file ../../../../../../Users/Jakub/Documents/GodsOfArena/DerivedDataCache/DDC.ddp not found, will not use a pak cache.
[2018.01.05-18.41.03:861][  0]LogDerivedDataCache: Unable to find inner node Pak for hierarchical cache Hierarchy.
[2018.01.05-18.41.03:861][  0]LogDerivedDataCache: FDerivedDataBackendGraph:  CompressedPak pak cache file ../../../../../../Users/Jakub/Documents/GodsOfArena/DerivedDataCache/Compressed.ddp not found, will not use a pak cache.
[2018.01.05-18.41.03:861][  0]LogDerivedDataCache: Unable to find inner node CompressedPak for hierarchical cache Hierarchy.
[2018.01.05-18.41.03:887][  0]LogDerivedDataCache: Display: Pak cache opened for reading ../../../Engine/DerivedDataCache/Compressed.ddp.
[2018.01.05-18.41.03:900][  0]LogDerivedDataCache: Using Local data cache path C:/Users/Jakub/AppData/Local/UnrealEngine/Common/DerivedDataCache: Writable
[2018.01.05-18.41.03:912][  0]LogMaterial: Verifying Global Shaders for PCD3D_SM5
[2018.01.05-18.41.03:913][  0]LogSlate: Using Freetype 2.6.0
[2018.01.05-18.41.03:913][  0]LogSlate: SlateFontCache - WITH_FREETYPE: 1, WITH_HARFBUZZ: 1
[2018.01.05-18.41.03:913][  0]LogSlate: SlateFontCache - WITH_FREETYPE: 1, WITH_HARFBUZZ: 1
[2018.01.05-18.41.04:325][  0]LogInit: Selected Device Profile: [Windows]
[2018.01.05-18.41.04:681][  0]LogSimplygon: Simplygon DLL not present - disabling.
[2018.01.05-18.41.04:718][  0]LogMeshReduction: Using SimplygonSwarm for distributed automatic mesh merging
[2018.01.05-18.41.04:718][  0]LogMeshReduction: Using QuadricMeshReduction for automatic static mesh reduction
[2018.01.05-18.41.04:718][  0]LogMeshReduction: No automatic skeletal mesh reduction module available
[2018.01.05-18.41.04:718][  0]LogMeshReduction: No automatic mesh merging module available
[2018.01.05-18.41.04:718][  0]LogMeshMerging: No automatic mesh merging module available
[2018.01.05-18.41.04:743][  0]LogNetVersion: FantasyArena , NetCL: 3709383, EngineNetVer: 2, GameNetVer: 0 (Checksum: 147670905)
[2018.01.05-18.41.04:915][  0]LogAssetRegistry: FAssetRegistry took 0.0264 seconds to start up
[2018.01.05-18.41.05:488][  0]LogPackageLocalizationCache: Processed 7 localized package path(s) for 2 prioritized culture(s) in 0.082122 seconds
[2018.01.05-18.41.05:493][  0]LogUObjectArray: 35900 objects as part of root set at end of initial load.
[2018.01.05-18.41.05:493][  0]LogUObjectAllocator: 7372024 out of 0 bytes used by permanent object pool.
[2018.01.05-18.41.05:493][  0]LogUObjectArray: CloseDisregardForGC: 0/0 objects in disregard for GC pool
[2018.01.05-18.41.05:549][  0]LogInit: WinSock: version 1.1 (2.2), MaxSocks=32767, MaxUdp=65467
[2018.01.05-18.41.08:360][  0]LogTcpMessaging: Initializing TcpMessaging bridge
[2018.01.05-18.41.08:404][  0]LogUdpMessaging: Initializing bridge on interface 0.0.0.0:0 to multicast group 230.0.0.1:6666.
[2018.01.05-18.41.09:071][  0]LogMaterial: Uniform references updated for custom material expression Custom.
[2018.01.05-18.41.09:510][  0]SourceControl: Source control is disabled
[2018.01.05-18.41.10:600][  0]LogAndroidPermission: UAndroidPermissionCallbackProxy::GetInstance
[2018.01.05-18.41.10:854][  0]LogOcInput: OculusInput pre-init called
[2018.01.05-18.41.11:154][  0]LogEngine: Initializing Engine...
[2018.01.05-18.41.11:156][  0]LogHMD: Failed to initialize OpenVR with code 110
[2018.01.05-18.41.11:447][  0]LogStats: UGameplayTagsManager::ConstructGameplayTagTree: Construct from data asset -  0.000 s
[2018.01.05-18.41.11:447][  0]LogStats: UGameplayTagsManager::ConstructGameplayTagTree: GameplayTagTreeChangedEvent.Broadcast -  0.000 s
[2018.01.05-18.41.11:605][  0]LogAIModule: Creating AISystem for world Untitled
[2018.01.05-18.41.11:611][  0]LogInit: XAudio2 using 'Speakers (Realtek High Definition Audio)' : 2 channels at 48 kHz using 32 bits per sample (channel mask 0x3)
[2018.01.05-18.41.11:632][  0]LogInit: FAudioDevice initialized.
[2018.01.05-18.41.11:753][  0]LogDerivedDataCache: Saved boot cache 0.12s 78MB C:/Users/Jakub/AppData/Local/UnrealEngine/4.18/DerivedDataCache/Boot.ddc.
[2018.01.05-18.41.11:773][  0]LogInit: Texture streaming: Enabled
[2018.01.05-18.41.11:903][  0]LogEngineSessionManager: EngineSessionManager initialized
[2018.01.05-18.41.12:038][  0]LogInit: Transaction tracking system initialized
[2018.01.05-18.41.12:353][  0]BlueprintLog: New page: Editor Load
[2018.01.05-18.41.13:213][  0]LocalizationService: Localization service is disabled
[2018.01.05-18.41.13:907][  0]LogConsoleResponse: Display: 
[2018.01.05-18.41.14:110][  0]LogCook: Display: Max memory allowance for cook 16384mb min free memory 0mb
[2018.01.05-18.41.14:110][  0]LogCook: Display: Mobile HDR setting 1
[2018.01.05-18.41.14:110][  0]LogGameplayTags: Display: UGameplayTagsManager::DoneAddingNativeTags. DelegateIsBound: 0
[2018.01.05-18.41.14:794][  0]LogFileCache: Scanning file cache for directory 'C:/Users/Jakub/Documents/GodsOfArena/Content/' took 0.02s
[2018.01.05-18.41.15:239][  0]Cmd: MAP LOAD FILE="../../../../../../Users/Jakub/Documents/GodsOfArena/Content/Levels/Arena1.umap" TEMPLATE=0 SHOWPROGRESS=1 FEATURELEVEL=3
[2018.01.05-18.41.15:240][  0]LightingResults: New page: Lighting Build
[2018.01.05-18.41.15:282][  0]MapCheck: New page: Map Check
[2018.01.05-18.41.15:282][  0]LightingResults: New page: Lighting Build
[2018.01.05-18.41.17:120][  0]LogMaterial: Incomplete cached shader map for material WorldGridMaterial, compiling. Is special engine material.
[2018.01.05-18.41.36:519][  0]LogAIModule: Creating AISystem for world Arena1
[2018.01.05-18.41.36:558][  0]LogEditorServer: Finished looking for orphan Actors (0.000 secs)
[2018.01.05-18.41.36:587][  0]Cmd: MAP CHECKDEP NOCLEARLOG
[2018.01.05-18.41.36:661][  0]MapCheck: Map check complete: 0 Error(s), 0 Warning(s), took 73.535ms to complete.
[2018.01.05-18.41.36:661][  0]LogFileHelpers: Loading map 'Arena1' took 21.422
[2018.01.05-18.41.36:714][  0]LogWindowsTextInputMethodSystem: Display: IME system now deactivated.
[2018.01.05-18.41.36:828][  0]LogCollectionManager: Loaded 0 collections in 0.002129 seconds
[2018.01.05-18.41.36:909][  0]LogFileCache: Scanning file cache for directory 'C:/Users/Jakub/Documents/GodsOfArena/Saved/Collections/' took 0.01s
[2018.01.05-18.41.36:909][  0]LogFileCache: Scanning file cache for directory 'C:/Users/Jakub/Documents/GodsOfArena/Content/Developers/Jakub/Collections/' took 0.01s
[2018.01.05-18.41.36:909][  0]LogFileCache: Scanning file cache for directory 'C:/Users/Jakub/Documents/GodsOfArena/Content/Collections/' took 0.01s
[2018.01.05-18.41.36:909][  0]LogCollectionManager: Rebuilt the GUID cache for 0 collections in 0.000000 seconds
[2018.01.05-18.41.36:920][  0]LogContentBrowser: Native class hierarchy populated in 0.0102 seconds. Added 2363 classes and 519 folders.
[2018.01.05-18.41.36:983][  0]LogContentBrowser: Native class hierarchy updated for 'WidgetCarousel' in 0.0002 seconds. Added 0 classes and 0 folders.
[2018.01.05-18.41.37:019][  0]LogContentBrowser: Native class hierarchy updated for 'AddContentDialog' in 0.0002 seconds. Added 0 classes and 0 folders.
[2018.01.05-18.41.37:058][  0]LogContentBrowser: Native class hierarchy updated for 'SceneOutliner' in 0.0003 seconds. Added 1 classes and 2 folders.
[2018.01.05-18.41.37:077][  0]LogSlate: Took 0.000245 seconds to synchronously load lazily loaded font '../../../Engine/Content/Slate/Fonts/Roboto-Regular.ttf' (155K)
[2018.01.05-18.41.37:079][  0]LogSlate: Took 0.000286 seconds to synchronously load lazily loaded font '../../../Engine/Content/Slate/Fonts/Roboto-Bold.ttf' (160K)
[2018.01.05-18.41.37:086][  0]LogSlate: Took 0.000269 seconds to synchronously load lazily loaded font '../../../Engine/Content/Editor/Slate/Fonts/FontAwesome.ttf' (139K)
[2018.01.05-18.41.37:199][  0]LogRenderer: Reallocating scene render targets to support 600x800 Format 10 NumSamples 1 (Frame:1).
[2018.01.05-18.41.37:251][  0]LogRenderer: Reallocating scene render targets to support 1232x800 Format 10 NumSamples 1 (Frame:1).
[2018.01.05-18.41.37:484][  0]LogContentBrowser: Native class hierarchy updated for 'HierarchicalLODOutliner' in 0.0003 seconds. Added 1 classes and 2 folders.
[2018.01.05-18.41.37:484][  0]LogLoad: (Engine Initialization) Total time: 40.02 seconds
[2018.01.05-18.41.37:484][  0]LogLoad: (Engine Initialization) Total Blueprint compile time: 0.00 seconds
[2018.01.05-18.41.37:484][  0]LogExternalProfiler: Found external profiler: VSPerf
[2018.01.05-18.41.37:484][  0]LogExternalProfiler: Using external profiler: VSPerf
[2018.01.05-18.41.37:531][  0]SourceControl: On branch master
[2018.01.05-18.41.37:531][  0]SourceControl: Your branch is up to date with 'origin/master'.
[2018.01.05-18.41.37:531][  0]SourceControl: Changes to be committed:
[2018.01.05-18.41.37:531][  0]SourceControl:   (use "git reset HEAD <file>..." to unstage)
[2018.01.05-18.41.37:531][  0]SourceControl: 	modified:   Content/Interactables/Weapons/BP_Bow_Hawkeye.uasset
[2018.01.05-18.41.37:531][  0]SourceControl: 	new file:   Content/Interactables/Weapons/BP_Wooden_Bow.uasset
[2018.01.05-18.41.37:531][  0]SourceControl: 	new file:   Content/Weapons/Bows/Hawkeye/Material_001.uasset
[2018.01.05-18.41.37:531][  0]SourceControl: 	copied:     Content/Weapons/Bows/Wahkeye_x10_default.uasset -> Content/Weapons/Bows/Hawkeye/Wahkeye_x10_default.uasset
[2018.01.05-18.41.37:531][  0]SourceControl: 	modified:   Content/Weapons/Bows/Material_001.uasset
[2018.01.05-18.41.37:531][  0]SourceControl: 	modified:   Content/Weapons/Bows/Wahkeye_x10_default.uasset
[2018.01.05-18.41.37:531][  0]SourceControl: 	new file:   Content/Weapons/Bows/Wooden_bow/Arrow_default.uasset
[2018.01.05-18.41.37:531][  0]SourceControl: 	new file:   Content/Weapons/Bows/Wooden_bow/Quiver_default.uasset
[2018.01.05-18.41.37:531][  0]SourceControl: 	new file:   Content/Weapons/Bows/Wooden_bow/Wooden_Bow_default.uasset
[2018.01.05-18.41.37:531][  0]SourceControl: 	new file:   Content/Weapons/Bows/Wooden_bow/blinn1SG.uasset
[2018.01.05-18.41.37:531][  0]SourceControl: 	new file:   Content/Weapons/Bows/Wooden_bow/initialShadingGroup.uasset
[2018.01.05-18.41.37:531][  0]SourceControl: Changes not staged for commit:
[2018.01.05-18.41.37:531][  0]SourceControl:   (use "git add/rm <file>..." to update what will be committed)
[2018.01.05-18.41.37:531][  0]SourceControl:   (use "git checkout -- <file>..." to discard changes in working directory)
[2018.01.05-18.41.37:531][  0]SourceControl: 	modified:   Content/Characters/Y_Bot/Mesh/ybot_Skeleton.uasset
[2018.01.05-18.41.37:531][  0]SourceControl: 	modified:   Content/GameBase/Player_One.uasset
[2018.01.05-18.41.37:531][  0]SourceControl: 	modified:   Content/Interactables/Armor/BP_BaseArmor.uasset
[2018.01.05-18.41.37:531][  0]SourceControl: 	modified:   Content/Interactables/Armor/BP_BreastPlate.uasset
[2018.01.05-18.41.37:531][  0]SourceControl: 	modified:   Content/Interactables/Armor/BP_HeavyShield.uasset
[2018.01.05-18.41.37:531][  0]SourceControl: 	modified:   Content/Interactables/Armor/BP_HelmetwGuard.uasset
[2018.01.05-18.41.37:531][  0]SourceControl: 	modified:   Content/Interactables/Armor/BP_LightShield.uasset
[2018.01.05-18.41.37:531][  0]SourceControl: 	modified:   Content/Interactables/BPI_Interact.uasset
[2018.01.05-18.41.37:531][  0]SourceControl: 	modified:   Content/Interactables/BP_BaseInteractable.uasset
[2018.01.05-18.41.37:531][  0]SourceControl: 	modified:   Content/Interactables/BP_BaseItem.uasset
[2018.01.05-18.41.37:531][  0]SourceControl: 	modified:   Content/Interactables/Weapons/BP_BaseWeapon.uasset
[2018.01.05-18.41.37:531][  0]SourceControl: 	modified:   Content/Interactables/Weapons/BP_Club.uasset
[2018.01.05-18.41.37:531][  0]SourceControl: 	modified:   Content/Interactables/Weapons/BP_Crossbow.uasset
[2018.01.05-18.41.37:531][  0]SourceControl: 	modified:   Content/Interactables/Weapons/BP_Dagger.uasset
[2018.01.05-18.41.37:531][  0]SourceControl: 	modified:   Content/Interactables/Weapons/BP_LongSword.uasset
[2018.01.05-18.41.37:531][  0]SourceControl: 	modified:   Content/Interactables/Weapons/BP_Wooden_Bow.uasset
[2018.01.05-18.41.37:531][  0]SourceControl: 	modified:   Content/Levels/Arena1.umap
[2018.01.05-18.41.37:531][  0]SourceControl: 	modified:   Intermediate/AssetRegistryCache/c90e3f55.bin
[2018.01.05-18.41.37:531][  0]SourceControl: 	modified:   Intermediate/CachedAssetRegistry.bin
[2018.01.05-18.41.37:531][  0]SourceControl: 	modified:   Saved/AutoScreenshot.png
[2018.01.05-18.41.37:531][  0]SourceControl: 	modified:   Saved/Autosaves/Game/Characters/Y_Bot/Mesh/ybot_Auto3.uasset
[2018.01.05-18.41.37:531][  0]SourceControl: 	modified:   Saved/Autosaves/Game/Interactables/Weapons/BP_Bow_Hawkeye_Auto1.uasset
[2018.01.05-18.41.37:531][  0]SourceControl: 	modified:   Saved/Autosaves/Game/Levels/Arena1_Auto2.umap
[2018.01.05-18.41.37:531][  0]SourceControl: 	modified:   Saved/Autosaves/Game/Levels/Arena1_Auto3.umap
[2018.01.05-18.41.37:531][  0]SourceControl: 	modified:   Saved/Autosaves/Game/Levels/Arena1_Auto4.umap
[2018.01.05-18.41.37:531][  0]SourceControl: 	deleted:    Saved/Backup/Arena1_2017-12-25-20-23-12.umap
[2018.01.05-18.41.37:531][  0]SourceControl: 	deleted:    Saved/Backup/Arena1_2017-12-25-20-45-44.umap
[2018.01.05-18.41.37:531][  0]SourceControl: 	deleted:    Saved/Backup/Arena1_2017-12-25-20-56-28.umap
[2018.01.05-18.41.37:531][  0]SourceControl: 	deleted:    Saved/Backup/Arena1_2017-12-25-21-07-33.umap
[2018.01.05-18.41.37:531][  0]SourceControl: 	deleted:    Saved/Backup/Arena1_2017-12-25-21-19-10.umap
[2018.01.05-18.41.37:531][  0]SourceControl: 	deleted:    Saved/Backup/Arena1_2017-12-25-21-41-49.umap
[2018.01.05-18.41.37:532][  0]SourceControl: 	deleted:    Saved/Backup/Arena1_2017-12-25-21-53-12.umap
[2018.01.05-18.41.37:532][  0]SourceControl: 	deleted:    Saved/Backup/Arena1_2017-12-25-21-59-39.umap
[2018.01.05-18.41.37:532][  0]SourceControl: 	deleted:    Saved/Backup/Arena1_BuiltData_2017-12-25-21-59-39.uasset
[2018.01.05-18.41.37:532][  0]SourceControl: 	deleted:    Saved/Backup/BP_Bow_Hawkeye_2017-12-25-21-43-30.uasset
[2018.01.05-18.41.37:532][  0]SourceControl: 	deleted:    Saved/Backup/BP_Crossbow_2017-12-25-21-43-42.uasset
[2018.01.05-18.41.37:532][  0]SourceControl: 	deleted:    Saved/Backup/ESlotType_2017-12-25-20-11-13.uasset
[2018.01.05-18.41.37:532][  0]SourceControl: 	deleted:    Saved/Backup/ESlotType_2017-12-25-21-33-11.uasset
[2018.01.05-18.41.37:532][  0]SourceControl: 	deleted:    Saved/Backup/M_CharacterRecord_2017-12-25-21-59-39.uasset
[2018.01.05-18.41.37:532][  0]SourceControl: 	deleted:    Saved/Backup/Material_001_2017-12-25-21-59-39.uasset
[2018.01.05-18.41.37:532][  0]SourceControl: 	deleted:    Saved/Backup/Player_One_2017-12-25-20-35-34.uasset
[2018.01.05-18.41.37:532][  0]SourceControl: 	deleted:    Saved/Backup/Player_One_2017-12-25-20-40-59.uasset
[2018.01.05-18.41.37:532][  0]SourceControl: 	deleted:    Saved/Backup/Player_One_2017-12-25-20-53-30.uasset
[2018.01.05-18.41.37:532][  0]SourceControl: 	deleted:    Saved/Backup/Player_One_2017-12-25-21-01-49.uasset
[2018.01.05-18.41.37:532][  0]SourceControl: 	deleted:    Saved/Backup/Player_One_2017-12-25-21-07-33.uasset
[2018.01.05-18.41.37:532][  0]SourceControl: 	deleted:    Saved/Backup/Player_One_2017-12-25-21-15-40.uasset
[2018.01.05-18.41.37:532][  0]SourceControl: 	deleted:    Saved/Backup/Player_One_2017-12-25-21-29-11.uasset
[2018.01.05-18.41.37:532][  0]SourceControl: 	deleted:    Saved/Backup/Player_One_2017-12-25-21-36-36.uasset
[2018.01.05-18.41.37:532][  0]SourceControl: 	deleted:    Saved/Backup/Player_One_2017-12-25-21-51-53.uasset
[2018.01.05-18.41.37:532][  0]SourceControl: 	deleted:    Saved/Backup/Player_One_2017-12-25-22-12-28.uasset
[2018.01.05-18.41.37:532][  0]SourceControl: 	deleted:    Saved/Backup/Player_One_2017-12-25-22-23-48.uasset
[2018.01.05-18.41.37:532][  0]SourceControl: 	deleted:    Saved/Backup/UI_EquipmentSlot_2017-12-25-20-21-54.uasset
[2018.01.05-18.41.37:532][  0]SourceControl: 	deleted:    Saved/Backup/UI_EquipmentSlot_2017-12-25-21-52-28.uasset
[2018.01.05-18.41.37:532][  0]SourceControl: 	deleted:    Saved/Backup/UI_Inventory_2017-12-25-20-12-48.uasset
[2018.01.05-18.41.37:532][  0]SourceControl: 	deleted:    Saved/Backup/UI_Inventory_2017-12-25-20-23-12.uasset
[2018.01.05-18.41.37:532][  0]SourceControl: 	deleted:    Saved/Backup/UI_Inventory_2017-12-25-20-32-10.uasset
[2018.01.05-18.41.37:532][  0]SourceControl: 	deleted:    Saved/Backup/UI_Inventory_2017-12-25-21-35-52.uasset
[2018.01.05-18.41.37:532][  0]SourceControl: 	deleted:    Saved/Backup/UI_Inventory_2017-12-25-21-41-16.uasset
[2018.01.05-18.41.37:532][  0]SourceControl: 	deleted:    Saved/Backup/UI_Inventory_2017-12-25-21-47-16.uasset
[2018.01.05-18.41.37:532][  0]SourceControl: 	deleted:    Saved/Backup/UI_Inventory_Item_2017-12-25-20-45-00.uasset
[2018.01.05-18.41.37:532][  0]SourceControl: 	deleted:    Saved/Config/CrashReportClient/UE4CC-Windows-0962B23B42A10919525776A6899D5C3C/CrashReportClient.ini
[2018.01.05-18.41.37:532][  0]SourceControl: 	deleted:    Saved/Config/CrashReportClient/UE4CC-Windows-B233989A4D62415CC0EA6BAB99191028/CrashReportClient.ini
[2018.01.05-18.41.37:532][  0]SourceControl: 	deleted:    Saved/Config/CrashReportClient/UE4CC-Windows-F3FC4CA942BAFD293580348E963A0718/CrashReportClient.ini
[2018.01.05-18.41.37:532][  0]SourceControl: 	modified:   Saved/Config/Windows/EditorPerProjectUserSettings.ini
[2018.01.05-18.41.37:532][  0]SourceControl: 	modified:   Saved/Config/Windows/Engine.ini
[2018.01.05-18.41.37:532][  0]SourceControl: 	modified:   Saved/Logs/FantasyArena.log
[2018.01.05-18.41.37:532][  0]SourceControl: 	modified:   Saved/Logs/FantasyArena_2.log
[2018.01.05-18.41.37:532][  0]SourceControl: Untracked files:
[2018.01.05-18.41.37:532][  0]SourceControl:   (use "git add <file>..." to include in what will be committed)
[2018.01.05-18.41.37:532][  0]SourceControl: 	Saved/Autosaves/Game/Armor/M_BreastPlate_Auto4.uasset
[2018.01.05-18.41.37:532][  0]SourceControl: 	Saved/Autosaves/Game/Armor/SM_BreastPlate_Auto4.uasset
[2018.01.05-18.41.37:532][  0]SourceControl: 	Saved/Autosaves/Game/Weapons/Bows/Wooden_bow/
[2018.01.05-18.41.37:532][  0]SourceControl: 	Saved/Backup/Arena1_2018-01-05-18-55-25.umap
[2018.01.05-18.41.37:532][  0]SourceControl: 	Saved/Backup/Arena1_2018-01-05-19-11-34.umap
[2018.01.05-18.41.37:532][  0]SourceControl: 	Saved/Backup/Arena1_2018-01-05-19-30-31.umap
[2018.01.05-18.41.37:532][  0]SourceControl: 	Saved/Backup/Arena1_2018-01-05-19-40-54.umap
[2018.01.05-18.41.37:532][  0]SourceControl: 	Saved/Backup/BPI_Interact_2018-01-05-19-22-03.uasset
[2018.01.05-18.41.37:532][  0]SourceControl: 	Saved/Backup/BPI_Interact_2018-01-05-19-39-53.uasset
[2018.01.05-18.41.37:532][  0]SourceControl: 	Saved/Backup/BP_BaseArmor_2018-01-05-19-22-53.uasset
[2018.01.05-18.41.37:532][  0]SourceControl: 	Saved/Backup/BP_BaseArmor_2018-01-05-19-40-05.uasset
[2018.01.05-18.41.37:532][  0]SourceControl: 	Saved/Backup/BP_BaseInteractable_2018-01-05-19-22-51.uasset
[2018.01.05-18.41.37:532][  0]SourceControl: 	Saved/Backup/BP_BaseInteractable_2018-01-05-19-40-04.uasset
[2018.01.05-18.41.37:532][  0]SourceControl: 	Saved/Backup/BP_BaseItem_2018-01-05-19-22-51.uasset
[2018.01.05-18.41.37:532][  0]SourceControl: 	Saved/Backup/BP_BaseItem_2018-01-05-19-40-04.uasset
[2018.01.05-18.41.37:532][  0]SourceControl: 	Saved/Backup/BP_BaseWeapon_2018-01-05-19-22-56.uasset
[2018.01.05-18.41.37:532][  0]SourceControl: 	Saved/Backup/BP_BaseWeapon_2018-01-05-19-40-05.uasset
[2018.01.05-18.41.37:532][  0]SourceControl: 	Saved/Backup/BP_Bow_Hawkeye_2018-01-05-17-54-31.uasset
[2018.01.05-18.41.37:532][  0]SourceControl: 	Saved/Backup/BP_Bow_Hawkeye_2018-01-05-18-58-32.uasset
[2018.01.05-18.41.37:532][  0]SourceControl: 	Saved/Backup/BP_BreastPlate_2018-01-05-19-22-54.uasset
[2018.01.05-18.41.37:532][  0]SourceControl: 	Saved/Backup/BP_BreastPlate_2018-01-05-19-40-06.uasset
[2018.01.05-18.41.37:532][  0]SourceControl: 	Saved/Backup/BP_Club_2018-01-05-19-22-56.uasset
[2018.01.05-18.41.37:532][  0]SourceControl: 	Saved/Backup/BP_Club_2018-01-05-19-40-06.uasset
[2018.01.05-18.41.37:532][  0]SourceControl: 	Saved/Backup/BP_Crossbow_2018-01-05-19-22-56.uasset
[2018.01.05-18.41.37:532][  0]SourceControl: 	Saved/Backup/BP_Crossbow_2018-01-05-19-40-06.uasset
[2018.01.05-18.41.37:532][  0]SourceControl: 	Saved/Backup/BP_Dagger_2018-01-05-19-22-56.uasset
[2018.01.05-18.41.37:532][  0]SourceControl: 	Saved/Backup/BP_Dagger_2018-01-05-19-40-06.uasset
[2018.01.05-18.41.37:532][  0]SourceControl: 	Saved/Backup/BP_HeavyShield_2018-01-05-19-22-54.uasset
[2018.01.05-18.41.37:532][  0]SourceControl: 	Saved/Backup/BP_HeavyShield_2018-01-05-19-40-06.uasset
[2018.01.05-18.41.37:532][  0]SourceControl: 	Saved/Backup/BP_HelmetwGuard_2018-01-05-19-22-54.uasset
[2018.01.05-18.41.37:532][  0]SourceControl: 	Saved/Backup/BP_HelmetwGuard_2018-01-05-19-40-06.uasset
[2018.01.05-18.41.37:532][  0]SourceControl: 	Saved/Backup/BP_LightShield_2018-01-05-19-22-54.uasset
[2018.01.05-18.41.37:532][  0]SourceControl: 	Saved/Backup/BP_LightShield_2018-01-05-19-40-06.uasset
[2018.01.05-18.41.37:532][  0]SourceControl: 	Saved/Backup/BP_LongSword_2018-01-05-19-22-56.uasset
[2018.01.05-18.41.37:532][  0]SourceControl: 	Saved/Backup/BP_LongSword_2018-01-05-19-40-06.uasset
[2018.01.05-18.41.37:532][  0]SourceControl: 	Saved/Backup/BP_SkeletalArmor_2018-01-05-19-26-13.uasset
[2018.01.05-18.41.37:532][  0]SourceControl: 	Saved/Backup/BP_SkeletalArmor_2018-01-05-19-33-31.uasset
[2018.01.05-18.41.37:532][  0]SourceControl: 	Saved/Backup/BP_SkeletalBreastPlate_2018-01-05-19-27-57.uasset
[2018.01.05-18.41.37:532][  0]SourceControl: 	Saved/Backup/BP_SkeletalInteractable_2018-01-05-19-22-42.uasset
[2018.01.05-18.41.37:533][  0]SourceControl: 	Saved/Backup/BP_Wooden_Bow_2018-01-05-19-03-21.uasset
[2018.01.05-18.41.37:533][  0]SourceControl: 	Saved/Backup/BP_Wooden_Bow_2018-01-05-19-08-44.uasset
[2018.01.05-18.41.37:533][  0]SourceControl: 	Saved/Backup/BP_Wooden_Bow_2018-01-05-19-22-56.uasset
[2018.01.05-18.41.37:533][  0]SourceControl: 	Saved/Backup/BP_Wooden_Bow_2018-01-05-19-40-06.uasset
[2018.01.05-18.41.37:533][  0]SourceControl: 	Saved/Backup/M_BreastPlate_2018-01-05-19-30-31.uasset
[2018.01.05-18.41.37:533][  0]SourceControl: 	Saved/Backup/Material_001_2018-01-05-17-44-53.uasset
[2018.01.05-18.41.37:533][  0]SourceControl: 	Saved/Backup/Player_One_2018-01-05-19-22-51.uasset
[2018.01.05-18.41.37:533][  0]SourceControl: 	Saved/Backup/Player_One_2018-01-05-19-40-05.uasset
[2018.01.05-18.41.37:533][  0]SourceControl: 	Saved/Backup/SM_BreastPlate_2018-01-05-19-30-31.uasset
[2018.01.05-18.41.37:533][  0]SourceControl: 	Saved/Backup/Wahkeye_x10_default_2018-01-05-17-44-53.uasset
[2018.01.05-18.41.37:533][  0]SourceControl: 	Saved/Backup/ybot_2018-01-05-19-11-34.uasset
[2018.01.05-18.41.37:533][  0]SourceControl: 	Saved/Backup/ybot_Skeleton_2018-01-05-19-08-12.uasset
[2018.01.05-18.41.37:533][  0]SourceControl: 	Saved/Config/CrashReportClient/UE4CC-Windows-0D0BC8184C1668D7F32028B1F5D5C16E/
[2018.01.05-18.41.37:533][  0]SourceControl: 	Saved/Config/CrashReportClient/UE4CC-Windows-36C12953455192168DC5FEA69C668D62/
[2018.01.05-18.41.37:533][  0]SourceControl: 	Saved/Config/CrashReportClient/UE4CC-Windows-4C9B4D8A4985B701B1A410BC5D5D754D/
[2018.01.05-18.41.37:533][  0]SourceControl: 	Saved/Config/CrashReportClient/UE4CC-Windows-A6FAE4D542DC74707A26ADB740389197/
[2018.01.05-18.41.37:533][  0]SourceControl: 	Saved/Crashes/UE4CC-Windows-0D0BC8184C1668D7F32028B1F5D5C16E_0000/
[2018.01.05-18.41.37:533][  0]SourceControl: 	Saved/Crashes/UE4CC-Windows-4C9B4D8A4985B701B1A410BC5D5D754D_0000/
[2018.01.05-18.41.37:533][  0]SourceControl: 	Saved/Logs/FantasyArena-backup-2018.01.05-17.43.38.log
[2018.01.05-18.41.37:533][  0]SourceControl: 	Saved/Logs/FantasyArena-backup-2018.01.05-19.35.24.log
[2018.01.05-18.41.37:533][  0]SourceControl: 	Saved/Logs/FantasyArena-backup-2018.01.05-19.38.02.log
[2018.01.05-18.41.37:533][  0]SourceControl: 	Saved/Logs/FantasyArena_2-backup-2018.01.05-19.40.58.log
[2018.01.05-18.41.37:533][  0]LogContentStreaming: Texture pool size now 1000 MB
[2018.01.05-18.41.37:577][  0]LogSlate: Took 0.000169 seconds to synchronously load lazily loaded font '../../../Engine/Content/Slate/Fonts/Roboto-Light.ttf' (159K)
[2018.01.05-18.41.37:615][  1]LogAssetRegistry: Asset discovery search completed in 32.7235 seconds
[2018.01.05-18.41.37:619][  1]LogCollectionManager: Rebuilt the object cache for 0 collections in 0.000001 seconds (found 0 objects)
[2018.01.05-18.41.37:619][  1]LogCollectionManager: Fixed up redirectors for 0 collections in 0.000090 seconds (updated 0 objects)
[2018.01.05-18.41.42:594][348]LogFileCache: Retrieving MD5 hashes for directory 'C:/Users/Jakub/Documents/GodsOfArena/Content/' took 5.08s
[2018.01.05-18.53.35:656][665]LogWindowsTextInputMethodSystem: Display: IME system now deactivated.
[2018.01.05-18.53.35:851][666]Cmd: QUIT_EDITOR
[2018.01.05-18.53.35:881][666]LogExit: Preparing to exit.
[2018.01.05-18.53.36:776][666]LogDirectoryWatcher: A directory notification for 'C:/Users/Jakub/Documents/GodsOfArena/Content/' was aborted.
[2018.01.05-18.53.36:800][666]LogExit: Editor shut down
[2018.01.05-18.53.36:805][666]LogExit: Transaction tracking system shut down
[2018.01.05-18.53.36:954][666]LogDirectoryWatcher: A directory notification for '../../../Engine/Content/' was aborted.
[2018.01.05-18.53.36:955][666]LogDirectoryWatcher: A directory notification for '../../../../../../Users/Jakub/Documents/GodsOfArena/Content/' was aborted.
[2018.01.05-18.53.36:955][666]LogDirectoryWatcher: A directory notification for '../../../Engine/Plugins/2D/Paper2D/Content/' was aborted.
[2018.01.05-18.53.36:955][666]LogDirectoryWatcher: A directory notification for '../../../Engine/Plugins/Media/MediaCompositing/Content/' was aborted.
[2018.01.05-18.53.36:955][666]LogDirectoryWatcher: A directory notification for '../../../Engine/Plugins/Runtime/AppleARKit/Content/' was aborted.
[2018.01.05-18.53.36:955][666]LogDirectoryWatcher: A directory notification for '../../../Engine/Plugins/Runtime/Oculus/OculusVR/Content/' was aborted.
[2018.01.05-18.53.36:955][666]LogDirectoryWatcher: A directory notification for '../../../Engine/Plugins/Runtime/Steam/SteamVR/Content/' was aborted.
[2018.01.05-18.53.37:018][666]LogExit: Object subsystem successfully closed.
[2018.01.05-18.53.37:033][666]LogD3D11RHI: Shutdown
[2018.01.05-18.53.37:033][666]LogD3D11RHI: CleanupD3DDevice
[2018.01.05-18.53.37:036][666]LogD3D11RHI: ~FD3D11DynamicRHI
[2018.01.05-18.53.37:049][666]LogModuleManager: Shutting down and abandoning module HierarchicalLODOutliner (548)
[2018.01.05-18.53.37:049][666]LogModuleManager: Shutting down and abandoning module SceneOutliner (546)
[2018.01.05-18.53.37:049][666]LogModuleManager: Shutting down and abandoning module AddContentDialog (544)
[2018.01.05-18.53.37:049][666]LogDirectoryWatcher: A directory notification for 'C:/Program Files (x86)/Epic Games/UE_4.18/FeaturePacks/' was aborted.
[2018.01.05-18.53.37:051][666]LogModuleManager: Shutting down and abandoning module WidgetCarousel (543)
[2018.01.05-18.53.37:051][666]LogModuleManager: Shutting down and abandoning module EditorWidgets (540)
[2018.01.05-18.53.37:051][666]LogModuleManager: Shutting down and abandoning module CollectionManager (538)
[2018.01.05-18.53.37:051][666]LogDirectoryWatcher: A directory notification for 'C:/Users/Jakub/Documents/GodsOfArena/Content/Collections/' was aborted.
[2018.01.05-18.53.37:051][666]LogDirectoryWatcher: A directory notification for 'C:/Users/Jakub/Documents/GodsOfArena/Content/Developers/Jakub/Collections/' was aborted.
[2018.01.05-18.53.37:051][666]LogDirectoryWatcher: A directory notification for 'C:/Users/Jakub/Documents/GodsOfArena/Saved/Collections/' was aborted.
[2018.01.05-18.53.37:051][666]LogModuleManager: Shutting down and abandoning module StatsViewer (536)
[2018.01.05-18.53.37:051][666]LogModuleManager: Shutting down and abandoning module FoliageEdit (534)
[2018.01.05-18.53.37:051][666]LogModuleManager: Shutting down and abandoning module LandscapeEditor (532)
[2018.01.05-18.53.37:052][666]LogModuleManager: Shutting down and abandoning module MeshPaintMode (530)
[2018.01.05-18.53.37:052][666]LogModuleManager: Shutting down and abandoning module SceneDepthPickerMode (528)
[2018.01.05-18.53.37:052][666]LogModuleManager: Shutting down and abandoning module ActorPickerMode (526)
[2018.01.05-18.53.37:052][666]LogModuleManager: Shutting down and abandoning module GeometryMode (524)
[2018.01.05-18.53.37:052][666]LogModuleManager: Shutting down and abandoning module TextureAlignMode (522)
[2018.01.05-18.53.37:052][666]LogModuleManager: Shutting down and abandoning module BspMode (520)
[2018.01.05-18.53.37:052][666]LogModuleManager: Shutting down and abandoning module PIEPreviewDeviceProfileSelector (518)
[2018.01.05-18.53.37:052][666]LogModuleManager: Shutting down and abandoning module HardwareSurvey (516)
[2018.01.05-18.53.37:052][666]LogModuleManager: Shutting down and abandoning module SequenceRecorderSections (514)
[2018.01.05-18.53.37:052][666]LogModuleManager: Shutting down and abandoning module AutomationWorker (512)
[2018.01.05-18.53.37:052][666]LogModuleManager: Shutting down and abandoning module MatineeToLevelSequence (510)
[2018.01.05-18.53.37:052][666]LogModuleManager: Shutting down and abandoning module LevelSequenceEditor (508)
[2018.01.05-18.53.37:052][666]LogModuleManager: Shutting down and abandoning module PlacementMode (507)
[2018.01.05-18.53.37:052][666]LogModuleManager: Shutting down and abandoning module WmfMediaFactory (504)
[2018.01.05-18.53.37:052][666]LogModuleManager: Shutting down and abandoning module WmfMediaEditor (502)
[2018.01.05-18.53.37:052][666]LogModuleManager: Shutting down and abandoning module OpenExrWrapper (500)
[2018.01.05-18.53.37:052][666]LogModuleManager: Shutting down and abandoning module ImgMediaFactory (498)
[2018.01.05-18.53.37:052][666]LogModuleManager: Shutting down and abandoning module ImgMediaEditor (496)
[2018.01.05-18.53.37:052][666]LogModuleManager: Shutting down and abandoning module AvfMediaFactory (494)
[2018.01.05-18.53.37:052][666]LogModuleManager: Shutting down and abandoning module AvfMediaEditor (492)
[2018.01.05-18.53.37:052][666]LogModuleManager: Shutting down and abandoning module AndroidMediaFactory (490)
[2018.01.05-18.53.37:052][666]LogModuleManager: Shutting down and abandoning module AndroidMediaEditor (488)
[2018.01.05-18.53.37:052][666]LogModuleManager: Shutting down and abandoning module CharacterAI (486)
[2018.01.05-18.53.37:052][666]LogModuleManager: Shutting down and abandoning module AudioCapture (484)
[2018.01.05-18.53.37:052][666]LogModuleManager: Shutting down and abandoning module SequenceRecorder (483)
[2018.01.05-18.53.37:053][666]LogModuleManager: Shutting down and abandoning module SmartSnapping (480)
[2018.01.05-18.53.37:053][666]LogModuleManager: Shutting down and abandoning module SessionServices (478)
[2018.01.05-18.53.37:053][666]LogModuleManager: Shutting down and abandoning module ViewportSnapping (476)
[2018.01.05-18.53.37:053][666]LogModuleManager: Shutting down and abandoning module ViewportInteraction (474)
[2018.01.05-18.53.37:053][666]LogModuleManager: Shutting down and abandoning module ClothPainter (472)
[2018.01.05-18.53.37:053][666]LogModuleManager: Shutting down and abandoning module SkeletalMeshEditor (471)
[2018.01.05-18.53.37:053][666]LogModuleManager: Shutting down and abandoning module LogVisualizer (468)
[2018.01.05-18.53.37:053][666]LogModuleManager: Shutting down and abandoning module IntroTutorials (466)
[2018.01.05-18.53.37:053][666]LogModuleManager: Shutting down and abandoning module GameProjectGeneration (465)
[2018.01.05-18.53.37:053][666]LogModuleManager: Shutting down and abandoning module IOSPlatformEditor (462)
[2018.01.05-18.53.37:053][666]LogModuleManager: Shutting down and abandoning module HTML5PlatformEditor (460)
[2018.01.05-18.53.37:053][666]LogModuleManager: Shutting down and abandoning module AndroidPlatformEditor (458)
[2018.01.05-18.53.37:053][666]LogModuleManager: Shutting down and abandoning module AndroidDeviceDetection (457)
[2018.01.05-18.53.37:933][666]LogModuleManager: Shutting down and abandoning module WindowsPlatformEditor (454)
[2018.01.05-18.53.37:933][666]LogModuleManager: Shutting down and abandoning module IOSRuntimeSettings (452)
[2018.01.05-18.53.37:933][666]LogModuleManager: Shutting down and abandoning module AndroidRuntimeSettings (450)
[2018.01.05-18.53.37:933][666]LogModuleManager: Shutting down and abandoning module InputBindingEditor (448)
[2018.01.05-18.53.37:933][666]LogModuleManager: Shutting down and abandoning module MergeActors (446)
[2018.01.05-18.53.37:933][666]LogModuleManager: Shutting down and abandoning module SizeMap (444)
[2018.01.05-18.53.37:934][666]LogModuleManager: Shutting down and abandoning module TreeMap (442)
[2018.01.05-18.53.37:934][666]LogModuleManager: Shutting down and abandoning module ReferenceViewer (440)
[2018.01.05-18.53.37:934][666]LogModuleManager: Shutting down and abandoning module LocalizationDashboard (438)
[2018.01.05-18.53.37:934][666]LogModuleManager: Shutting down and abandoning module LocalizationService (437)
[2018.01.05-18.53.37:934][666]LogModuleManager: Shutting down and abandoning module HardwareTargeting (434)
[2018.01.05-18.53.37:934][666]LogModuleManager: Shutting down and abandoning module DeviceProfileEditor (432)
[2018.01.05-18.53.37:934][666]LogModuleManager: Shutting down and abandoning module UndoHistory (430)
[2018.01.05-18.53.37:934][666]LogModuleManager: Shutting down and abandoning module XmlParser (428)
[2018.01.05-18.53.37:934][666]LogModuleManager: Shutting down and abandoning module Blutility (426)
[2018.01.05-18.53.37:934][666]LogModuleManager: Shutting down and abandoning module ProjectSettingsViewer (424)
[2018.01.05-18.53.37:934][666]LogModuleManager: Shutting down and abandoning module ProjectTargetPlatformEditor (423)
[2018.01.05-18.53.37:934][666]LogModuleManager: Shutting down and abandoning module EditorSettingsViewer (420)
[2018.01.05-18.53.37:934][666]LogModuleManager: Shutting down and abandoning module SettingsEditor (418)
[2018.01.05-18.53.37:934][666]LogModuleManager: Shutting down and abandoning module ProjectLauncher (416)
[2018.01.05-18.53.37:934][666]LogModuleManager: Shutting down and abandoning module SessionFrontend (414)
[2018.01.05-18.53.37:934][666]LogModuleManager: Shutting down and abandoning module ProfilerClient (412)
[2018.01.05-18.53.37:934][666]LogModuleManager: Shutting down and abandoning module DeviceManager (410)
[2018.01.05-18.53.37:934][666]LogModuleManager: Shutting down and abandoning module TargetDeviceServices (409)
[2018.01.05-18.53.37:977][666]LogModuleManager: Shutting down and abandoning module AutomationController (406)
[2018.01.05-18.53.37:977][666]LogModuleManager: Shutting down and abandoning module AutomationWindow (404)
[2018.01.05-18.53.37:977][666]LogModuleManager: Shutting down and abandoning module Layers (402)
[2018.01.05-18.53.37:977][666]LogModuleManager: Shutting down and abandoning module ComponentVisualizers (400)
[2018.01.05-18.53.37:977][666]LogModuleManager: Shutting down and abandoning module DetailCustomizations (398)
[2018.01.05-18.53.37:977][666]LogModuleManager: Shutting down and abandoning module PackagesDialog (396)
[2018.01.05-18.53.37:977][666]LogModuleManager: Shutting down and abandoning module Persona (394)
[2018.01.05-18.53.37:977][666]LogModuleManager: Shutting down and abandoning module AdvancedPreviewScene (393)
[2018.01.05-18.53.37:977][666]LogModuleManager: Shutting down and abandoning module AnimGraph (391)
[2018.01.05-18.53.37:977][666]LogModuleManager: Shutting down and abandoning module Kismet (388)
[2018.01.05-18.53.37:979][666]LogModuleManager: Shutting down and abandoning module ClassViewer (386)
[2018.01.05-18.53.37:979][666]LogModuleManager: Shutting down and abandoning module Toolbox (384)
[2018.01.05-18.53.37:979][666]LogModuleManager: Shutting down and abandoning module ModuleUI (382)
[2018.01.05-18.53.37:979][666]LogModuleManager: Shutting down and abandoning module MovieSceneTools (380)
[2018.01.05-18.53.37:979][666]LogModuleManager: Shutting down and abandoning module OutputLog (378)
[2018.01.05-18.53.37:979][666]LogModuleManager: Shutting down and abandoning module GammaUI (376)
[2018.01.05-18.53.37:979][666]LogModuleManager: Shutting down and abandoning module Documentation (374)
[2018.01.05-18.53.37:979][666]LogModuleManager: Shutting down and abandoning module MovieSceneTracks (372)
[2018.01.05-18.53.37:979][666]LogModuleManager: Shutting down and abandoning module MovieScene (370)
[2018.01.05-18.53.37:979][666]LogModuleManager: Shutting down and abandoning module StreamingPauseRendering (368)
[2018.01.05-18.53.37:979][666]LogModuleManager: Shutting down and abandoning module LauncherPlatform (366)
[2018.01.05-18.53.37:979][666]LogModuleManager: Shutting down and abandoning module AnalyticsET (364)
[2018.01.05-18.53.37:979][666]LogModuleManager: Shutting down and abandoning module PortalServices (362)
[2018.01.05-18.53.37:979][666]LogModuleManager: Shutting down and abandoning module PortalRpc (360)
[2018.01.05-18.53.37:979][666]LogModuleManager: Shutting down and abandoning module MessagingRpc (358)
[2018.01.05-18.53.37:979][666]LogModuleManager: Shutting down and abandoning module AIModule (356)
[2018.01.05-18.53.37:979][666]LogModuleManager: Shutting down and abandoning module GameplayDebugger (355)
[2018.01.05-18.53.37:979][666]LogModuleManager: Shutting down and abandoning module AITestSuite (353)
[2018.01.05-18.53.37:979][666]LogModuleManager: Shutting down and abandoning module DesktopPlatform (350)
[2018.01.05-18.53.37:980][666]LogModuleManager: Shutting down and abandoning module ProfilerService (348)
[2018.01.05-18.53.38:091][666]LogModuleManager: Shutting down and abandoning module TaskGraph (346)
[2018.01.05-18.53.38:091][666]LogModuleManager: Shutting down and abandoning module SteamVRController (344)
[2018.01.05-18.53.38:091][666]LogModuleManager: Shutting down and abandoning module ProceduralMeshComponentEditor (342)
[2018.01.05-18.53.38:091][666]LogModuleManager: Shutting down and abandoning module ProceduralMeshComponent (340)
[2018.01.05-18.53.38:091][666]LogModuleManager: Shutting down and abandoning module OculusInput (338)
[2018.01.05-18.53.38:091][666]LogModuleManager: Shutting down and abandoning module MobilePatchingUtils (336)
[2018.01.05-18.53.38:091][666]LogModuleManager: Shutting down and abandoning module CustomMeshComponent (334)
[2018.01.05-18.53.38:091][666]LogModuleManager: Shutting down and abandoning module CableComponent (332)
[2018.01.05-18.53.38:091][666]LogModuleManager: Shutting down and abandoning module ArchVisCharacter (330)
[2018.01.05-18.53.38:091][666]LogModuleManager: Shutting down and abandoning module AndroidPermission (328)
[2018.01.05-18.53.38:091][666]LogModuleManager: Shutting down and abandoning module ActorSequence (324)
[2018.01.05-18.53.38:091][666]LogModuleManager: Shutting down and abandoning module MediaPlayerEditor (322)
[2018.01.05-18.53.38:091][666]LogModuleManager: Shutting down and abandoning module MediaCompositingEditor (320)
[2018.01.05-18.53.38:091][666]LogModuleManager: Shutting down and abandoning module MediaCompositing (318)
[2018.01.05-18.53.38:091][666]LogModuleManager: Shutting down and abandoning module HTML5Networking (316)
[2018.01.05-18.53.38:091][666]LogModuleManager: Shutting down and abandoning module AlembicImporter (314)
[2018.01.05-18.53.38:091][666]LogModuleManager: Shutting down and abandoning module AlembicLibrary (313)
[2018.01.05-18.53.38:091][666]LogModuleManager: Shutting down and abandoning module GeometryCache (312)
[2018.01.05-18.53.38:091][666]LogModuleManager: Shutting down and abandoning module GeometryCacheEd (311)
[2018.01.05-18.53.38:091][666]LogModuleManager: Shutting down and abandoning module SpeedTreeImporter (306)
[2018.01.05-18.53.38:091][666]LogModuleManager: Shutting down and abandoning module PluginBrowser (304)
[2018.01.05-18.53.38:091][666]LogModuleManager: Shutting down and abandoning module MobileLauncherProfileWizard (302)
[2018.01.05-18.53.38:091][666]LogModuleManager: Shutting down and abandoning module VisualStudioSourceCodeAccess (300)
[2018.01.05-18.53.38:092][666]LogModuleManager: Shutting down and abandoning module VisualStudioCodeSourceCodeAccess (298)
[2018.01.05-18.53.38:092][666]LogModuleManager: Shutting down and abandoning module UObjectPlugin (296)
[2018.01.05-18.53.38:092][666]LogModuleManager: Shutting down and abandoning module SubversionSourceControl (294)
[2018.01.05-18.53.38:092][666]LogModuleManager: Shutting down and abandoning module PerforceSourceControl (292)
[2018.01.05-18.53.38:092][666]LogModuleManager: Shutting down and abandoning module GitSourceControl (290)
[2018.01.05-18.53.38:092][666]LogModuleManager: Shutting down and abandoning module SourceControl (289)
[2018.01.05-18.53.38:092][666]LogModuleManager: Shutting down and abandoning module LightPropagationVolumeEditor (286)
[2018.01.05-18.53.38:092][666]LogModuleManager: Shutting down and abandoning module PaperTiledImporter (284)
[2018.01.05-18.53.38:092][666]LogModuleManager: Shutting down and abandoning module PaperSpriteSheetImporter (282)
[2018.01.05-18.53.38:092][666]LogModuleManager: Shutting down and abandoning module Paper2DEditor (280)
[2018.01.05-18.53.38:092][666]LogModuleManager: Shutting down and abandoning module MeshPaint (279)
[2018.01.05-18.53.38:092][666]LogModuleManager: Shutting down and abandoning module LevelEditor (277)
[2018.01.05-18.53.38:093][666]LogModuleManager: Shutting down and abandoning module PixelInspectorModule (276)
[2018.01.05-18.53.38:093][666]LogModuleManager: Shutting down and abandoning module MainFrame (274)
[2018.01.05-18.53.38:093][666]LogModuleManager: Shutting down and abandoning module HotReload (273)
[2018.01.05-18.53.38:093][666]LogModuleManager: Shutting down and abandoning module RuntimePhysXCooking (268)
[2018.01.05-18.53.38:093][666]LogModuleManager: Shutting down and abandoning module PhysXVehiclesEditor (266)
[2018.01.05-18.53.38:093][666]LogModuleManager: Shutting down and abandoning module PhysXVehicles (264)
[2018.01.05-18.53.38:093][666]LogModuleManager: Shutting down and abandoning module OculusEditor (262)
[2018.01.05-18.53.38:093][666]LogModuleManager: Shutting down and abandoning module LocationServicesBPLibrary (260)
[2018.01.05-18.53.38:093][666]LogModuleManager: Shutting down and abandoning module ImmediatePhysicsEditor (258)
[2018.01.05-18.53.38:093][666]LogModuleManager: Shutting down and abandoning module ImmediatePhysics (256)
[2018.01.05-18.53.38:093][666]LogModuleManager: Shutting down and abandoning module UdpMessaging (254)
[2018.01.05-18.53.38:194][666]LogModuleManager: Shutting down and abandoning module TcpMessaging (252)
[2018.01.05-18.53.38:295][666]LogModuleManager: Shutting down and abandoning module GameplayTagsEditor (250)
[2018.01.05-18.53.38:295][666]LogModuleManager: Shutting down and abandoning module FacialAnimationEditor (248)
[2018.01.05-18.53.38:295][666]LogModuleManager: Shutting down and abandoning module FacialAnimation (246)
[2018.01.05-18.53.38:295][666]LogModuleManager: Shutting down and abandoning module AssetManagerEditor (244)
[2018.01.05-18.53.38:295][666]LogModuleManager: Shutting down and abandoning module GraphEditor (243)
[2018.01.05-18.53.38:295][666]LogModuleManager: Shutting down and abandoning module ContentBrowser (241)
[2018.01.05-18.53.38:296][666]LogModuleManager: Shutting down and abandoning module LightPropagationVolumeRuntime (238)
[2018.01.05-18.53.38:296][666]LogModuleManager: Shutting down and abandoning module Paper2D (236)
[2018.01.05-18.53.38:296][666]LogModuleManager: Shutting down and abandoning module WindowsMoviePlayer (234)
[2018.01.05-18.53.38:296][666]LogModuleManager: Shutting down and abandoning module WmfMedia (232)
[2018.01.05-18.53.38:296][666]LogModuleManager: Shutting down and abandoning module ImgMedia (230)
[2018.01.05-18.53.38:296][666]LogModuleManager: Shutting down and abandoning module PacketHandler (228)
[2018.01.05-18.53.38:296][666]LogModuleManager: Shutting down and abandoning module ClothingSystemEditor (226)
[2018.01.05-18.53.38:296][666]LogModuleManager: Shutting down and abandoning module ClothingSystemRuntime (224)
[2018.01.05-18.53.38:296][666]LogModuleManager: Shutting down and abandoning module MediaAssets (222)
[2018.01.05-18.53.38:296][666]LogModuleManager: Shutting down and abandoning module Media (221)
[2018.01.05-18.53.38:302][666]LogModuleManager: Shutting down and abandoning module Overlay (218)
[2018.01.05-18.53.38:302][666]LogModuleManager: Shutting down and abandoning module OverlayEditor (217)
[2018.01.05-18.53.38:302][666]LogModuleManager: Shutting down and abandoning module VREditor (214)
[2018.01.05-18.53.38:302][666]LogModuleManager: Shutting down and abandoning module StringTableEditor (212)
[2018.01.05-18.53.38:302][666]LogModuleManager: Shutting down and abandoning module GameplayTasksEditor (210)
[2018.01.05-18.53.38:302][666]LogModuleManager: Shutting down and abandoning module BehaviorTreeEditor (208)
[2018.01.05-18.53.38:302][666]LogModuleManager: Shutting down and abandoning module FunctionalTesting (206)
[2018.01.05-18.53.38:302][666]LogModuleManager: Shutting down and abandoning module CollisionAnalyzer (204)
[2018.01.05-18.53.38:302][666]LogModuleManager: Shutting down and abandoning module WorkspaceMenuStructure (203)
[2018.01.05-18.53.38:302][666]LogModuleManager: Shutting down and abandoning module UMG (200)
[2018.01.05-18.53.38:302][666]LogModuleManager: Shutting down and abandoning module UMGEditor (199)
[2018.01.05-18.53.38:302][666]LogModuleManager: Shutting down and abandoning module Sequencer (198)
[2018.01.05-18.53.38:302][666]LogModuleManager: Shutting down and abandoning module MessageLog (195)
[2018.01.05-18.53.38:302][666]LogModuleManager: Shutting down and abandoning module SlateReflector (190)
[2018.01.05-18.53.38:302][666]LogModuleManager: Shutting down and abandoning module Slate (188)
[2018.01.05-18.53.38:302][666]LogModuleManager: Shutting down and abandoning module EditorStyle (186)
[2018.01.05-18.53.38:304][666]LogModuleManager: Shutting down and abandoning module MRMesh (184)
[2018.01.05-18.53.38:304][666]LogModuleManager: Shutting down and abandoning module SourceCodeAccess (182)
[2018.01.05-18.53.38:304][666]LogModuleManager: Shutting down and abandoning module HeadMountedDisplay (180)
[2018.01.05-18.53.38:304][666]LogModuleManager: Shutting down and abandoning module XAudio2 (178)
[2018.01.05-18.53.38:304][666]LogModuleManager: Shutting down and abandoning module Networking (176)
[2018.01.05-18.53.38:305][666]LogModuleManager: Shutting down and abandoning module Core (172)
[2018.01.05-18.53.38:305][666]LogModuleManager: Shutting down and abandoning module LevelSequence (168)
[2018.01.05-18.53.38:305][666]LogModuleManager: Shutting down and abandoning module DirectoryWatcher (166)
[2018.01.05-18.53.38:305][666]LogModuleManager: Shutting down and abandoning module KismetCompiler (164)
[2018.01.05-18.53.38:305][666]LogModuleManager: Shutting down and abandoning module MeshUtilities (162)
[2018.01.05-18.53.38:305][666]LogModuleManager: Shutting down and abandoning module MeshMergeUtilities (161)
[2018.01.05-18.53.38:305][666]LogModuleManager: Shutting down and abandoning module MeshReductionInterface (160)
[2018.01.05-18.53.38:305][666]LogModuleManager: Shutting down and abandoning module SimplygonSwarm (159)
[2018.01.05-18.53.38:305][666]LogModuleManager: Shutting down and abandoning module SimplygonMeshReduction (157)
[2018.01.05-18.53.38:305][666]LogModuleManager: Shutting down and abandoning module QuadricMeshReduction (155)
[2018.01.05-18.53.38:305][666]LogModuleManager: Shutting down and abandoning module MaterialBaking (151)
[2018.01.05-18.53.38:306][666]LogModuleManager: Shutting down and abandoning module DerivedDataCache (148)
[2018.01.05-18.53.38:318][666]LogDerivedDataCache: Shutdown
[2018.01.05-18.53.38:318][666]LogModuleManager: Shutting down and abandoning module TargetPlatform (146)
[2018.01.05-18.53.38:318][666]LogModuleManager: Shutting down and abandoning module VulkanShaderFormat (145)
[2018.01.05-18.53.38:318][666]LogModuleManager: Shutting down and abandoning module ShaderFormatVectorVM (143)
[2018.01.05-18.53.38:318][666]LogModuleManager: Shutting down and abandoning module ShaderFormatOpenGL (141)
[2018.01.05-18.53.38:318][666]LogModuleManager: Shutting down and abandoning module ShaderFormatD3D (139)
[2018.01.05-18.53.38:318][666]LogModuleManager: Shutting down and abandoning module MetalShaderFormat (137)
[2018.01.05-18.53.38:318][666]LogModuleManager: Shutting down and abandoning module TextureFormatUncompressed (135)
[2018.01.05-18.53.38:318][666]LogModuleManager: Shutting down and abandoning module TextureFormatPVR (133)
[2018.01.05-18.53.38:318][666]LogModuleManager: Shutting down and abandoning module TextureFormatDXT (131)
[2018.01.05-18.53.38:318][666]LogModuleManager: Shutting down and abandoning module TextureFormatIntelISPCTexComp (129)
[2018.01.05-18.53.38:318][666]LogModuleManager: Shutting down and abandoning module TextureFormatASTC (127)
[2018.01.05-18.53.38:318][666]LogModuleManager: Shutting down and abandoning module ImageWrapper (126)
[2018.01.05-18.53.38:318][666]LogModuleManager: Shutting down and abandoning module TextureFormatAndroid (123)
[2018.01.05-18.53.38:318][666]LogModuleManager: Shutting down and abandoning module AudioFormatOpus (121)
[2018.01.05-18.53.38:318][666]LogModuleManager: Shutting down and abandoning module AudioFormatOgg (119)
[2018.01.05-18.53.38:318][666]LogModuleManager: Shutting down and abandoning module AudioFormatADPCM (117)
[2018.01.05-18.53.38:318][666]LogModuleManager: Shutting down and abandoning module LinuxTargetPlatform (115)
[2018.01.05-18.53.38:318][666]LogModuleManager: Shutting down and abandoning module LinuxServerTargetPlatform (113)
[2018.01.05-18.53.38:318][666]LogModuleManager: Shutting down and abandoning module LinuxNoEditorTargetPlatform (111)
[2018.01.05-18.53.38:318][666]LogModuleManager: Shutting down and abandoning module LinuxClientTargetPlatform (109)
[2018.01.05-18.53.38:318][666]LogModuleManager: Shutting down and abandoning module TVOSTargetPlatform (107)
[2018.01.05-18.53.38:318][666]LogModuleManager: Shutting down and abandoning module Messaging (105)
[2018.01.05-18.53.38:318][666]LogModuleManager: Shutting down and abandoning module IOSTargetPlatform (103)
[2018.01.05-18.53.38:318][666]LogModuleManager: Shutting down and abandoning module HTML5TargetPlatform (101)
[2018.01.05-18.53.38:319][666]LogModuleManager: Shutting down and abandoning module AndroidTargetPlatform (99)
[2018.01.05-18.53.38:319][666]LogModuleManager: Shutting down and abandoning module Android_PVRTCTargetPlatform (97)
[2018.01.05-18.53.38:319][666]LogModuleManager: Shutting down and abandoning module Android_MultiTargetPlatform (95)
[2018.01.05-18.53.38:319][666]LogModuleManager: Shutting down and abandoning module Android_ETC2TargetPlatform (93)
[2018.01.05-18.53.38:319][666]LogModuleManager: Shutting down and abandoning module Android_ETC1TargetPlatform (91)
[2018.01.05-18.53.38:319][666]LogModuleManager: Shutting down and abandoning module Android_DXTTargetPlatform (89)
[2018.01.05-18.53.38:319][666]LogModuleManager: Shutting down and abandoning module Android_ATCTargetPlatform (87)
[2018.01.05-18.53.38:319][666]LogModuleManager: Shutting down and abandoning module Android_ASTCTargetPlatform (85)
[2018.01.05-18.53.38:319][666]LogModuleManager: Shutting down and abandoning module WindowsTargetPlatform (83)
[2018.01.05-18.53.38:319][666]LogModuleManager: Shutting down and abandoning module WindowsServerTargetPlatform (81)
[2018.01.05-18.53.38:319][666]LogModuleManager: Shutting down and abandoning module WindowsNoEditorTargetPlatform (79)
[2018.01.05-18.53.38:319][666]LogModuleManager: Shutting down and abandoning module WindowsClientTargetPlatform (77)
[2018.01.05-18.53.38:319][666]LogModuleManager: Shutting down and abandoning module MacTargetPlatform (75)
[2018.01.05-18.53.38:319][666]LogModuleManager: Shutting down and abandoning module MacServerTargetPlatform (73)
[2018.01.05-18.53.38:319][666]LogModuleManager: Shutting down and abandoning module MacNoEditorTargetPlatform (71)
[2018.01.05-18.53.38:319][666]LogModuleManager: Shutting down and abandoning module MacClientTargetPlatform (69)
[2018.01.05-18.53.38:319][666]LogModuleManager: Shutting down and abandoning module AllDesktopTargetPlatform (67)
[2018.01.05-18.53.38:319][666]LogModuleManager: Shutting down and abandoning module InputCore (64)
[2018.01.05-18.53.38:319][666]LogModuleManager: Shutting down and abandoning module Settings (62)
[2018.01.05-18.53.38:319][666]LogModuleManager: Shutting down and abandoning module PhysXCooking (60)
[2018.01.05-18.53.38:319][666]LogModuleManager: Shutting down and abandoning module SteamVR (58)
[2018.01.05-18.53.38:319][666]LogModuleManager: Shutting down and abandoning module OculusHMD (56)
[2018.01.05-18.53.38:319][666]LogModuleManager: Shutting down and abandoning module ExampleDeviceProfileSelector (54)
[2018.01.05-18.53.38:319][666]LogModuleManager: Shutting down and abandoning module AppleARKit (52)
[2018.01.05-18.53.38:319][666]LogModuleManager: Shutting down and abandoning module AugmentedReality (51)
[2018.01.05-18.53.38:319][666]LogModuleManager: Shutting down and abandoning module OnlineBlueprintSupport (48)
[2018.01.05-18.53.38:319][666]LogModuleManager: Shutting down and abandoning module OnlineSubsystem (44)
[2018.01.05-18.53.38:319][666]LogModuleManager: Shutting down and abandoning module XMPP (43)
[2018.01.05-18.53.38:319][666]LogModuleManager: Shutting down and abandoning module HTTP (41)
[2018.01.05-18.53.38:319][666]LogHttp: Display: Http module shutting down, but needs to wait on 1 outstanding Http requests:
[2018.01.05-18.53.38:319][666]LogHttp: Display: 	verb=[POST] url=[https://datarouter.ol.epicgames.com/datarouter/api/v1/public/data?SessionID=%7B09259FE0-4FBF-6AA1-12C5-8CA4DF9D7A19%7D&AppID=UEEditor.Rocket.Release&AppVersion=4.18.2-3794801%2B%2B%2BUE4%2BRelease-4.18&UserID=0f819dde4a3301700e3c92be97adbf7c%7C7fb0b03c6dec40ebb9abf228ffb5ef91%7C16f2fa0e-04fd-479c-a6bc-11ed19de6989&AppEnvironment=datacollector-binary&UploadType=eteventstream] status=Processing
[2018.01.05-18.53.38:349][666]LogModuleManager: Shutting down and abandoning module SSL (40)
[2018.01.05-18.53.38:350][666]LogModuleManager: Shutting down and abandoning module AnimationModifiers (36)
[2018.01.05-18.53.38:350][666]LogModuleManager: Shutting down and abandoning module PropertyEditor (35)
[2018.01.05-18.53.38:351][666]LogModuleManager: Shutting down and abandoning module AudioEditor (32)
[2018.01.05-18.53.38:351][666]LogModuleManager: Shutting down and abandoning module TextureCompressor (30)
[2018.01.05-18.53.38:351][666]LogModuleManager: Shutting down and abandoning module ShaderCore (28)
[2018.01.05-18.53.38:351][666]LogModuleManager: Shutting down and abandoning module Landscape (26)
[2018.01.05-18.53.38:351][666]LogModuleManager: Shutting down and abandoning module SlateRHIRenderer (24)
[2018.01.05-18.53.38:351][666]LogModuleManager: Shutting down and abandoning module OpenGLDrv (22)
[2018.01.05-18.53.38:351][666]LogModuleManager: Shutting down and abandoning module D3D11RHI (20)
[2018.01.05-18.53.38:351][666]LogModuleManager: Shutting down and abandoning module AnimGraphRuntime (18)
[2018.01.05-18.53.38:351][666]LogModuleManager: Shutting down and abandoning module Renderer (16)
[2018.01.05-18.53.38:351][666]LogModuleManager: Shutting down and abandoning module Engine (14)
[2018.01.05-18.53.38:351][666]LogModuleManager: Shutting down and abandoning module CoreUObject (12)
[2018.01.05-18.53.38:351][666]LogModuleManager: Shutting down and abandoning module NetworkFile (10)
[2018.01.05-18.53.38:351][666]LogModuleManager: Shutting down and abandoning module CookedIterativeFile (8)
[2018.01.05-18.53.38:351][666]LogModuleManager: Shutting down and abandoning module StreamingFile (6)
[2018.01.05-18.53.38:351][666]LogModuleManager: Shutting down and abandoning module SandboxFile (4)
[2018.01.05-18.53.38:351][666]LogModuleManager: Shutting down and abandoning module PakFile (2)
[2018.01.05-18.53.38:353][666]LogExit: Exiting.
[2018.01.05-18.53.38:374][666]Log file closed, 01/05/18 19:53:38
