Log file open, 01/07/18 21:38:56
LogWindows: Failed to load 'aqProf.dll' (GetLastError=126)
LogWindows: File 'aqProf.dll' does not exist
LogWindows: Failed to load 'VtuneApi.dll' (GetLastError=126)
LogWindows: File 'VtuneApi.dll' does not exist
LogWindows: Failed to load 'VtuneApi32e.dll' (GetLastError=126)
LogWindows: File 'VtuneApi32e.dll' does not exist
LogInit: Display: Running engine for game: FantasyArena
LogPlatformFile: Not using cached read wrapper
LogInit: Display: RandInit(268862039) SRandInit(268862039).
LogInit: Read version file with build ID '3709383'
LogInit: Overriding engine version to CL 3794801, compatible CL 3709383
LogInit: Registered custom module enumerator with build ID '3709383'
LogInit: Warning: Passing commandline switches using / instead of - has been deprecated and will be removed in future versions of Unreal Engine.
LogTaskGraph: Started task graph with 5 named threads and 8 total threads with 3 sets of task threads.
LogStats: Stats thread started at 0.148555
LogD3D11RHI: Aftermath initialized
LogInit: Warning: Passing commandline switches using / instead of - has been deprecated and will be removed in future versions of Unreal Engine.
LogModuleManager: Display: Found up-to-date module file ../../../Engine/Plugins/2D/Paper2D/Binaries/Win64/UE4Editor-Paper2D.dll (API version 3709383).
LogModuleManager: Display: Found up-to-date module file ../../../Engine/Plugins/2D/Paper2D/Binaries/Win64/UE4Editor-Paper2DEditor.dll (API version 3709383).
LogModuleManager: Display: Found up-to-date module file ../../../Engine/Plugins/2D/Paper2D/Binaries/Win64/UE4Editor-PaperSpriteSheetImporter.dll (API version 3709383).
LogModuleManager: Display: Found up-to-date module file ../../../Engine/Plugins/2D/Paper2D/Binaries/Win64/UE4Editor-PaperTiledImporter.dll (API version 3709383).
LogModuleManager: Display: Found up-to-date module file ../../../Engine/Plugins/2D/Paper2D/Binaries/Win64/UE4Editor-SmartSnapping.dll (API version 3709383).
LogModuleManager: Display: Found up-to-date module file ../../../Engine/Plugins/Blendables/LightPropagationVolume/Binaries/Win64/UE4Editor-LightPropagationVolumeRuntime.dll (API version 3709383).
LogModuleManager: Display: Found up-to-date module file ../../../Engine/Plugins/Blendables/LightPropagationVolume/Binaries/Win64/UE4Editor-LightPropagationVolumeEditor.dll (API version 3709383).
LogModuleManager: Display: Found up-to-date module file ../../../Engine/Plugins/Developer/GitSourceControl/Binaries/Win64/UE4Editor-GitSourceControl.dll (API version 3709383).
LogModuleManager: Display: Found up-to-date module file ../../../Engine/Plugins/Developer/PerforceSourceControl/Binaries/Win64/UE4Editor-PerforceSourceControl.dll (API version 3709383).
LogModuleManager: Display: Found up-to-date module file ../../../Engine/Plugins/Developer/SubversionSourceControl/Binaries/Win64/UE4Editor-SubversionSourceControl.dll (API version 3709383).
LogModuleManager: Display: Found up-to-date module file ../../../Engine/Plugins/Developer/UObjectPlugin/Binaries/Win64/UE4Editor-UObjectPlugin.dll (API version 3709383).
LogModuleManager: Display: Found up-to-date module file ../../../Engine/Plugins/Developer/VisualStudioCodeSourceCodeAccess/Binaries/Win64/UE4Editor-VisualStudioCodeSourceCodeAccess.dll (API version 3709383).
LogModuleManager: Display: Found up-to-date module file ../../../Engine/Plugins/Developer/VisualStudioSourceCodeAccess/Binaries/Win64/UE4Editor-VisualStudioSourceCodeAccess.dll (API version 3709383).
LogModuleManager: Display: Found up-to-date module file ../../../Engine/Plugins/Editor/AssetManagerEditor/Binaries/Win64/UE4Editor-AssetManagerEditor.dll (API version 3709383).
LogModuleManager: Display: Found up-to-date module file ../../../Engine/Plugins/Editor/AudioCapture/Binaries/Win64/UE4Editor-AudioCapture.dll (API version 3709383).
LogModuleManager: Display: Found up-to-date module file ../../../Engine/Plugins/Editor/FacialAnimation/Binaries/Win64/UE4Editor-FacialAnimation.dll (API version 3709383).
LogModuleManager: Display: Found up-to-date module file ../../../Engine/Plugins/Editor/FacialAnimation/Binaries/Win64/UE4Editor-FacialAnimationEditor.dll (API version 3709383).
LogModuleManager: Display: Found up-to-date module file ../../../Engine/Plugins/Editor/GameplayTagsEditor/Binaries/Win64/UE4Editor-GameplayTagsEditor.dll (API version 3709383).
LogModuleManager: Display: Found up-to-date module file ../../../Engine/Plugins/Editor/MobileLauncherProfileWizard/Binaries/Win64/UE4Editor-MobileLauncherProfileWizard.dll (API version 3709383).
LogModuleManager: Display: Found up-to-date module file ../../../Engine/Plugins/Editor/PluginBrowser/Binaries/Win64/UE4Editor-PluginBrowser.dll (API version 3709383).
LogModuleManager: Display: Found up-to-date module file ../../../Engine/Plugins/Editor/SpeedTreeImporter/Binaries/Win64/UE4Editor-SpeedTreeImporter.dll (API version 3709383).
LogModuleManager: Display: Found up-to-date module file ../../../Engine/Plugins/Experimental/AlembicImporter/Binaries/Win64/UE4Editor-AlembicImporter.dll (API version 3709383).
LogModuleManager: Display: Found up-to-date module file ../../../Engine/Plugins/Experimental/AlembicImporter/Binaries/Win64/UE4Editor-AlembicLibrary.dll (API version 3709383).
LogModuleManager: Display: Found up-to-date module file ../../../Engine/Plugins/Experimental/CharacterAI/Binaries/Win64/UE4Editor-CharacterAI.dll (API version 3709383).
LogModuleManager: Display: Found up-to-date module file ../../../Engine/Plugins/Experimental/HTML5Networking/Binaries/Win64/UE4Editor-HTML5Networking.dll (API version 3709383).
LogModuleManager: Display: Found up-to-date module file ../../../Engine/Plugins/Media/AndroidMedia/Binaries/Win64/UE4Editor-AndroidMediaEditor.dll (API version 3709383).
LogModuleManager: Display: Found up-to-date module file ../../../Engine/Plugins/Media/AndroidMedia/Binaries/Win64/UE4Editor-AndroidMediaFactory.dll (API version 3709383).
LogModuleManager: Display: Found up-to-date module file ../../../Engine/Plugins/Media/AvfMedia/Binaries/Win64/UE4Editor-AvfMediaEditor.dll (API version 3709383).
LogModuleManager: Display: Found up-to-date module file ../../../Engine/Plugins/Media/AvfMedia/Binaries/Win64/UE4Editor-AvfMediaFactory.dll (API version 3709383).
LogModuleManager: Display: Found up-to-date module file ../../../Engine/Plugins/Media/AvfMedia/Binaries/Win64/UE4Editor-AvfMediaFactory.dll (API version 3709383).
LogModuleManager: Display: Found up-to-date module file ../../../Engine/Plugins/Media/ImgMedia/Binaries/Win64/UE4Editor-ImgMedia.dll (API version 3709383).
LogModuleManager: Display: Found up-to-date module file ../../../Engine/Plugins/Media/ImgMedia/Binaries/Win64/UE4Editor-ImgMediaEditor.dll (API version 3709383).
LogModuleManager: Display: Found up-to-date module file ../../../Engine/Plugins/Media/ImgMedia/Binaries/Win64/UE4Editor-ImgMediaFactory.dll (API version 3709383).
LogModuleManager: Display: Found up-to-date module file ../../../Engine/Plugins/Media/ImgMedia/Binaries/Win64/UE4Editor-ImgMediaFactory.dll (API version 3709383).
LogModuleManager: Display: Found up-to-date module file ../../../Engine/Plugins/Media/ImgMedia/Binaries/Win64/UE4Editor-OpenExrWrapper.dll (API version 3709383).
LogModuleManager: Display: Found up-to-date module file ../../../Engine/Plugins/Media/MediaCompositing/Binaries/Win64/UE4Editor-MediaCompositing.dll (API version 3709383).
LogModuleManager: Display: Found up-to-date module file ../../../Engine/Plugins/Media/MediaCompositing/Binaries/Win64/UE4Editor-MediaCompositingEditor.dll (API version 3709383).
LogModuleManager: Display: Found up-to-date module file ../../../Engine/Plugins/Media/MediaPlayerEditor/Binaries/Win64/UE4Editor-MediaPlayerEditor.dll (API version 3709383).
LogModuleManager: Display: Found up-to-date module file ../../../Engine/Plugins/Media/WmfMedia/Binaries/Win64/UE4Editor-WmfMedia.dll (API version 3709383).
LogModuleManager: Display: Found up-to-date module file ../../../Engine/Plugins/Media/WmfMedia/Binaries/Win64/UE4Editor-WmfMediaEditor.dll (API version 3709383).
LogModuleManager: Display: Found up-to-date module file ../../../Engine/Plugins/Media/WmfMedia/Binaries/Win64/UE4Editor-WmfMediaFactory.dll (API version 3709383).
LogModuleManager: Display: Found up-to-date module file ../../../Engine/Plugins/Media/WmfMedia/Binaries/Win64/UE4Editor-WmfMediaFactory.dll (API version 3709383).
LogModuleManager: Display: Found up-to-date module file ../../../Engine/Plugins/Messaging/TcpMessaging/Binaries/Win64/UE4Editor-TcpMessaging.dll (API version 3709383).
LogModuleManager: Display: Found up-to-date module file ../../../Engine/Plugins/Messaging/UdpMessaging/Binaries/Win64/UE4Editor-UdpMessaging.dll (API version 3709383).
LogModuleManager: Display: Found up-to-date module file ../../../Engine/Plugins/MovieScene/ActorSequence/Binaries/Win64/UE4Editor-ActorSequence.dll (API version 3709383).
LogModuleManager: Display: Found up-to-date module file ../../../Engine/Plugins/MovieScene/LevelSequenceEditor/Binaries/Win64/UE4Editor-LevelSequenceEditor.dll (API version 3709383).
LogModuleManager: Display: Found up-to-date module file ../../../Engine/Plugins/MovieScene/MatineeToLevelSequence/Binaries/Win64/UE4Editor-MatineeToLevelSequence.dll (API version 3709383).
LogModuleManager: Display: Found up-to-date module file ../../../Engine/Plugins/Online/OnlineSubsystem/Binaries/Win64/UE4Editor-OnlineSubsystem.dll (API version 3709383).
LogModuleManager: Display: Found up-to-date module file ../../../Engine/Plugins/Runtime/AndroidPermission/Binaries/Win64/UE4Editor-AndroidPermission.dll (API version 3709383).
LogModuleManager: Display: Found up-to-date module file ../../../Engine/Plugins/Online/OnlineSubsystemNull/Binaries/Win64/UE4Editor-OnlineSubsystemNull.dll (API version 3709383).
LogModuleManager: Display: Found up-to-date module file ../../../Engine/Plugins/Online/OnlineSubsystemUtils/Binaries/Win64/UE4Editor-OnlineSubsystemUtils.dll (API version 3709383).
LogModuleManager: Display: Found up-to-date module file ../../../Engine/Plugins/Online/OnlineSubsystemUtils/Binaries/Win64/UE4Editor-OnlineBlueprintSupport.dll (API version 3709383).
LogModuleManager: Display: Found up-to-date module file ../../../Engine/Plugins/Runtime/AndroidDeviceProfileSelector/Binaries/Win64/UE4Editor-AndroidDeviceProfileSelector.dll (API version 3709383).
LogModuleManager: Display: Found up-to-date module file ../../../Engine/Plugins/Runtime/AppleARKit/Binaries/Win64/UE4Editor-AppleARKit.dll (API version 3709383).
LogModuleManager: Display: Found up-to-date module file ../../../Engine/Plugins/Runtime/ArchVisCharacter/Binaries/Win64/UE4Editor-ArchVisCharacter.dll (API version 3709383).
LogModuleManager: Display: Found up-to-date module file ../../../Engine/Plugins/Runtime/CableComponent/Binaries/Win64/UE4Editor-CableComponent.dll (API version 3709383).
LogModuleManager: Display: Found up-to-date module file ../../../Engine/Plugins/Runtime/CustomMeshComponent/Binaries/Win64/UE4Editor-CustomMeshComponent.dll (API version 3709383).
LogModuleManager: Display: Found up-to-date module file ../../../Engine/Plugins/Runtime/ExampleDeviceProfileSelector/Binaries/Win64/UE4Editor-ExampleDeviceProfileSelector.dll (API version 3709383).
LogModuleManager: Display: Found up-to-date module file ../../../Engine/Plugins/Runtime/ImmediatePhysics/Binaries/Win64/UE4Editor-ImmediatePhysics.dll (API version 3709383).
LogModuleManager: Display: Found up-to-date module file ../../../Engine/Plugins/Runtime/ImmediatePhysics/Binaries/Win64/UE4Editor-ImmediatePhysicsEditor.dll (API version 3709383).
LogModuleManager: Display: Found up-to-date module file ../../../Engine/Plugins/Runtime/LocationServicesBPLibrary/Binaries/Win64/UE4Editor-LocationServicesBPLibrary.dll (API version 3709383).
LogModuleManager: Display: Found up-to-date module file ../../../Engine/Plugins/Runtime/MobilePatchingUtils/Binaries/Win64/UE4Editor-MobilePatchingUtils.dll (API version 3709383).
LogModuleManager: Display: Found up-to-date module file ../../../Engine/Plugins/Runtime/Oculus/OculusVR/Binaries/Win64/UE4Editor-OculusHMD.dll (API version 3709383).
LogModuleManager: Display: Found up-to-date module file ../../../Engine/Plugins/Runtime/Oculus/OculusVR/Binaries/Win64/UE4Editor-OculusInput.dll (API version 3709383).
LogModuleManager: Display: Found up-to-date module file ../../../Engine/Plugins/Runtime/Oculus/OculusVR/Binaries/Win64/UE4Editor-OculusEditor.dll (API version 3709383).
LogModuleManager: Display: Found up-to-date module file ../../../Engine/Plugins/Runtime/PhysXVehicles/Binaries/Win64/UE4Editor-PhysXVehicles.dll (API version 3709383).
LogModuleManager: Display: Found up-to-date module file ../../../Engine/Plugins/Runtime/PhysXVehicles/Binaries/Win64/UE4Editor-PhysXVehiclesEditor.dll (API version 3709383).
LogModuleManager: Display: Found up-to-date module file ../../../Engine/Plugins/Runtime/ProceduralMeshComponent/Binaries/Win64/UE4Editor-ProceduralMeshComponent.dll (API version 3709383).
LogModuleManager: Display: Found up-to-date module file ../../../Engine/Plugins/Runtime/ProceduralMeshComponent/Binaries/Win64/UE4Editor-ProceduralMeshComponentEditor.dll (API version 3709383).
LogModuleManager: Display: Found up-to-date module file ../../../Engine/Plugins/Runtime/RuntimePhysXCooking/Binaries/Win64/UE4Editor-RuntimePhysXCooking.dll (API version 3709383).
LogModuleManager: Display: Found up-to-date module file ../../../Engine/Plugins/Runtime/Steam/SteamVR/Binaries/Win64/UE4Editor-SteamVR.dll (API version 3709383).
LogModuleManager: Display: Found up-to-date module file ../../../Engine/Plugins/Runtime/Steam/SteamVR/Binaries/Win64/UE4Editor-SteamVRController.dll (API version 3709383).
LogModuleManager: Display: Found up-to-date module file ../../../Engine/Plugins/Runtime/WindowsMoviePlayer/Binaries/Win64/UE4Editor-WindowsMoviePlayer.dll (API version 3709383).
LogPluginManager: Mounting plugin Paper2D
LogPluginManager: Mounting plugin LightPropagationVolume
LogPluginManager: Mounting plugin CodeLiteSourceCodeAccess
LogPluginManager: Mounting plugin GitSourceControl
LogPluginManager: Mounting plugin KDevelopSourceCodeAccess
LogPluginManager: Mounting plugin NullSourceCodeAccess
LogPluginManager: Mounting plugin PerforceSourceControl
LogPluginManager: Mounting plugin SubversionSourceControl
LogPluginManager: Mounting plugin UObjectPlugin
LogPluginManager: Mounting plugin VisualStudioCodeSourceCodeAccess
LogPluginManager: Mounting plugin VisualStudioSourceCodeAccess
LogPluginManager: Mounting plugin XCodeSourceCodeAccess
LogPluginManager: Mounting plugin AssetManagerEditor
LogPluginManager: Mounting plugin AudioCapture
LogPluginManager: Mounting plugin FacialAnimation
LogPluginManager: Mounting plugin GameplayTagsEditor
LogPluginManager: Mounting plugin MobileLauncherProfileWizard
LogPluginManager: Mounting plugin PluginBrowser
LogPluginManager: Mounting plugin SpeedTreeImporter
LogPluginManager: Mounting plugin AlembicImporter
LogPluginManager: Mounting plugin CharacterAI
LogPluginManager: Mounting plugin HTML5Networking
LogPluginManager: Mounting plugin AndroidMedia
LogPluginManager: Mounting plugin AvfMedia
LogPluginManager: Mounting plugin ImgMedia
LogPluginManager: Mounting plugin MediaCompositing
LogPluginManager: Mounting plugin MediaPlayerEditor
LogPluginManager: Mounting plugin WmfMedia
LogPluginManager: Mounting plugin TcpMessaging
LogPluginManager: Mounting plugin UdpMessaging
LogPluginManager: Mounting plugin ActorSequence
LogPluginManager: Mounting plugin LevelSequenceEditor
LogPluginManager: Mounting plugin MatineeToLevelSequence
LogPluginManager: Mounting plugin OnlineSubsystemGooglePlay
LogPluginManager: Mounting plugin OnlineSubsystemIOS
LogPluginManager: Mounting plugin OnlineSubsystem
LogPluginManager: Mounting plugin OnlineSubsystemNull
LogPluginManager: Mounting plugin OnlineSubsystemUtils
LogPluginManager: Mounting plugin AndroidDeviceProfileSelector
LogPluginManager: Mounting plugin AndroidMoviePlayer
LogPluginManager: Mounting plugin AndroidPermission
LogPluginManager: Mounting plugin AppleARKit
LogPluginManager: Mounting plugin AppleMoviePlayer
LogPluginManager: Mounting plugin ArchVisCharacter
LogPluginManager: Mounting plugin CableComponent
LogPluginManager: Mounting plugin CustomMeshComponent
LogPluginManager: Mounting plugin ExampleDeviceProfileSelector
LogPluginManager: Mounting plugin GoogleCloudMessaging
LogPluginManager: Mounting plugin ImmediatePhysics
LogPluginManager: Mounting plugin IOSDeviceProfileSelector
LogPluginManager: Mounting plugin LinuxDeviceProfileSelector
LogPluginManager: Mounting plugin LocationServicesBPLibrary
LogPluginManager: Mounting plugin MobilePatchingUtils
LogPluginManager: Mounting plugin OculusVR
LogPluginManager: Plugin shader directory ../../../Engine/Plugins/Runtime/Oculus/OculusVR/Shaders found
LogPluginManager: Mapping shader source directory ../../../Engine/Plugins/Runtime/Oculus/OculusVR/Shaders to virtual directory /Plugin/OculusVR
LogPluginManager: Mounting plugin PhysXVehicles
LogPluginManager: Mounting plugin ProceduralMeshComponent
LogPluginManager: Mounting plugin RuntimePhysXCooking
LogPluginManager: Mounting plugin SteamVR
LogPluginManager: Mounting plugin WindowsMoviePlayer
LogInit: Using libcurl 7.47.1
LogInit:  - built for x86_64-pc-win32
LogInit:  - supports SSL with OpenSSL/1.0.2g
LogInit:  - supports HTTP deflate (compression) using libz 1.2.8
LogInit:  - other features:
LogInit:      CURL_VERSION_SSL
LogInit:      CURL_VERSION_LIBZ
LogInit:      CURL_VERSION_IPV6
LogInit:      CURL_VERSION_ASYNCHDNS
LogInit:      CURL_VERSION_LARGEFILE
LogInit:      CURL_VERSION_IDN
LogInit:  CurlRequestOptions (configurable via config and command line):
LogInit:  - bVerifyPeer = false  - Libcurl will NOT verify peer certificate
LogInit:  - bUseHttpProxy = false  - Libcurl will NOT use HTTP proxy
LogInit:  - bDontReuseConnections = false  - Libcurl will reuse connections
LogInit:  - CertBundlePath = nullptr  - Libcurl will use whatever was configured at build time.
LogInit: Build: ++UE4+Release-4.18-CL-3794801
LogInit: Engine Version: 4.18.2-3794801+++UE4+Release-4.18
LogInit: Compatible Engine Version: 4.18.0-3709383+++UE4+Release-4.18
LogInit: Net CL: 3709383
LogDevObjectVersion: Number of dev versions registered: 16
LogDevObjectVersion:   Dev-Blueprints (B0D832E4-1F89-4F0D-ACCF-7EB736FD4AA2): 10
LogDevObjectVersion:   Dev-Build (E1C64328-A22C-4D53-A36C-8E866417BD8C): 0
LogDevObjectVersion:   Dev-Core (375EC13C-06E4-48FB-B500-84F0262A717E): 2
LogDevObjectVersion:   Dev-Editor (E4B068ED-F494-42E9-A231-DA0B2E46BB41): 20
LogDevObjectVersion:   Dev-Framework (CFFC743F-43B0-4480-9391-14DF171D2073): 30
LogDevObjectVersion:   Dev-Mobile (B02B49B5-BB20-44E9-A304-32B752E40360): 0
LogDevObjectVersion:   Dev-Networking (A4E4105C-59A1-49B5-A7C5-40C4547EDFEE): 0
LogDevObjectVersion:   Dev-Online (39C831C9-5AE6-47DC-9A44-9C173E1C8E7C): 0
LogDevObjectVersion:   Dev-Physics (78F01B33-EBEA-4F98-B9B4-84EACCB95AA2): 0
LogDevObjectVersion:   Dev-Platform (6631380F-2D4D-43E0-8009-CF276956A95A): 0
LogDevObjectVersion:   Dev-Rendering (12F88B9F-8875-4AFC-A67C-D90C383ABD29): 20
LogDevObjectVersion:   Dev-Sequencer (7B5AE74C-D270-4C10-A958-57980B212A5A): 4
LogDevObjectVersion:   Dev-VR (D7296918-1DD6-4BDD-9DE2-64A83CC13884): 0
LogDevObjectVersion:   Dev-LoadTimes (C2A15278-BFE7-4AFE-6C17-90FF531DF755): 1
LogDevObjectVersion:   Private-Geometry (6EACA3D4-40EC-4CC1-B786-8BED09428FC5): 1
LogDevObjectVersion:   Dev-AnimPhys (29E575DD-E0A3-4627-9D10-D276232CDCEA): 12
LogInit: Compiled (64-bit): Dec  8 2017 02:04:53
LogInit: Compiled with Visual C++: 19.00.24215.01
LogInit: Build Configuration: Development
LogInit: Branch Name: ++UE4+Release-4.18
LogInit: Command line:  /Game/Levels/Arena1 -game -PIEVIACONSOLE -ResX=1280 -ResY=720  -Multiprocess -messaging -SessionName="Play in Standalone Game" -windowed 
LogInit: Base directory: C:/Program Files (x86)/Epic Games/UE_4.18/Engine/Binaries/Win64/
LogInit: Installed Engine Build: 1
LogInit: Presizing for max 8388607 objects, including 0 objects not considered by GC, pre-allocating 0 bytes for permanent pool.
LogInit: Object subsystem initialized
[2018.01.07-20.38.58:948][  0]LogInit: Selected Device Profile: [Windows]
[2018.01.07-20.38.58:948][  0]LogInit: Applying CVar settings loaded from the selected device profile: [Windows]
[2018.01.07-20.38.58:964][  0]LogInit: Computer: KLOBUK
[2018.01.07-20.38.58:964][  0]LogInit: User: Jakub
[2018.01.07-20.38.58:964][  0]LogInit: CPU Page size=4096, Cores=2
[2018.01.07-20.38.58:964][  0]LogInit: High frequency timer resolution =3.514602 MHz
[2018.01.07-20.38.58:964][  0]LogMemory: Memory total: Physical=7.9GB (8GB approx)
[2018.01.07-20.38.58:964][  0]LogMemory: Platform Memory Stats for Windows
[2018.01.07-20.38.58:964][  0]LogMemory: Process Physical Memory: 270.59 MB used, 270.59 MB peak
[2018.01.07-20.38.58:964][  0]LogMemory: Process Virtual Memory: 269.08 MB used, 269.08 MB peak
[2018.01.07-20.38.58:964][  0]LogMemory: Physical Memory: 6837.52 MB used,  1294.27 MB free, 8131.79 MB total
[2018.01.07-20.38.58:964][  0]LogMemory: Virtual Memory: 622.42 MB used,  1294.27 MB free, 134217728.00 MB total
[2018.01.07-20.38.59:204][  0]LogInit: Using OS detected language (en-US).
[2018.01.07-20.38.59:204][  0]LogInit: Using OS detected locale (sk-SK).
[2018.01.07-20.38.59:208][  0]LogTextLocalizationManager: No specific localization for 'en-US' exists, so the 'en' localization will be used.
[2018.01.07-20.38.59:209][  0]LogTextLocalizationManager: No localization for 'sk-SK' exists, so 'en-US' will be used for the locale.
[2018.01.07-20.39.00:023][  0]LogD3D11RHI: D3D11 adapters:
[2018.01.07-20.39.00:046][  0]LogD3D11RHI:    0. 'NVIDIA GeForce GTX 750 Ti' (Feature Level 11_0)
[2018.01.07-20.39.00:046][  0]LogD3D11RHI:       1977/0/4065 MB DedicatedVideo/DedicatedSystem/SharedSystem, Outputs:1, VendorId:0x10de
[2018.01.07-20.39.00:047][  0]LogD3D11RHI:    1. 'Microsoft Basic Render Driver' (Feature Level 11_0)
[2018.01.07-20.39.00:047][  0]LogD3D11RHI:       0/0/256 MB DedicatedVideo/DedicatedSystem/SharedSystem, Outputs:0, VendorId:0x1414
[2018.01.07-20.39.00:047][  0]LogD3D11RHI: Chosen D3D11 Adapter: 0
[2018.01.07-20.39.00:051][  0]LogD3D11RHI: Creating new Direct3DDevice
[2018.01.07-20.39.00:051][  0]LogD3D11RHI:     GPU DeviceId: 0x1380 (for the marketing name, search the web for "GPU Device Id")
[2018.01.07-20.39.00:051][  0]LogWindows: EnumDisplayDevices:
[2018.01.07-20.39.00:051][  0]LogWindows:    0. 'NVIDIA GeForce GTX 750 Ti' (P:1 D:1)
[2018.01.07-20.39.00:052][  0]LogWindows:    1. 'NVIDIA GeForce GTX 750 Ti' (P:0 D:0)
[2018.01.07-20.39.00:052][  0]LogWindows:    2. 'NVIDIA GeForce GTX 750 Ti' (P:0 D:0)
[2018.01.07-20.39.00:052][  0]LogWindows:    3. 'NVIDIA GeForce GTX 750 Ti' (P:0 D:0)
[2018.01.07-20.39.00:052][  0]LogWindows: DebugString: FoundDriverCount:4 
[2018.01.07-20.39.00:052][  0]LogD3D11RHI:     Adapter Name: NVIDIA GeForce GTX 750 Ti
[2018.01.07-20.39.00:052][  0]LogD3D11RHI:   Driver Version: 388.13 (internal:23.21.13.8813, unified:388.13)
[2018.01.07-20.39.00:052][  0]LogD3D11RHI:      Driver Date: 10-27-2017
[2018.01.07-20.39.00:052][  0]LogRHI: Texture pool is 1384 MB (70% of 1977 MB)
[2018.01.07-20.39.00:065][  0]LogD3D11RHI: Async texture creation enabled
[2018.01.07-20.39.00:085][  0]LogD3D11RHI: GPU Timing Frequency: 1000.000000 (Debug: 2 2)
[2018.01.07-20.39.00:087][  0]LogShaderCompilers: Guid format shader working directory is -5 characters bigger than the processId version (../../../../../../Users/Jakub/Documents/GodsOfArena/Intermediate/Shaders/WorkingDirectory/5752/).
[2018.01.07-20.39.00:087][  0]LogShaderCompilers: Cleaned the shader compiler working directory 'C:/Users/Jakub/AppData/Local/Temp/UnrealShaderWorkingDir/8EBA599847B3D84FBCDE52B74C87514F/'.
[2018.01.07-20.39.00:087][  0]LogShaderCompilers: Display: Using Local Shader Compiler.
[2018.01.07-20.39.02:103][  0]LogTemp: Display: Loaded TP WindowsClientTargetPlatform
[2018.01.07-20.39.02:149][  0]LogTemp: Display: Loaded TP WindowsNoEditorTargetPlatform
[2018.01.07-20.39.02:204][  0]LogTemp: Display: Loaded TP WindowsServerTargetPlatform
[2018.01.07-20.39.02:249][  0]LogTemp: Display: Loaded TP WindowsTargetPlatform
[2018.01.07-20.39.02:250][  0]LogTargetPlatformManager: Display: Building Assets For Windows
[2018.01.07-20.39.02:724][  0]LogDerivedDataCache: Display: Max Cache Size: 512 MB
[2018.01.07-20.39.03:151][  0]LogDerivedDataCache: Loaded boot cache 0.43s 78MB C:/Users/Jakub/AppData/Local/UnrealEngine/4.18/DerivedDataCache/Boot.ddc.
[2018.01.07-20.39.03:151][  0]LogDerivedDataCache: Display: Loaded Boot cache: C:/Users/Jakub/AppData/Local/UnrealEngine/4.18/DerivedDataCache/Boot.ddc
[2018.01.07-20.39.03:151][  0]LogDerivedDataCache: FDerivedDataBackendGraph:  Pak pak cache file ../../../../../../Users/Jakub/Documents/GodsOfArena/DerivedDataCache/DDC.ddp not found, will not use a pak cache.
[2018.01.07-20.39.03:151][  0]LogDerivedDataCache: Unable to find inner node Pak for hierarchical cache Hierarchy.
[2018.01.07-20.39.03:151][  0]LogDerivedDataCache: FDerivedDataBackendGraph:  CompressedPak pak cache file ../../../../../../Users/Jakub/Documents/GodsOfArena/DerivedDataCache/Compressed.ddp not found, will not use a pak cache.
[2018.01.07-20.39.03:151][  0]LogDerivedDataCache: Unable to find inner node CompressedPak for hierarchical cache Hierarchy.
[2018.01.07-20.39.03:172][  0]LogDerivedDataCache: Display: Pak cache opened for reading ../../../Engine/DerivedDataCache/Compressed.ddp.
[2018.01.07-20.39.03:184][  0]LogDerivedDataCache: Using Local data cache path C:/Users/Jakub/AppData/Local/UnrealEngine/Common/DerivedDataCache: Writable
[2018.01.07-20.39.03:199][  0]LogMaterial: Verifying Global Shaders for PCD3D_SM5
[2018.01.07-20.39.03:200][  0]LogSlate: Using Freetype 2.6.0
[2018.01.07-20.39.03:213][  0]LogSlate: SlateFontCache - WITH_FREETYPE: 1, WITH_HARFBUZZ: 1
[2018.01.07-20.39.03:213][  0]LogSlate: SlateFontCache - WITH_FREETYPE: 1, WITH_HARFBUZZ: 1
[2018.01.07-20.39.03:896][  0]LogAssetRegistry: FAssetRegistry took 0.0044 seconds to start up
[2018.01.07-20.39.03:921][  0]LogPackageLocalizationCache: Processed 7 localized package path(s) for 2 prioritized culture(s) in 0.024849 seconds
[2018.01.07-20.39.04:043][  0]LogInit: Selected Device Profile: [Windows]
[2018.01.07-20.39.04:379][  0]LogSimplygon: Simplygon DLL not present - disabling.
[2018.01.07-20.39.04:413][  0]LogMeshReduction: Using SimplygonSwarm for distributed automatic mesh merging
[2018.01.07-20.39.04:413][  0]LogMeshReduction: Using QuadricMeshReduction for automatic static mesh reduction
[2018.01.07-20.39.04:413][  0]LogMeshReduction: No automatic skeletal mesh reduction module available
[2018.01.07-20.39.04:413][  0]LogMeshReduction: No automatic mesh merging module available
[2018.01.07-20.39.04:413][  0]LogMeshMerging: No automatic mesh merging module available
[2018.01.07-20.39.04:436][  0]LogNetVersion: FantasyArena , NetCL: 3709383, EngineNetVer: 2, GameNetVer: 0 (Checksum: 147670905)
[2018.01.07-20.39.04:671][  0]LogInit: Warning: Passing commandline switches using / instead of - has been deprecated and will be removed in future versions of Unreal Engine.
[2018.01.07-20.39.04:671][  0]LogInit: Warning: Passing commandline switches using / instead of - has been deprecated and will be removed in future versions of Unreal Engine.
[2018.01.07-20.39.04:671][  0]LogInit: Warning: Passing commandline switches using / instead of - has been deprecated and will be removed in future versions of Unreal Engine.
[2018.01.07-20.39.05:017][  0]LogInit: WinSock: version 1.1 (2.2), MaxSocks=32767, MaxUdp=65467
[2018.01.07-20.39.06:350][  0]LogMoviePlayer: Initializing movie player
[2018.01.07-20.39.06:764][  0]LogCollectionManager: Loaded 0 collections in 0.001555 seconds
[2018.01.07-20.39.06:815][  0]LogFileCache: Scanning file cache for directory 'C:/Users/Jakub/Documents/GodsOfArena/Saved/Collections/' took 0.01s
[2018.01.07-20.39.06:815][  0]LogFileCache: Scanning file cache for directory 'C:/Users/Jakub/Documents/GodsOfArena/Content/Developers/Jakub/Collections/' took 0.01s
[2018.01.07-20.39.06:815][  0]LogFileCache: Scanning file cache for directory 'C:/Users/Jakub/Documents/GodsOfArena/Content/Collections/' took 0.01s
[2018.01.07-20.39.06:815][  0]LogCollectionManager: Rebuilt the object cache for 0 collections in 0.000001 seconds (found 0 objects)
[2018.01.07-20.39.06:815][  0]LogCollectionManager: Fixed up redirectors for 0 collections in 0.000087 seconds (updated 0 objects)
[2018.01.07-20.39.07:052][  0]LogTcpMessaging: Initializing TcpMessaging bridge
[2018.01.07-20.39.07:102][  0]LogUdpMessaging: Initializing bridge on interface 0.0.0.0:0 to multicast group 230.0.0.1:6666.
[2018.01.07-20.39.08:199][  0]LogInit: Warning: Passing commandline switches using / instead of - has been deprecated and will be removed in future versions of Unreal Engine.
[2018.01.07-20.39.08:203][  0]SourceControl: Source control is disabled
[2018.01.07-20.39.08:203][  0]SourceControl: Source control is disabled
[2018.01.07-20.39.08:253][  0]SourceControl: Source control is disabled
[2018.01.07-20.39.08:675][  0]LogAndroidPermission: UAndroidPermissionCallbackProxy::GetInstance
[2018.01.07-20.39.08:933][  0]LogOcInput: OculusInput pre-init called
[2018.01.07-20.39.09:040][  0]LogUObjectArray: 38953 objects as part of root set at end of initial load.
[2018.01.07-20.39.09:040][  0]LogUObjectAllocator: 8357512 out of 0 bytes used by permanent object pool.
[2018.01.07-20.39.09:040][  0]LogUObjectArray: CloseDisregardForGC: 0/0 objects in disregard for GC pool
[2018.01.07-20.39.09:173][  0]LogEngine: Initializing Engine...
[2018.01.07-20.39.09:176][  0]LogHMD: Failed to initialize OpenVR with code 110
[2018.01.07-20.39.09:408][  0]LogStats: UGameplayTagsManager::ConstructGameplayTagTree: Construct from data asset -  0.000 s
[2018.01.07-20.39.09:409][  0]LogStats: UGameplayTagsManager::ConstructGameplayTagTree: GameplayTagTreeChangedEvent.Broadcast -  0.000 s
[2018.01.07-20.39.09:424][  0]LogInit: XAudio2 using 'Speakers (Realtek High Definition Audio)' : 2 channels at 48 kHz using 32 bits per sample (channel mask 0x3)
[2018.01.07-20.39.09:444][  0]LogInit: FAudioDevice initialized.
[2018.01.07-20.39.09:475][  0]LogInit: Texture streaming: Enabled
[2018.01.07-20.39.09:509][  0]LogMaterial: Uniform references updated for custom material expression Custom.
[2018.01.07-20.39.10:016][  0]LogInit: Warning: Passing commandline switches using / instead of - has been deprecated and will be removed in future versions of Unreal Engine.
[2018.01.07-20.39.10:053][  0]LogInit: Display: Game Engine Initialized.
[2018.01.07-20.39.10:053][  0]LogGameplayTags: Display: UGameplayTagsManager::DoneAddingNativeTags. DelegateIsBound: 0
[2018.01.07-20.39.10:222][  0]LogInit: Display: Starting Game.
[2018.01.07-20.39.10:222][  0]LogNet: Browse: /Game/Levels/Arena1?Name=Player
[2018.01.07-20.39.10:223][  0]LogLoad: LoadMap: /Game/Levels/Arena1?Name=Player
[2018.01.07-20.39.11:444][  0]LogAnimationCompression: Building Anim DDC data for AnimSequence /Game/Characters/Y_Bot/Animations/Normal/Run_Back.Run_Back
[2018.01.07-20.39.11:444][  0]LogAnimationCompression: Recompressing (AnimSequence /Game/Characters/Y_Bot/Animations/Normal/Run_Back.Run_Back) using current/default (AnimCompress_BitwiseCompressOnly_0) bFirstRecompressUsingCurrentOrDefault(1) bTryAlternateCompressor(0) IsCompressedDataValid(0)
[2018.01.07-20.39.11:470][  0]LogAnimationCompression: Building Anim DDC data for AnimSequence /Game/Characters/Y_Bot/Animations/Normal/Run_Left.Run_Left
[2018.01.07-20.39.11:470][  0]LogAnimationCompression: Recompressing (AnimSequence /Game/Characters/Y_Bot/Animations/Normal/Run_Left.Run_Left) using current/default (AnimCompress_BitwiseCompressOnly_0) bFirstRecompressUsingCurrentOrDefault(1) bTryAlternateCompressor(0) IsCompressedDataValid(0)
[2018.01.07-20.39.11:474][  0]LogAnimationCompression: Building Anim DDC data for AnimSequence /Game/Characters/Y_Bot/Animations/Normal/Run_Right.Run_Right
[2018.01.07-20.39.11:474][  0]LogAnimationCompression: Recompressing (AnimSequence /Game/Characters/Y_Bot/Animations/Normal/Run_Right.Run_Right) using current/default (AnimCompress_BitwiseCompressOnly_0) bFirstRecompressUsingCurrentOrDefault(1) bTryAlternateCompressor(0) IsCompressedDataValid(0)
[2018.01.07-20.39.11:475][  0]LogAnimationCompression: Building Anim DDC data for AnimSequence /Game/Characters/Y_Bot/Animations/Normal/Run_Straight.Run_Straight
[2018.01.07-20.39.11:475][  0]LogAnimationCompression: Recompressing (AnimSequence /Game/Characters/Y_Bot/Animations/Normal/Run_Straight.Run_Straight) using current/default (AnimCompress_BitwiseCompressOnly_0) bFirstRecompressUsingCurrentOrDefault(1) bTryAlternateCompressor(0) IsCompressedDataValid(0)
[2018.01.07-20.39.11:487][  0]LogAnimationCompression: Building Anim DDC data for AnimSequence /Game/Characters/Y_Bot/Animations/Crouch/Crouch_Walk_Straight.Crouch_Walk_Straight
[2018.01.07-20.39.11:488][  0]LogAnimationCompression: Recompressing (AnimSequence /Game/Characters/Y_Bot/Animations/Crouch/Crouch_Walk_Straight.Crouch_Walk_Straight) using current/default (AnimCompress_BitwiseCompressOnly_0) bFirstRecompressUsingCurrentOrDefault(1) bTryAlternateCompressor(0) IsCompressedDataValid(0)
[2018.01.07-20.39.11:489][  0]LogAnimationCompression: Building Anim DDC data for AnimSequence /Game/Characters/Y_Bot/Animations/Crouch/Crouch_Walk_Right.Crouch_Walk_Right
[2018.01.07-20.39.11:489][  0]LogAnimationCompression: Recompressing (AnimSequence /Game/Characters/Y_Bot/Animations/Crouch/Crouch_Walk_Right.Crouch_Walk_Right) using current/default (AnimCompress_BitwiseCompressOnly_6) bFirstRecompressUsingCurrentOrDefault(1) bTryAlternateCompressor(0) IsCompressedDataValid(0)
[2018.01.07-20.39.11:511][  0]LogMaterial: Incomplete cached shader map for material WorldGridMaterial, compiling. Is special engine material.
[2018.01.07-20.39.31:841][  0]LogAnimationCompression: Building Anim DDC data for AnimSequence /Game/Characters/Y_Bot/Animations/Normal/Stand_Idle.Stand_Idle
[2018.01.07-20.39.31:841][  0]LogAnimationCompression: Recompressing (AnimSequence /Game/Characters/Y_Bot/Animations/Normal/Stand_Idle.Stand_Idle) using current/default (AnimCompress_BitwiseCompressOnly_1) bFirstRecompressUsingCurrentOrDefault(1) bTryAlternateCompressor(0) IsCompressedDataValid(0)
[2018.01.07-20.39.31:858][  0]LogAnimationCompression: Building Anim DDC data for AnimSequence /Game/Characters/Y_Bot/Animations/Crouch/Crouch_Idle.Crouch_Idle
[2018.01.07-20.39.31:858][  0]LogAnimationCompression: Recompressing (AnimSequence /Game/Characters/Y_Bot/Animations/Crouch/Crouch_Idle.Crouch_Idle) using current/default (AnimCompress_BitwiseCompressOnly_0) bFirstRecompressUsingCurrentOrDefault(1) bTryAlternateCompressor(0) IsCompressedDataValid(0)
[2018.01.07-20.39.31:860][  0]LogAnimationCompression: Building Anim DDC data for AnimSequence /Game/Characters/Y_Bot/Animations/Crossbow_Crouch/Crossbow_Crouch_Idle.Crossbow_Crouch_Idle
[2018.01.07-20.39.31:860][  0]LogAnimationCompression: Recompressing (AnimSequence /Game/Characters/Y_Bot/Animations/Crossbow_Crouch/Crossbow_Crouch_Idle.Crossbow_Crouch_Idle) using current/default (AnimCompress_BitwiseCompressOnly_0) bFirstRecompressUsingCurrentOrDefault(1) bTryAlternateCompressor(0) IsCompressedDataValid(0)
[2018.01.07-20.39.31:861][  0]LogAnimationCompression: Building Anim DDC data for AnimSequence /Game/Characters/Y_Bot/Animations/Crossbow_Crouch/Aiming_Crossbow_Crouch_Idle.Aiming_Crossbow_Crouch_Idle
[2018.01.07-20.39.31:862][  0]LogAnimationCompression: Recompressing (AnimSequence /Game/Characters/Y_Bot/Animations/Crossbow_Crouch/Aiming_Crossbow_Crouch_Idle.Aiming_Crossbow_Crouch_Idle) using current/default (AnimCompress_BitwiseCompressOnly_0) bFirstRecompressUsingCurrentOrDefault(1) bTryAlternateCompressor(0) IsCompressedDataValid(0)
[2018.01.07-20.39.31:868][  0]LogAnimationCompression: Building Anim DDC data for AnimSequence /Game/Characters/Y_Bot/Animations/Crossbow/RemadeAnimations/Crossbow_Stand_Idle_Remade.Crossbow_Stand_Idle_Remade
[2018.01.07-20.39.31:868][  0]LogAnimationCompression: Recompressing (AnimSequence /Game/Characters/Y_Bot/Animations/Crossbow/RemadeAnimations/Crossbow_Stand_Idle_Remade.Crossbow_Stand_Idle_Remade) using current/default (AnimCompress_BitwiseCompressOnly_18) bFirstRecompressUsingCurrentOrDefault(1) bTryAlternateCompressor(0) IsCompressedDataValid(0)
[2018.01.07-20.39.31:898][  0]LogAnimationCompression: Building Anim DDC data for AnimSequence /Game/Characters/Y_Bot/Animations/Normal/Stand_Walk_Left.Stand_Walk_Left
[2018.01.07-20.39.31:898][  0]LogAnimationCompression: Recompressing (AnimSequence /Game/Characters/Y_Bot/Animations/Normal/Stand_Walk_Left.Stand_Walk_Left) using current/default (AnimCompress_BitwiseCompressOnly_0) bFirstRecompressUsingCurrentOrDefault(1) bTryAlternateCompressor(0) IsCompressedDataValid(0)
[2018.01.07-20.39.31:900][  0]LogAnimationCompression: Building Anim DDC data for AnimSequence /Game/Characters/Y_Bot/Animations/Normal/Stand_Walk_Right.Stand_Walk_Right
[2018.01.07-20.39.31:900][  0]LogAnimationCompression: Recompressing (AnimSequence /Game/Characters/Y_Bot/Animations/Normal/Stand_Walk_Right.Stand_Walk_Right) using current/default (AnimCompress_BitwiseCompressOnly_0) bFirstRecompressUsingCurrentOrDefault(1) bTryAlternateCompressor(0) IsCompressedDataValid(0)
[2018.01.07-20.39.31:902][  0]LogAnimationCompression: Building Anim DDC data for AnimSequence /Game/Characters/Y_Bot/Animations/Crouch/Crouch_Walk_Left.Crouch_Walk_Left
[2018.01.07-20.39.31:902][  0]LogAnimationCompression: Recompressing (AnimSequence /Game/Characters/Y_Bot/Animations/Crouch/Crouch_Walk_Left.Crouch_Walk_Left) using current/default (AnimCompress_BitwiseCompressOnly_5) bFirstRecompressUsingCurrentOrDefault(1) bTryAlternateCompressor(0) IsCompressedDataValid(0)
[2018.01.07-20.39.31:905][  0]LogAnimationCompression: Building Anim DDC data for AnimSequence /Game/Characters/Y_Bot/Animations/Crouch/Crouch_Walk__Back.Crouch_Walk__Back
[2018.01.07-20.39.31:905][  0]LogAnimationCompression: Recompressing (AnimSequence /Game/Characters/Y_Bot/Animations/Crouch/Crouch_Walk__Back.Crouch_Walk__Back) using current/default (AnimCompress_BitwiseCompressOnly_0) bFirstRecompressUsingCurrentOrDefault(1) bTryAlternateCompressor(0) IsCompressedDataValid(0)
[2018.01.07-20.39.31:907][  0]LogAnimationCompression: Building Anim DDC data for AnimSequence /Game/Characters/Y_Bot/Animations/Normal/Stand_Walk_Back.Stand_Walk_Back
[2018.01.07-20.39.31:907][  0]LogAnimationCompression: Recompressing (AnimSequence /Game/Characters/Y_Bot/Animations/Normal/Stand_Walk_Back.Stand_Walk_Back) using current/default (AnimCompress_BitwiseCompressOnly_0) bFirstRecompressUsingCurrentOrDefault(1) bTryAlternateCompressor(0) IsCompressedDataValid(0)
[2018.01.07-20.39.31:908][  0]LogAnimationCompression: Building Anim DDC data for AnimSequence /Game/Characters/Y_Bot/Animations/Normal/Stand_walk_straight.Stand_walk_straight
[2018.01.07-20.39.31:908][  0]LogAnimationCompression: Recompressing (AnimSequence /Game/Characters/Y_Bot/Animations/Normal/Stand_walk_straight.Stand_walk_straight) using current/default (AnimCompress_BitwiseCompressOnly_0) bFirstRecompressUsingCurrentOrDefault(1) bTryAlternateCompressor(0) IsCompressedDataValid(0)
[2018.01.07-20.39.31:909][  0]LogAnimationCompression: Building Anim DDC data for AnimSequence /Game/Characters/Y_Bot/Animations/Crossbow/Crossbow_Walk_Forward_Right.Crossbow_Walk_Forward_Right
[2018.01.07-20.39.31:909][  0]LogAnimationCompression: Recompressing (AnimSequence /Game/Characters/Y_Bot/Animations/Crossbow/Crossbow_Walk_Forward_Right.Crossbow_Walk_Forward_Right) using current/default (AnimCompress_BitwiseCompressOnly_0) bFirstRecompressUsingCurrentOrDefault(1) bTryAlternateCompressor(0) IsCompressedDataValid(0)
[2018.01.07-20.39.31:911][  0]LogAnimationCompression: Building Anim DDC data for AnimSequence /Game/Characters/Y_Bot/Animations/Crossbow/Crossbow_Walk_Forward_Left.Crossbow_Walk_Forward_Left
[2018.01.07-20.39.31:911][  0]LogAnimationCompression: Recompressing (AnimSequence /Game/Characters/Y_Bot/Animations/Crossbow/Crossbow_Walk_Forward_Left.Crossbow_Walk_Forward_Left) using current/default (AnimCompress_BitwiseCompressOnly_0) bFirstRecompressUsingCurrentOrDefault(1) bTryAlternateCompressor(0) IsCompressedDataValid(0)
[2018.01.07-20.39.31:912][  0]LogAnimationCompression: Building Anim DDC data for AnimSequence /Game/Characters/Y_Bot/Animations/Crossbow/Crossbow_Walk_Forward.Crossbow_Walk_Forward
[2018.01.07-20.39.31:912][  0]LogAnimationCompression: Recompressing (AnimSequence /Game/Characters/Y_Bot/Animations/Crossbow/Crossbow_Walk_Forward.Crossbow_Walk_Forward) using current/default (AnimCompress_BitwiseCompressOnly_0) bFirstRecompressUsingCurrentOrDefault(1) bTryAlternateCompressor(0) IsCompressedDataValid(0)
[2018.01.07-20.39.31:913][  0]LogAnimationCompression: Building Anim DDC data for AnimSequence /Game/Characters/Y_Bot/Animations/Crossbow/Crossbow_Walk_Right.Crossbow_Walk_Right
[2018.01.07-20.39.31:913][  0]LogAnimationCompression: Recompressing (AnimSequence /Game/Characters/Y_Bot/Animations/Crossbow/Crossbow_Walk_Right.Crossbow_Walk_Right) using current/default (AnimCompress_BitwiseCompressOnly_0) bFirstRecompressUsingCurrentOrDefault(1) bTryAlternateCompressor(0) IsCompressedDataValid(0)
[2018.01.07-20.39.31:932][  0]LogAnimationCompression: Building Anim DDC data for AnimSequence /Game/Characters/Y_Bot/Animations/Crossbow/Crossbow_Walk_Left.Crossbow_Walk_Left
[2018.01.07-20.39.31:932][  0]LogAnimationCompression: Recompressing (AnimSequence /Game/Characters/Y_Bot/Animations/Crossbow/Crossbow_Walk_Left.Crossbow_Walk_Left) using current/default (AnimCompress_BitwiseCompressOnly_0) bFirstRecompressUsingCurrentOrDefault(1) bTryAlternateCompressor(0) IsCompressedDataValid(0)
[2018.01.07-20.39.31:955][  0]LogAnimationCompression: Building Anim DDC data for AnimSequence /Game/Characters/Y_Bot/Animations/Crossbow/Crossbow_Walk_Backward.Crossbow_Walk_Backward
[2018.01.07-20.39.31:955][  0]LogAnimationCompression: Recompressing (AnimSequence /Game/Characters/Y_Bot/Animations/Crossbow/Crossbow_Walk_Backward.Crossbow_Walk_Backward) using current/default (AnimCompress_BitwiseCompressOnly_0) bFirstRecompressUsingCurrentOrDefault(1) bTryAlternateCompressor(0) IsCompressedDataValid(0)
[2018.01.07-20.39.31:957][  0]LogAnimationCompression: Building Anim DDC data for AnimSequence /Game/Characters/Y_Bot/Animations/Crossbow/Crossbow_Run_Back_Right.Crossbow_Run_Back_Right
[2018.01.07-20.39.31:957][  0]LogAnimationCompression: Recompressing (AnimSequence /Game/Characters/Y_Bot/Animations/Crossbow/Crossbow_Run_Back_Right.Crossbow_Run_Back_Right) using current/default (AnimCompress_BitwiseCompressOnly_0) bFirstRecompressUsingCurrentOrDefault(1) bTryAlternateCompressor(0) IsCompressedDataValid(0)
[2018.01.07-20.39.31:958][  0]LogAnimationCompression: Building Anim DDC data for AnimSequence /Game/Characters/Y_Bot/Animations/Crossbow/Crossbow_Run_Forward.Crossbow_Run_Forward
[2018.01.07-20.39.31:958][  0]LogAnimationCompression: Recompressing (AnimSequence /Game/Characters/Y_Bot/Animations/Crossbow/Crossbow_Run_Forward.Crossbow_Run_Forward) using current/default (AnimCompress_BitwiseCompressOnly_1) bFirstRecompressUsingCurrentOrDefault(1) bTryAlternateCompressor(0) IsCompressedDataValid(0)
[2018.01.07-20.39.31:959][  0]LogAnimationCompression: Building Anim DDC data for AnimSequence /Game/Characters/Y_Bot/Animations/Crossbow/Crossbow_Run_Forward_Left.Crossbow_Run_Forward_Left
[2018.01.07-20.39.31:959][  0]LogAnimationCompression: Recompressing (AnimSequence /Game/Characters/Y_Bot/Animations/Crossbow/Crossbow_Run_Forward_Left.Crossbow_Run_Forward_Left) using current/default (AnimCompress_BitwiseCompressOnly_0) bFirstRecompressUsingCurrentOrDefault(1) bTryAlternateCompressor(0) IsCompressedDataValid(0)
[2018.01.07-20.39.31:959][  0]LogAnimationCompression: Building Anim DDC data for AnimSequence /Game/Characters/Y_Bot/Animations/Crossbow/Crossbow_Run_Forward_Right.Crossbow_Run_Forward_Right
[2018.01.07-20.39.31:960][  0]LogAnimationCompression: Recompressing (AnimSequence /Game/Characters/Y_Bot/Animations/Crossbow/Crossbow_Run_Forward_Right.Crossbow_Run_Forward_Right) using current/default (AnimCompress_BitwiseCompressOnly_0) bFirstRecompressUsingCurrentOrDefault(1) bTryAlternateCompressor(0) IsCompressedDataValid(0)
[2018.01.07-20.39.31:976][  0]LogAnimationCompression: Building Anim DDC data for AnimSequence /Game/Characters/Y_Bot/Animations/Crossbow/Crossbow_Run_Left.Crossbow_Run_Left
[2018.01.07-20.39.31:976][  0]LogAnimationCompression: Recompressing (AnimSequence /Game/Characters/Y_Bot/Animations/Crossbow/Crossbow_Run_Left.Crossbow_Run_Left) using current/default (AnimCompress_BitwiseCompressOnly_0) bFirstRecompressUsingCurrentOrDefault(1) bTryAlternateCompressor(0) IsCompressedDataValid(0)
[2018.01.07-20.39.31:978][  0]LogAnimationCompression: Building Anim DDC data for AnimSequence /Game/Characters/Y_Bot/Animations/Crossbow/Crossbow_Run_Right.Crossbow_Run_Right
[2018.01.07-20.39.31:978][  0]LogAnimationCompression: Recompressing (AnimSequence /Game/Characters/Y_Bot/Animations/Crossbow/Crossbow_Run_Right.Crossbow_Run_Right) using current/default (AnimCompress_BitwiseCompressOnly_0) bFirstRecompressUsingCurrentOrDefault(1) bTryAlternateCompressor(0) IsCompressedDataValid(0)
[2018.01.07-20.39.31:980][  0]LogAnimationCompression: Building Anim DDC data for AnimSequence /Game/Characters/Y_Bot/Animations/Crossbow_Crouch/Aiming_Crossbow_Crouch_Walk_Left.Aiming_Crossbow_Crouch_Walk_Left
[2018.01.07-20.39.31:980][  0]LogAnimationCompression: Recompressing (AnimSequence /Game/Characters/Y_Bot/Animations/Crossbow_Crouch/Aiming_Crossbow_Crouch_Walk_Left.Aiming_Crossbow_Crouch_Walk_Left) using current/default (AnimCompress_BitwiseCompressOnly_0) bFirstRecompressUsingCurrentOrDefault(1) bTryAlternateCompressor(0) IsCompressedDataValid(0)
[2018.01.07-20.39.31:981][  0]LogAnimationCompression: Building Anim DDC data for AnimSequence /Game/Characters/Y_Bot/Animations/Crossbow_Crouch/Aiming_Crossbow_Crouch_Backwards.Aiming_Crossbow_Crouch_Backwards
[2018.01.07-20.39.31:981][  0]LogAnimationCompression: Recompressing (AnimSequence /Game/Characters/Y_Bot/Animations/Crossbow_Crouch/Aiming_Crossbow_Crouch_Backwards.Aiming_Crossbow_Crouch_Backwards) using current/default (AnimCompress_BitwiseCompressOnly_0) bFirstRecompressUsingCurrentOrDefault(1) bTryAlternateCompressor(0) IsCompressedDataValid(0)
[2018.01.07-20.39.31:983][  0]LogAnimationCompression: Building Anim DDC data for AnimSequence /Game/Characters/Y_Bot/Animations/Crossbow_Crouch/Aiming_Crossbow_Crouch_Walk_Right.Aiming_Crossbow_Crouch_Walk_Right
[2018.01.07-20.39.31:983][  0]LogAnimationCompression: Recompressing (AnimSequence /Game/Characters/Y_Bot/Animations/Crossbow_Crouch/Aiming_Crossbow_Crouch_Walk_Right.Aiming_Crossbow_Crouch_Walk_Right) using current/default (AnimCompress_BitwiseCompressOnly_0) bFirstRecompressUsingCurrentOrDefault(1) bTryAlternateCompressor(0) IsCompressedDataValid(0)
[2018.01.07-20.39.31:985][  0]LogAnimationCompression: Building Anim DDC data for AnimSequence /Game/Characters/Y_Bot/Animations/Crossbow_Crouch/Aiming_Crossbow_Crouch_Forward.Aiming_Crossbow_Crouch_Forward
[2018.01.07-20.39.31:986][  0]LogAnimationCompression: Recompressing (AnimSequence /Game/Characters/Y_Bot/Animations/Crossbow_Crouch/Aiming_Crossbow_Crouch_Forward.Aiming_Crossbow_Crouch_Forward) using current/default (AnimCompress_BitwiseCompressOnly_0) bFirstRecompressUsingCurrentOrDefault(1) bTryAlternateCompressor(0) IsCompressedDataValid(0)
[2018.01.07-20.39.31:987][  0]LogAnimationCompression: Building Anim DDC data for AnimSequence /Game/Characters/Y_Bot/Animations/Crossbow_Crouch/Crossbow_Crouch_Walk_Left.Crossbow_Crouch_Walk_Left
[2018.01.07-20.39.31:987][  0]LogAnimationCompression: Recompressing (AnimSequence /Game/Characters/Y_Bot/Animations/Crossbow_Crouch/Crossbow_Crouch_Walk_Left.Crossbow_Crouch_Walk_Left) using current/default (AnimCompress_BitwiseCompressOnly_0) bFirstRecompressUsingCurrentOrDefault(1) bTryAlternateCompressor(0) IsCompressedDataValid(0)
[2018.01.07-20.39.31:988][  0]LogAnimationCompression: Building Anim DDC data for AnimSequence /Game/Characters/Y_Bot/Animations/Crossbow/Aiming_Crossbow_Walk_Left.Aiming_Crossbow_Walk_Left
[2018.01.07-20.39.31:988][  0]LogAnimationCompression: Recompressing (AnimSequence /Game/Characters/Y_Bot/Animations/Crossbow/Aiming_Crossbow_Walk_Left.Aiming_Crossbow_Walk_Left) using current/default (AnimCompress_BitwiseCompressOnly_0) bFirstRecompressUsingCurrentOrDefault(1) bTryAlternateCompressor(0) IsCompressedDataValid(0)
[2018.01.07-20.39.31:990][  0]LogAnimationCompression: Building Anim DDC data for AnimSequence /Game/Characters/Y_Bot/Animations/Crossbow/Aiming_Crossbow_Walk_Forward.Aiming_Crossbow_Walk_Forward
[2018.01.07-20.39.31:990][  0]LogAnimationCompression: Recompressing (AnimSequence /Game/Characters/Y_Bot/Animations/Crossbow/Aiming_Crossbow_Walk_Forward.Aiming_Crossbow_Walk_Forward) using current/default (AnimCompress_BitwiseCompressOnly_0) bFirstRecompressUsingCurrentOrDefault(1) bTryAlternateCompressor(0) IsCompressedDataValid(0)
[2018.01.07-20.39.31:991][  0]LogAnimationCompression: Building Anim DDC data for AnimSequence /Game/Characters/Y_Bot/Animations/Crossbow/Aiming_Crossbow_Walk_Right.Aiming_Crossbow_Walk_Right
[2018.01.07-20.39.31:991][  0]LogAnimationCompression: Recompressing (AnimSequence /Game/Characters/Y_Bot/Animations/Crossbow/Aiming_Crossbow_Walk_Right.Aiming_Crossbow_Walk_Right) using current/default (AnimCompress_BitwiseCompressOnly_0) bFirstRecompressUsingCurrentOrDefault(1) bTryAlternateCompressor(0) IsCompressedDataValid(0)
[2018.01.07-20.39.31:993][  0]LogAnimationCompression: Building Anim DDC data for AnimSequence /Game/Characters/Y_Bot/Animations/Crossbow/Aiming_Crossbow_Walk_Backwards.Aiming_Crossbow_Walk_Backwards
[2018.01.07-20.39.31:993][  0]LogAnimationCompression: Recompressing (AnimSequence /Game/Characters/Y_Bot/Animations/Crossbow/Aiming_Crossbow_Walk_Backwards.Aiming_Crossbow_Walk_Backwards) using current/default (AnimCompress_BitwiseCompressOnly_0) bFirstRecompressUsingCurrentOrDefault(1) bTryAlternateCompressor(0) IsCompressedDataValid(0)
[2018.01.07-20.39.31:994][  0]LogAnimationCompression: Building Anim DDC data for AnimSequence /Game/Characters/Y_Bot/Animations/Crossbow/Crossbow_Walk_Backward_Right.Crossbow_Walk_Backward_Right
[2018.01.07-20.39.31:994][  0]LogAnimationCompression: Recompressing (AnimSequence /Game/Characters/Y_Bot/Animations/Crossbow/Crossbow_Walk_Backward_Right.Crossbow_Walk_Backward_Right) using current/default (AnimCompress_BitwiseCompressOnly_0) bFirstRecompressUsingCurrentOrDefault(1) bTryAlternateCompressor(0) IsCompressedDataValid(0)
[2018.01.07-20.39.31:995][  0]LogAnimationCompression: Building Anim DDC data for AnimSequence /Game/Characters/Y_Bot/Animations/Crossbow/Crossbow_Walk_Backward_Left.Crossbow_Walk_Backward_Left
[2018.01.07-20.39.31:996][  0]LogAnimationCompression: Recompressing (AnimSequence /Game/Characters/Y_Bot/Animations/Crossbow/Crossbow_Walk_Backward_Left.Crossbow_Walk_Backward_Left) using current/default (AnimCompress_BitwiseCompressOnly_0) bFirstRecompressUsingCurrentOrDefault(1) bTryAlternateCompressor(0) IsCompressedDataValid(0)
[2018.01.07-20.39.31:996][  0]LogAnimationCompression: Building Anim DDC data for AnimSequence /Game/Characters/Y_Bot/Animations/Crossbow_Crouch/Crossbow_Crouch_Walk_Right.Crossbow_Crouch_Walk_Right
[2018.01.07-20.39.31:996][  0]LogAnimationCompression: Recompressing (AnimSequence /Game/Characters/Y_Bot/Animations/Crossbow_Crouch/Crossbow_Crouch_Walk_Right.Crossbow_Crouch_Walk_Right) using current/default (AnimCompress_BitwiseCompressOnly_0) bFirstRecompressUsingCurrentOrDefault(1) bTryAlternateCompressor(0) IsCompressedDataValid(0)
[2018.01.07-20.39.31:998][  0]LogAnimationCompression: Building Anim DDC data for AnimSequence /Game/Characters/Y_Bot/Animations/Crossbow_Crouch/Crossbow_Crouch_Walk_Forward_Right.Crossbow_Crouch_Walk_Forward_Right
[2018.01.07-20.39.31:998][  0]LogAnimationCompression: Recompressing (AnimSequence /Game/Characters/Y_Bot/Animations/Crossbow_Crouch/Crossbow_Crouch_Walk_Forward_Right.Crossbow_Crouch_Walk_Forward_Right) using current/default (AnimCompress_BitwiseCompressOnly_0) bFirstRecompressUsingCurrentOrDefault(1) bTryAlternateCompressor(0) IsCompressedDataValid(0)
[2018.01.07-20.39.32:000][  0]LogAnimationCompression: Building Anim DDC data for AnimSequence /Game/Characters/Y_Bot/Animations/Crossbow_Crouch/Crossbow_Crouch_Walk_Forward_Left.Crossbow_Crouch_Walk_Forward_Left
[2018.01.07-20.39.32:000][  0]LogAnimationCompression: Recompressing (AnimSequence /Game/Characters/Y_Bot/Animations/Crossbow_Crouch/Crossbow_Crouch_Walk_Forward_Left.Crossbow_Crouch_Walk_Forward_Left) using current/default (AnimCompress_BitwiseCompressOnly_0) bFirstRecompressUsingCurrentOrDefault(1) bTryAlternateCompressor(0) IsCompressedDataValid(0)
[2018.01.07-20.39.32:010][  0]LogAnimationCompression: Building Anim DDC data for AnimSequence /Game/Characters/Y_Bot/Animations/Crossbow_Crouch/Crossbow_Crouch_Walk_Forward.Crossbow_Crouch_Walk_Forward
[2018.01.07-20.39.32:010][  0]LogAnimationCompression: Recompressing (AnimSequence /Game/Characters/Y_Bot/Animations/Crossbow_Crouch/Crossbow_Crouch_Walk_Forward.Crossbow_Crouch_Walk_Forward) using current/default (AnimCompress_BitwiseCompressOnly_0) bFirstRecompressUsingCurrentOrDefault(1) bTryAlternateCompressor(0) IsCompressedDataValid(0)
[2018.01.07-20.39.32:014][  0]LogAnimationCompression: Building Anim DDC data for AnimSequence /Game/Characters/Y_Bot/Animations/Crossbow_Crouch/Crossbow_Crouch_Walk_Back_Right.Crossbow_Crouch_Walk_Back_Right
[2018.01.07-20.39.32:014][  0]LogAnimationCompression: Recompressing (AnimSequence /Game/Characters/Y_Bot/Animations/Crossbow_Crouch/Crossbow_Crouch_Walk_Back_Right.Crossbow_Crouch_Walk_Back_Right) using current/default (AnimCompress_BitwiseCompressOnly_0) bFirstRecompressUsingCurrentOrDefault(1) bTryAlternateCompressor(0) IsCompressedDataValid(0)
[2018.01.07-20.39.32:024][  0]LogAnimationCompression: Building Anim DDC data for AnimSequence /Game/Characters/Y_Bot/Animations/Crossbow_Crouch/Crossbow_Crouch_Walk_Back_Left.Crossbow_Crouch_Walk_Back_Left
[2018.01.07-20.39.32:024][  0]LogAnimationCompression: Recompressing (AnimSequence /Game/Characters/Y_Bot/Animations/Crossbow_Crouch/Crossbow_Crouch_Walk_Back_Left.Crossbow_Crouch_Walk_Back_Left) using current/default (AnimCompress_BitwiseCompressOnly_0) bFirstRecompressUsingCurrentOrDefault(1) bTryAlternateCompressor(0) IsCompressedDataValid(0)
[2018.01.07-20.39.32:025][  0]LogAnimationCompression: Building Anim DDC data for AnimSequence /Game/Characters/Y_Bot/Animations/Crossbow_Crouch/Crossbow_Crouch_Walk_Back.Crossbow_Crouch_Walk_Back
[2018.01.07-20.39.32:025][  0]LogAnimationCompression: Recompressing (AnimSequence /Game/Characters/Y_Bot/Animations/Crossbow_Crouch/Crossbow_Crouch_Walk_Back.Crossbow_Crouch_Walk_Back) using current/default (AnimCompress_BitwiseCompressOnly_0) bFirstRecompressUsingCurrentOrDefault(1) bTryAlternateCompressor(0) IsCompressedDataValid(0)
[2018.01.07-20.39.32:028][  0]LogAnimationCompression: Building Anim DDC data for AnimSequence /Game/Characters/Y_Bot/Animations/Crossbow/Aiming_Crossbow_Run_Right.Aiming_Crossbow_Run_Right
[2018.01.07-20.39.32:029][  0]LogAnimationCompression: Recompressing (AnimSequence /Game/Characters/Y_Bot/Animations/Crossbow/Aiming_Crossbow_Run_Right.Aiming_Crossbow_Run_Right) using current/default (AnimCompress_BitwiseCompressOnly_0) bFirstRecompressUsingCurrentOrDefault(1) bTryAlternateCompressor(0) IsCompressedDataValid(0)
[2018.01.07-20.39.32:029][  0]LogAnimationCompression: Building Anim DDC data for AnimSequence /Game/Characters/Y_Bot/Animations/Crossbow/Aiming_Crossbow_Run_Left.Aiming_Crossbow_Run_Left
[2018.01.07-20.39.32:030][  0]LogAnimationCompression: Recompressing (AnimSequence /Game/Characters/Y_Bot/Animations/Crossbow/Aiming_Crossbow_Run_Left.Aiming_Crossbow_Run_Left) using current/default (AnimCompress_BitwiseCompressOnly_0) bFirstRecompressUsingCurrentOrDefault(1) bTryAlternateCompressor(0) IsCompressedDataValid(0)
[2018.01.07-20.39.32:030][  0]LogAnimationCompression: Building Anim DDC data for AnimSequence /Game/Characters/Y_Bot/Animations/Crossbow/Aiming_Crossbow_Run_Forward_Right.Aiming_Crossbow_Run_Forward_Right
[2018.01.07-20.39.32:030][  0]LogAnimationCompression: Recompressing (AnimSequence /Game/Characters/Y_Bot/Animations/Crossbow/Aiming_Crossbow_Run_Forward_Right.Aiming_Crossbow_Run_Forward_Right) using current/default (AnimCompress_BitwiseCompressOnly_0) bFirstRecompressUsingCurrentOrDefault(1) bTryAlternateCompressor(0) IsCompressedDataValid(0)
[2018.01.07-20.39.32:049][  0]LogAnimationCompression: Building Anim DDC data for AnimSequence /Game/Characters/Y_Bot/Animations/Crossbow/Aiming_Crossbow_Run_Forward_Left.Aiming_Crossbow_Run_Forward_Left
[2018.01.07-20.39.32:049][  0]LogAnimationCompression: Recompressing (AnimSequence /Game/Characters/Y_Bot/Animations/Crossbow/Aiming_Crossbow_Run_Forward_Left.Aiming_Crossbow_Run_Forward_Left) using current/default (AnimCompress_BitwiseCompressOnly_0) bFirstRecompressUsingCurrentOrDefault(1) bTryAlternateCompressor(0) IsCompressedDataValid(0)
[2018.01.07-20.39.32:050][  0]LogAnimationCompression: Building Anim DDC data for AnimSequence /Game/Characters/Y_Bot/Animations/Crossbow/Aiming_Crossbow_Run_Forward.Aiming_Crossbow_Run_Forward
[2018.01.07-20.39.32:050][  0]LogAnimationCompression: Recompressing (AnimSequence /Game/Characters/Y_Bot/Animations/Crossbow/Aiming_Crossbow_Run_Forward.Aiming_Crossbow_Run_Forward) using current/default (AnimCompress_BitwiseCompressOnly_0) bFirstRecompressUsingCurrentOrDefault(1) bTryAlternateCompressor(0) IsCompressedDataValid(0)
[2018.01.07-20.39.32:052][  0]LogAnimationCompression: Building Anim DDC data for AnimSequence /Game/Characters/Y_Bot/Animations/Crossbow/Aiming_Crossbow_Run_Back_Right.Aiming_Crossbow_Run_Back_Right
[2018.01.07-20.39.32:052][  0]LogAnimationCompression: Recompressing (AnimSequence /Game/Characters/Y_Bot/Animations/Crossbow/Aiming_Crossbow_Run_Back_Right.Aiming_Crossbow_Run_Back_Right) using current/default (AnimCompress_BitwiseCompressOnly_0) bFirstRecompressUsingCurrentOrDefault(1) bTryAlternateCompressor(0) IsCompressedDataValid(0)
[2018.01.07-20.39.32:053][  0]LogAnimationCompression: Building Anim DDC data for AnimSequence /Game/Characters/Y_Bot/Animations/Crossbow/Aiming_Crossbow_Run_Back_Left.Aiming_Crossbow_Run_Back_Left
[2018.01.07-20.39.32:053][  0]LogAnimationCompression: Recompressing (AnimSequence /Game/Characters/Y_Bot/Animations/Crossbow/Aiming_Crossbow_Run_Back_Left.Aiming_Crossbow_Run_Back_Left) using current/default (AnimCompress_BitwiseCompressOnly_0) bFirstRecompressUsingCurrentOrDefault(1) bTryAlternateCompressor(0) IsCompressedDataValid(0)
[2018.01.07-20.39.32:072][  0]LogAnimationCompression: Building Anim DDC data for AnimSequence /Game/Characters/Y_Bot/Animations/Crossbow/Aiming_Crossbow_Run_Back.Aiming_Crossbow_Run_Back
[2018.01.07-20.39.32:072][  0]LogAnimationCompression: Recompressing (AnimSequence /Game/Characters/Y_Bot/Animations/Crossbow/Aiming_Crossbow_Run_Back.Aiming_Crossbow_Run_Back) using current/default (AnimCompress_BitwiseCompressOnly_0) bFirstRecompressUsingCurrentOrDefault(1) bTryAlternateCompressor(0) IsCompressedDataValid(0)
[2018.01.07-20.39.32:073][  0]LogAnimationCompression: Building Anim DDC data for AnimSequence /Game/Characters/Y_Bot/Animations/Crossbow/Crossbow_Run_Back.Crossbow_Run_Back
[2018.01.07-20.39.32:073][  0]LogAnimationCompression: Recompressing (AnimSequence /Game/Characters/Y_Bot/Animations/Crossbow/Crossbow_Run_Back.Crossbow_Run_Back) using current/default (AnimCompress_BitwiseCompressOnly_2) bFirstRecompressUsingCurrentOrDefault(1) bTryAlternateCompressor(0) IsCompressedDataValid(0)
[2018.01.07-20.39.32:074][  0]LogAnimationCompression: Building Anim DDC data for AnimSequence /Game/Characters/Y_Bot/Animations/Crossbow/Crossbow_Run_Back_Left.Crossbow_Run_Back_Left
[2018.01.07-20.39.32:074][  0]LogAnimationCompression: Recompressing (AnimSequence /Game/Characters/Y_Bot/Animations/Crossbow/Crossbow_Run_Back_Left.Crossbow_Run_Back_Left) using current/default (AnimCompress_BitwiseCompressOnly_0) bFirstRecompressUsingCurrentOrDefault(1) bTryAlternateCompressor(0) IsCompressedDataValid(0)
[2018.01.07-20.39.32:107][  0]LogAnimationCompression: Building Anim DDC data for AnimSequence /Game/Characters/Y_Bot/Animations/ShieldAndSword/Sword_And_Shield_Strafe_Right.Sword_And_Shield_Strafe_Right
[2018.01.07-20.39.32:107][  0]LogAnimationCompression: Recompressing (AnimSequence /Game/Characters/Y_Bot/Animations/ShieldAndSword/Sword_And_Shield_Strafe_Right.Sword_And_Shield_Strafe_Right) using current/default (AnimCompress_BitwiseCompressOnly_0) bFirstRecompressUsingCurrentOrDefault(1) bTryAlternateCompressor(0) IsCompressedDataValid(0)
[2018.01.07-20.39.32:109][  0]LogAnimationCompression: Building Anim DDC data for AnimSequence /Game/Characters/Y_Bot/Animations/ShieldAndSword/Sword_And_Shield_Strafe_Left.Sword_And_Shield_Strafe_Left
[2018.01.07-20.39.32:109][  0]LogAnimationCompression: Recompressing (AnimSequence /Game/Characters/Y_Bot/Animations/ShieldAndSword/Sword_And_Shield_Strafe_Left.Sword_And_Shield_Strafe_Left) using current/default (AnimCompress_BitwiseCompressOnly_0) bFirstRecompressUsingCurrentOrDefault(1) bTryAlternateCompressor(0) IsCompressedDataValid(0)
[2018.01.07-20.39.32:111][  0]LogAnimationCompression: Building Anim DDC data for AnimSequence /Game/Characters/Y_Bot/Animations/ShieldAndSword/Sword_And_Shield_Walk_Back.Sword_And_Shield_Walk_Back
[2018.01.07-20.39.32:111][  0]LogAnimationCompression: Recompressing (AnimSequence /Game/Characters/Y_Bot/Animations/ShieldAndSword/Sword_And_Shield_Walk_Back.Sword_And_Shield_Walk_Back) using current/default (AnimCompress_BitwiseCompressOnly_0) bFirstRecompressUsingCurrentOrDefault(1) bTryAlternateCompressor(0) IsCompressedDataValid(0)
[2018.01.07-20.39.32:113][  0]LogAnimationCompression: Building Anim DDC data for AnimSequence /Game/Characters/Y_Bot/Animations/ShieldAndSword/sword_and_shield_walk.sword_and_shield_walk
[2018.01.07-20.39.32:113][  0]LogAnimationCompression: Recompressing (AnimSequence /Game/Characters/Y_Bot/Animations/ShieldAndSword/sword_and_shield_walk.sword_and_shield_walk) using current/default (AnimCompress_BitwiseCompressOnly_0) bFirstRecompressUsingCurrentOrDefault(1) bTryAlternateCompressor(0) IsCompressedDataValid(0)
[2018.01.07-20.39.32:406][  0]LogAnimationCompression: Building Anim DDC data for AnimSequence /Game/Characters/Y_Bot/Animations/ShieldAndSword/sword_and_shield_slash.sword_and_shield_slash
[2018.01.07-20.39.32:406][  0]LogAnimationCompression: Recompressing (AnimSequence /Game/Characters/Y_Bot/Animations/ShieldAndSword/sword_and_shield_slash.sword_and_shield_slash) using current/default (AnimCompress_BitwiseCompressOnly_0) bFirstRecompressUsingCurrentOrDefault(1) bTryAlternateCompressor(0) IsCompressedDataValid(0)
[2018.01.07-20.39.32:449][  0]LogAnimationCompression: Building Anim DDC data for AnimSequence /Game/Characters/Y_Bot/Animations/ShieldAndSword/sword_and_shield_slash__3_.sword_and_shield_slash__3_
[2018.01.07-20.39.32:449][  0]LogAnimationCompression: Recompressing (AnimSequence /Game/Characters/Y_Bot/Animations/ShieldAndSword/sword_and_shield_slash__3_.sword_and_shield_slash__3_) using current/default (AnimCompress_BitwiseCompressOnly_0) bFirstRecompressUsingCurrentOrDefault(1) bTryAlternateCompressor(0) IsCompressedDataValid(0)
[2018.01.07-20.39.32:496][  0]LogAnimationCompression: Building Anim DDC data for AnimSequence /Game/Characters/Y_Bot/Animations/ShieldAndSword/sword_and_shield_kick.sword_and_shield_kick
[2018.01.07-20.39.32:496][  0]LogAnimationCompression: Recompressing (AnimSequence /Game/Characters/Y_Bot/Animations/ShieldAndSword/sword_and_shield_kick.sword_and_shield_kick) using current/default (AnimCompress_BitwiseCompressOnly_0) bFirstRecompressUsingCurrentOrDefault(1) bTryAlternateCompressor(0) IsCompressedDataValid(0)
[2018.01.07-20.39.32:542][  0]LogAnimationCompression: Building Anim DDC data for AnimSequence /Game/Characters/Y_Bot/Animations/ShieldAndSword/draw_sword_2.draw_sword_2
[2018.01.07-20.39.32:542][  0]LogAnimationCompression: Recompressing (AnimSequence /Game/Characters/Y_Bot/Animations/ShieldAndSword/draw_sword_2.draw_sword_2) using current/default (AnimCompress_BitwiseCompressOnly_0) bFirstRecompressUsingCurrentOrDefault(1) bTryAlternateCompressor(0) IsCompressedDataValid(0)
[2018.01.07-20.39.32:571][  0]LogAnimationCompression: Building Anim DDC data for AnimSequence /Game/Characters/Y_Bot/Animations/ShieldAndSword/draw_sword_1.draw_sword_1
[2018.01.07-20.39.32:571][  0]LogAnimationCompression: Recompressing (AnimSequence /Game/Characters/Y_Bot/Animations/ShieldAndSword/draw_sword_1.draw_sword_1) using current/default (AnimCompress_BitwiseCompressOnly_0) bFirstRecompressUsingCurrentOrDefault(1) bTryAlternateCompressor(0) IsCompressedDataValid(0)
[2018.01.07-20.39.32:572][  0]LogAnimationCompression: Building Anim DDC data for AnimSequence /Game/Characters/Y_Bot/Animations/ShieldAndSword/sheath_sword_2.sheath_sword_2
[2018.01.07-20.39.32:572][  0]LogAnimationCompression: Recompressing (AnimSequence /Game/Characters/Y_Bot/Animations/ShieldAndSword/sheath_sword_2.sheath_sword_2) using current/default (AnimCompress_BitwiseCompressOnly_0) bFirstRecompressUsingCurrentOrDefault(1) bTryAlternateCompressor(0) IsCompressedDataValid(0)
[2018.01.07-20.39.32:573][  0]LogAnimationCompression: Building Anim DDC data for AnimSequence /Game/Characters/Y_Bot/Animations/ShieldAndSword/sheath_sword_1.sheath_sword_1
[2018.01.07-20.39.32:574][  0]LogAnimationCompression: Recompressing (AnimSequence /Game/Characters/Y_Bot/Animations/ShieldAndSword/sheath_sword_1.sheath_sword_1) using current/default (AnimCompress_BitwiseCompressOnly_0) bFirstRecompressUsingCurrentOrDefault(1) bTryAlternateCompressor(0) IsCompressedDataValid(0)
[2018.01.07-20.39.32:768][  0]LogAIModule: Creating AISystem for world Arena1
[2018.01.07-20.39.32:772][  0]LogLoad: Game class is 'ArenaPlay_C'
[2018.01.07-20.39.32:789][  0]LogWorld: Bringing World /Game/Levels/Arena1.Arena1 up for play (max tick rate 0) at 2018.01.07-21.39.32
[2018.01.07-20.39.32:789][  0]LogWorld: Bringing up level for play took: 0.015827
[2018.01.07-20.39.32:794][  0]LogLoad: Took 22.571738 seconds to LoadMap(/Game/Levels/Arena1)
[2018.01.07-20.39.33:016][  0]LogRenderer: Reallocating scene render targets to support 600x800 Format 10 NumSamples 1 (Frame:1).
[2018.01.07-20.39.33:016][  0]LogRenderer: Reallocating scene render targets to support 1280x800 Format 10 NumSamples 1 (Frame:1).
[2018.01.07-20.39.33:016][  0]LogLoad: (Engine Initialization) Total time: 38.56 seconds
[2018.01.07-20.39.33:016][  0]LogLoad: (Engine Initialization) Total Blueprint compile time: 0.00 seconds
[2018.01.07-20.39.33:016][  0]LogExternalProfiler: Found external profiler: VSPerf
[2018.01.07-20.39.33:016][  0]LogExternalProfiler: Using external profiler: VSPerf
[2018.01.07-20.39.33:038][  0]LogContentStreaming: Texture pool size now 1000 MB
[2018.01.07-20.39.33:046][  1]LogRenderer: Reallocating scene render targets to support 600x800 Format 10 NumSamples 1 (Frame:1).
[2018.01.07-20.39.33:323][  1]LogRenderer: Reallocating scene render targets to support 1280x720 Format 10 NumSamples 1 (Frame:2).
[2018.01.07-20.39.33:352][  2]LogRenderer: Reallocating scene render targets to support 600x800 Format 10 NumSamples 1 (Frame:3).
[2018.01.07-20.39.33:368][  3]LogRenderer: Reallocating scene render targets to support 1280x800 Format 10 NumSamples 1 (Frame:3).
[2018.01.07-20.40.26:533][296]LogRenderer: Reallocating scene render targets to support 1920x1080 Format 10 NumSamples 1 (Frame:3298).
[2018.01.07-20.40.26:552][298]LogRenderer: Reallocating scene render targets to support 600x800 Format 10 NumSamples 1 (Frame:3299).
[2018.01.07-20.40.26:555][298]LogRenderer: Reallocating scene render targets to support 1920x1080 Format 10 NumSamples 1 (Frame:3299).
[2018.01.07-20.40.44:874][226]LogScriptCore: Warning: Script Msg: Attempted to access index 3 from array 'Array' of length 3 in '/Game/UI/UI_Inventory.UI_Inventory_C:SetWidgetStyle(Button)'!
[2018.01.07-20.40.44:874][226]LogScriptCore: Warning: Script Msg: Attempted to access index 3 from array 'Inventory' of length 3 in '/Game/GameBase/Player_One.Player_One_C'!
[2018.01.07-20.40.44:874][226]LogScriptCore: Warning: Script Msg: Attempted to access index 4 from array 'Array' of length 3 in '/Game/UI/UI_Inventory.UI_Inventory_C:SetWidgetStyle(Button)'!
[2018.01.07-20.40.44:874][226]LogScriptCore: Warning: Script Msg: Attempted to access index 4 from array 'Inventory' of length 3 in '/Game/GameBase/Player_One.Player_One_C'!
[2018.01.07-20.40.44:875][226]LogScriptCore: Warning: Script Msg: Attempted to access index 5 from array 'Array' of length 3 in '/Game/UI/UI_Inventory.UI_Inventory_C:SetWidgetStyle(Button)'!
[2018.01.07-20.40.44:875][226]LogScriptCore: Warning: Script Msg: Attempted to access index 5 from array 'Inventory' of length 3 in '/Game/GameBase/Player_One.Player_One_C'!
[2018.01.07-20.40.44:875][226]LogScriptCore: Warning: Script Msg: Attempted to access index 6 from array 'Array' of length 3 in '/Game/UI/UI_Inventory.UI_Inventory_C:SetWidgetStyle(Button)'!
[2018.01.07-20.40.44:875][226]LogScriptCore: Warning: Script Msg: Attempted to access index 6 from array 'Inventory' of length 3 in '/Game/GameBase/Player_One.Player_One_C'!
[2018.01.07-20.40.44:875][226]LogScriptCore: Warning: Script Msg: Attempted to access index 7 from array 'Array' of length 3 in '/Game/UI/UI_Inventory.UI_Inventory_C:SetWidgetStyle(Button)'!
[2018.01.07-20.40.44:875][226]LogScriptCore: Warning: Script Msg: Attempted to access index 7 from array 'Inventory' of length 3 in '/Game/GameBase/Player_One.Player_One_C'!
[2018.01.07-20.40.46:062][288]LogScriptCore: Warning: Script Msg: Attempted to access index 3 from array 'Array' of length 3 in '/Game/UI/UI_Inventory.UI_Inventory_C:SetWidgetStyle(Button)'!
[2018.01.07-20.40.46:062][288]LogScriptCore: Warning: Script Msg: Attempted to access index 3 from array 'Inventory' of length 3 in '/Game/GameBase/Player_One.Player_One_C'!
[2018.01.07-20.40.46:062][288]LogScriptCore: Warning: Script Msg: Attempted to access index 4 from array 'Array' of length 3 in '/Game/UI/UI_Inventory.UI_Inventory_C:SetWidgetStyle(Button)'!
[2018.01.07-20.40.46:062][288]LogScriptCore: Warning: Script Msg: Attempted to access index 4 from array 'Inventory' of length 3 in '/Game/GameBase/Player_One.Player_One_C'!
[2018.01.07-20.40.46:062][288]LogScriptCore: Warning: Script Msg: Attempted to access index 5 from array 'Array' of length 3 in '/Game/UI/UI_Inventory.UI_Inventory_C:SetWidgetStyle(Button)'!
[2018.01.07-20.40.46:062][288]LogScriptCore: Warning: Script Msg: Attempted to access index 5 from array 'Inventory' of length 3 in '/Game/GameBase/Player_One.Player_One_C'!
[2018.01.07-20.40.46:063][288]LogScriptCore: Warning: Script Msg: Attempted to access index 6 from array 'Array' of length 3 in '/Game/UI/UI_Inventory.UI_Inventory_C:SetWidgetStyle(Button)'!
[2018.01.07-20.40.46:063][288]LogScriptCore: Warning: Script Msg: Attempted to access index 6 from array 'Inventory' of length 3 in '/Game/GameBase/Player_One.Player_One_C'!
[2018.01.07-20.40.46:063][288]LogScriptCore: Warning: Script Msg: Attempted to access index 7 from array 'Array' of length 3 in '/Game/UI/UI_Inventory.UI_Inventory_C:SetWidgetStyle(Button)'!
[2018.01.07-20.40.46:063][288]LogScriptCore: Warning: Script Msg: Attempted to access index 7 from array 'Inventory' of length 3 in '/Game/GameBase/Player_One.Player_One_C'!
[2018.01.07-20.40.46:063][288]LogScriptCore: Warning: Script Msg: Attempted to remove an item from an invalid index from array Equipment [0/0]!
[2018.01.07-20.40.46:709][321]LogScriptCore: Warning: Script Msg: Attempted to access index 2 from array 'Array' of length 2 in '/Game/UI/UI_Inventory.UI_Inventory_C:SetWidgetStyle(Button)'!
[2018.01.07-20.40.46:709][321]LogScriptCore: Warning: Script Msg: Attempted to access index 2 from array 'Inventory' of length 2 in '/Game/GameBase/Player_One.Player_One_C'!
[2018.01.07-20.40.46:709][321]LogScriptCore: Warning: Script Msg: Attempted to access index 3 from array 'Array' of length 2 in '/Game/UI/UI_Inventory.UI_Inventory_C:SetWidgetStyle(Button)'!
[2018.01.07-20.40.46:710][321]LogScriptCore: Warning: Script Msg: Attempted to access index 3 from array 'Inventory' of length 2 in '/Game/GameBase/Player_One.Player_One_C'!
[2018.01.07-20.40.46:710][321]LogScriptCore: Warning: Script Msg: Attempted to access index 4 from array 'Array' of length 2 in '/Game/UI/UI_Inventory.UI_Inventory_C:SetWidgetStyle(Button)'!
[2018.01.07-20.40.46:710][321]LogScriptCore: Warning: Script Msg: Attempted to access index 4 from array 'Inventory' of length 2 in '/Game/GameBase/Player_One.Player_One_C'!
[2018.01.07-20.40.46:710][321]LogScriptCore: Warning: Script Msg: Attempted to access index 5 from array 'Array' of length 2 in '/Game/UI/UI_Inventory.UI_Inventory_C:SetWidgetStyle(Button)'!
[2018.01.07-20.40.46:710][321]LogScriptCore: Warning: Script Msg: Attempted to access index 5 from array 'Inventory' of length 2 in '/Game/GameBase/Player_One.Player_One_C'!
[2018.01.07-20.40.46:711][321]LogScriptCore: Warning: Script Msg: Attempted to access index 6 from array 'Array' of length 2 in '/Game/UI/UI_Inventory.UI_Inventory_C:SetWidgetStyle(Button)'!
[2018.01.07-20.40.46:711][321]LogScriptCore: Warning: Script Msg: Attempted to access index 6 from array 'Inventory' of length 2 in '/Game/GameBase/Player_One.Player_One_C'!
[2018.01.07-20.40.46:711][321]LogScriptCore: Warning: Script Msg: Attempted to access index 7 from array 'Array' of length 2 in '/Game/UI/UI_Inventory.UI_Inventory_C:SetWidgetStyle(Button)'!
[2018.01.07-20.40.46:711][321]LogScriptCore: Warning: Script Msg: Attempted to access index 7 from array 'Inventory' of length 2 in '/Game/GameBase/Player_One.Player_One_C'!
[2018.01.07-20.40.47:539][363]LogScriptCore: Warning: Script Msg: Attempted to access index 1 from array 'Array' of length 1 in '/Game/UI/UI_Inventory.UI_Inventory_C:SetWidgetStyle(Button)'!
[2018.01.07-20.40.47:539][363]LogScriptCore: Warning: Script Msg: Attempted to access index 1 from array 'Inventory' of length 1 in '/Game/GameBase/Player_One.Player_One_C'!
[2018.01.07-20.40.47:539][363]LogScriptCore: Warning: Script Msg: Attempted to access index 2 from array 'Array' of length 1 in '/Game/UI/UI_Inventory.UI_Inventory_C:SetWidgetStyle(Button)'!
[2018.01.07-20.40.47:539][363]LogScriptCore: Warning: Script Msg: Attempted to access index 2 from array 'Inventory' of length 1 in '/Game/GameBase/Player_One.Player_One_C'!
[2018.01.07-20.40.47:540][363]LogScriptCore: Warning: Script Msg: Attempted to access index 3 from array 'Array' of length 1 in '/Game/UI/UI_Inventory.UI_Inventory_C:SetWidgetStyle(Button)'!
[2018.01.07-20.40.47:540][363]LogScriptCore: Warning: Script Msg: Attempted to access index 3 from array 'Inventory' of length 1 in '/Game/GameBase/Player_One.Player_One_C'!
[2018.01.07-20.40.47:540][363]LogScriptCore: Warning: Script Msg: Attempted to access index 4 from array 'Array' of length 1 in '/Game/UI/UI_Inventory.UI_Inventory_C:SetWidgetStyle(Button)'!
[2018.01.07-20.40.47:540][363]LogScriptCore: Warning: Script Msg: Attempted to access index 4 from array 'Inventory' of length 1 in '/Game/GameBase/Player_One.Player_One_C'!
[2018.01.07-20.40.47:540][363]LogScriptCore: Warning: Script Msg: Attempted to access index 5 from array 'Array' of length 1 in '/Game/UI/UI_Inventory.UI_Inventory_C:SetWidgetStyle(Button)'!
[2018.01.07-20.40.47:540][363]LogScriptCore: Warning: Script Msg: Attempted to access index 5 from array 'Inventory' of length 1 in '/Game/GameBase/Player_One.Player_One_C'!
[2018.01.07-20.40.47:541][363]LogScriptCore: Warning: Script Msg: Attempted to access index 6 from array 'Array' of length 1 in '/Game/UI/UI_Inventory.UI_Inventory_C:SetWidgetStyle(Button)'!
[2018.01.07-20.40.47:541][363]LogScriptCore: Warning: Script Msg: Attempted to access index 6 from array 'Inventory' of length 1 in '/Game/GameBase/Player_One.Player_One_C'!
[2018.01.07-20.40.47:541][363]LogScriptCore: Warning: Script Msg: Attempted to access index 7 from array 'Array' of length 1 in '/Game/UI/UI_Inventory.UI_Inventory_C:SetWidgetStyle(Button)'!
[2018.01.07-20.40.47:541][363]LogScriptCore: Warning: Script Msg: Attempted to access index 7 from array 'Inventory' of length 1 in '/Game/GameBase/Player_One.Player_One_C'!
[2018.01.07-20.42.16:115][763]LogRenderer: Reallocating scene render targets to support 600x800 Format 10 NumSamples 1 (Frame:8765).
[2018.01.07-20.42.16:115][763]LogRenderer: Reallocating scene render targets to support 1280x800 Format 10 NumSamples 1 (Frame:8765).
[2018.01.07-20.42.18:937][929]LogWindowsTextInputMethodSystem: Display: IME system now deactivated.
[2018.01.07-20.42.18:939][929]LogEngine: All Windows Closed
[2018.01.07-20.42.18:939][929]LogWindows: FPlatformMisc::RequestExit(0)
[2018.01.07-20.42.19:236][930]LogExit: Preparing to exit.
[2018.01.07-20.42.19:237][930]LogMoviePlayer: Shutting down movie player
[2018.01.07-20.42.20:244][930]LogExit: Game engine shut down
[2018.01.07-20.42.20:408][930]LogExit: Object subsystem successfully closed.
[2018.01.07-20.42.20:444][930]LogD3D11RHI: Shutdown
[2018.01.07-20.42.20:445][930]LogD3D11RHI: CleanupD3DDevice
[2018.01.07-20.42.20:448][930]LogD3D11RHI: ~FD3D11DynamicRHI
[2018.01.07-20.42.20:471][930]LogModuleManager: Shutting down and abandoning module SequenceRecorderSections (312)
[2018.01.07-20.42.20:471][930]LogModuleManager: Shutting down and abandoning module SequenceRecorder (310)
[2018.01.07-20.42.20:471][930]LogModuleManager: Shutting down and abandoning module AutomationController (308)
[2018.01.07-20.42.20:472][930]LogModuleManager: Shutting down and abandoning module AutomationWorker (306)
[2018.01.07-20.42.20:472][930]LogModuleManager: Shutting down and abandoning module AIModule (304)
[2018.01.07-20.42.20:473][930]LogModuleManager: Shutting down and abandoning module GameplayDebugger (303)
[2018.01.07-20.42.20:473][930]LogModuleManager: Shutting down and abandoning module AITestSuite (301)
[2018.01.07-20.42.20:474][930]LogModuleManager: Shutting down and abandoning module WmfMediaFactory (298)
[2018.01.07-20.42.20:474][930]LogModuleManager: Shutting down and abandoning module OpenExrWrapper (296)
[2018.01.07-20.42.20:474][930]LogModuleManager: Shutting down and abandoning module ImgMediaFactory (294)
[2018.01.07-20.42.20:474][930]LogModuleManager: Shutting down and abandoning module AvfMediaFactory (292)
[2018.01.07-20.42.20:474][930]LogModuleManager: Shutting down and abandoning module CharacterAI (290)
[2018.01.07-20.42.20:474][930]LogModuleManager: Shutting down and abandoning module SessionServices (288)
[2018.01.07-20.42.20:474][930]LogModuleManager: Shutting down and abandoning module MovieSceneCapture (286)
[2018.01.07-20.42.20:474][930]LogModuleManager: Shutting down and abandoning module MovieSceneTracks (284)
[2018.01.07-20.42.20:474][930]LogModuleManager: Shutting down and abandoning module MovieScene (282)
[2018.01.07-20.42.20:474][930]LogModuleManager: Shutting down and abandoning module GeometryCache (280)
[2018.01.07-20.42.20:474][930]LogModuleManager: Shutting down and abandoning module GeometryCacheEd (279)
[2018.01.07-20.42.20:475][930]LogModuleManager: Shutting down and abandoning module StreamingPauseRendering (276)
[2018.01.07-20.42.20:475][930]LogModuleManager: Shutting down and abandoning module PortalServices (274)
[2018.01.07-20.42.20:475][930]LogModuleManager: Shutting down and abandoning module PortalRpc (272)
[2018.01.07-20.42.20:475][930]LogModuleManager: Shutting down and abandoning module MessagingRpc (270)
[2018.01.07-20.42.20:475][930]LogModuleManager: Shutting down and abandoning module ProfilerService (268)
[2018.01.07-20.42.20:625][930]LogModuleManager: Shutting down and abandoning module TaskGraph (266)
[2018.01.07-20.42.20:627][930]LogModuleManager: Shutting down and abandoning module SteamVRController (264)
[2018.01.07-20.42.20:627][930]LogModuleManager: Shutting down and abandoning module ProceduralMeshComponent (262)
[2018.01.07-20.42.20:628][930]LogModuleManager: Shutting down and abandoning module OculusInput (260)
[2018.01.07-20.42.20:628][930]LogModuleManager: Shutting down and abandoning module MobilePatchingUtils (258)
[2018.01.07-20.42.20:628][930]LogModuleManager: Shutting down and abandoning module CustomMeshComponent (256)
[2018.01.07-20.42.20:628][930]LogModuleManager: Shutting down and abandoning module CableComponent (254)
[2018.01.07-20.42.20:628][930]LogModuleManager: Shutting down and abandoning module ArchVisCharacter (252)
[2018.01.07-20.42.20:628][930]LogModuleManager: Shutting down and abandoning module AndroidPermission (250)
[2018.01.07-20.42.20:628][930]LogModuleManager: Shutting down and abandoning module ActorSequence (246)
[2018.01.07-20.42.20:628][930]LogModuleManager: Shutting down and abandoning module MediaCompositing (244)
[2018.01.07-20.42.20:628][930]LogModuleManager: Shutting down and abandoning module HTML5Networking (242)
[2018.01.07-20.42.20:628][930]LogModuleManager: Shutting down and abandoning module VisualStudioSourceCodeAccess (240)
[2018.01.07-20.42.20:628][930]LogModuleManager: Shutting down and abandoning module HotReload (239)
[2018.01.07-20.42.20:629][930]LogModuleManager: Shutting down and abandoning module VisualStudioCodeSourceCodeAccess (236)
[2018.01.07-20.42.20:629][930]LogModuleManager: Shutting down and abandoning module UObjectPlugin (234)
[2018.01.07-20.42.20:629][930]LogModuleManager: Shutting down and abandoning module SubversionSourceControl (232)
[2018.01.07-20.42.20:634][930]LogModuleManager: Shutting down and abandoning module PerforceSourceControl (230)
[2018.01.07-20.42.20:635][930]LogModuleManager: Shutting down and abandoning module SourceControl (229)
[2018.01.07-20.42.20:636][930]LogModuleManager: Shutting down and abandoning module RuntimePhysXCooking (226)
[2018.01.07-20.42.20:636][930]LogModuleManager: Shutting down and abandoning module PhysXVehiclesEditor (224)
[2018.01.07-20.42.20:636][930]LogModuleManager: Shutting down and abandoning module PhysXVehicles (222)
[2018.01.07-20.42.20:636][930]LogModuleManager: Shutting down and abandoning module LocationServicesBPLibrary (220)
[2018.01.07-20.42.20:636][930]LogModuleManager: Shutting down and abandoning module ImmediatePhysicsEditor (218)
[2018.01.07-20.42.20:636][930]LogModuleManager: Shutting down and abandoning module ImmediatePhysics (216)
[2018.01.07-20.42.20:636][930]LogModuleManager: Shutting down and abandoning module UdpMessaging (214)
[2018.01.07-20.42.20:739][930]LogModuleManager: Shutting down and abandoning module TcpMessaging (212)
[2018.01.07-20.42.21:109][930]LogModuleManager: Shutting down and abandoning module GameplayTagsEditor (210)
[2018.01.07-20.42.21:111][930]LogModuleManager: Shutting down and abandoning module FacialAnimation (208)
[2018.01.07-20.42.21:111][930]LogModuleManager: Shutting down and abandoning module AssetManagerEditor (206)
[2018.01.07-20.42.21:113][930]LogModuleManager: Shutting down and abandoning module GraphEditor (205)
[2018.01.07-20.42.21:113][930]LogModuleManager: Shutting down and abandoning module ContentBrowser (203)
[2018.01.07-20.42.21:113][930]LogModuleManager: Shutting down and abandoning module CollectionManager (202)
[2018.01.07-20.42.21:114][930]LogDirectoryWatcher: A directory notification for 'C:/Users/Jakub/Documents/GodsOfArena/Content/Collections/' was aborted.
[2018.01.07-20.42.21:114][930]LogDirectoryWatcher: A directory notification for 'C:/Users/Jakub/Documents/GodsOfArena/Content/Developers/Jakub/Collections/' was aborted.
[2018.01.07-20.42.21:114][930]LogDirectoryWatcher: A directory notification for 'C:/Users/Jakub/Documents/GodsOfArena/Saved/Collections/' was aborted.
[2018.01.07-20.42.21:114][930]LogModuleManager: Shutting down and abandoning module DirectoryWatcher (201)
[2018.01.07-20.42.21:114][930]LogModuleManager: Shutting down and abandoning module LightPropagationVolumeRuntime (196)
[2018.01.07-20.42.21:114][930]LogModuleManager: Shutting down and abandoning module Paper2D (194)
[2018.01.07-20.42.21:114][930]LogModuleManager: Shutting down and abandoning module WindowsMoviePlayer (192)
[2018.01.07-20.42.21:115][930]LogModuleManager: Shutting down and abandoning module WmfMedia (190)
[2018.01.07-20.42.21:116][930]LogModuleManager: Shutting down and abandoning module ImgMedia (188)
[2018.01.07-20.42.21:116][930]LogModuleManager: Shutting down and abandoning module PacketHandler (186)
[2018.01.07-20.42.21:116][930]LogModuleManager: Shutting down and abandoning module ClothingSystemEditor (184)
[2018.01.07-20.42.21:116][930]LogModuleManager: Shutting down and abandoning module ClothingSystemRuntime (182)
[2018.01.07-20.42.21:117][930]LogModuleManager: Shutting down and abandoning module MediaAssets (180)
[2018.01.07-20.42.21:117][930]LogModuleManager: Shutting down and abandoning module Media (179)
[2018.01.07-20.42.21:123][930]LogModuleManager: Shutting down and abandoning module Overlay (176)
[2018.01.07-20.42.21:123][930]LogModuleManager: Shutting down and abandoning module OverlayEditor (175)
[2018.01.07-20.42.21:123][930]LogModuleManager: Shutting down and abandoning module VREditor (172)
[2018.01.07-20.42.21:124][930]LogModuleManager: Shutting down and abandoning module StringTableEditor (170)
[2018.01.07-20.42.21:124][930]LogModuleManager: Shutting down and abandoning module GameplayTasksEditor (168)
[2018.01.07-20.42.21:124][930]LogModuleManager: Shutting down and abandoning module BehaviorTreeEditor (166)
[2018.01.07-20.42.21:126][930]LogModuleManager: Shutting down and abandoning module FunctionalTesting (164)
[2018.01.07-20.42.21:126][930]LogModuleManager: Shutting down and abandoning module CollisionAnalyzer (162)
[2018.01.07-20.42.21:127][930]LogModuleManager: Shutting down and abandoning module WorkspaceMenuStructure (161)
[2018.01.07-20.42.21:127][930]LogModuleManager: Shutting down and abandoning module UMG (158)
[2018.01.07-20.42.21:127][930]LogModuleManager: Shutting down and abandoning module UMGEditor (157)
[2018.01.07-20.42.21:130][930]LogModuleManager: Shutting down and abandoning module Sequencer (156)
[2018.01.07-20.42.21:131][930]LogModuleManager: Shutting down and abandoning module MessageLog (153)
[2018.01.07-20.42.21:131][930]LogModuleManager: Shutting down and abandoning module SlateReflector (148)
[2018.01.07-20.42.21:134][930]LogModuleManager: Shutting down and abandoning module Slate (146)
[2018.01.07-20.42.21:134][930]LogModuleManager: Shutting down and abandoning module EditorStyle (144)
[2018.01.07-20.42.21:140][930]LogModuleManager: Shutting down and abandoning module MRMesh (142)
[2018.01.07-20.42.21:140][930]LogModuleManager: Shutting down and abandoning module Messaging (140)
[2018.01.07-20.42.21:140][930]LogModuleManager: Shutting down and abandoning module SourceCodeAccess (138)
[2018.01.07-20.42.21:140][930]LogModuleManager: Shutting down and abandoning module HeadMountedDisplay (136)
[2018.01.07-20.42.21:140][930]LogModuleManager: Shutting down and abandoning module XAudio2 (134)
[2018.01.07-20.42.21:140][930]LogModuleManager: Shutting down and abandoning module Networking (132)
[2018.01.07-20.42.21:140][930]LogModuleManager: Shutting down and abandoning module Core (128)
[2018.01.07-20.42.21:140][930]LogModuleManager: Shutting down and abandoning module LevelSequence (126)
[2018.01.07-20.42.21:140][930]LogModuleManager: Shutting down and abandoning module KismetCompiler (124)
[2018.01.07-20.42.21:140][930]LogModuleManager: Shutting down and abandoning module MeshUtilities (122)
[2018.01.07-20.42.21:141][930]LogModuleManager: Shutting down and abandoning module MeshMergeUtilities (121)
[2018.01.07-20.42.21:142][930]LogModuleManager: Shutting down and abandoning module MeshReductionInterface (120)
[2018.01.07-20.42.21:142][930]LogModuleManager: Shutting down and abandoning module SimplygonSwarm (119)
[2018.01.07-20.42.21:142][930]LogModuleManager: Shutting down and abandoning module SimplygonMeshReduction (117)
[2018.01.07-20.42.21:142][930]LogModuleManager: Shutting down and abandoning module QuadricMeshReduction (115)
[2018.01.07-20.42.21:143][930]LogModuleManager: Shutting down and abandoning module MaterialBaking (111)
[2018.01.07-20.42.21:143][930]LogModuleManager: Shutting down and abandoning module DerivedDataCache (106)
[2018.01.07-20.42.21:236][930]LogDerivedDataCache: Shutdown
[2018.01.07-20.42.21:236][930]LogModuleManager: Shutting down and abandoning module TargetPlatform (104)
[2018.01.07-20.42.21:236][930]LogModuleManager: Shutting down and abandoning module VulkanShaderFormat (103)
[2018.01.07-20.42.21:237][930]LogModuleManager: Shutting down and abandoning module ShaderFormatVectorVM (101)
[2018.01.07-20.42.21:238][930]LogModuleManager: Shutting down and abandoning module ShaderFormatOpenGL (99)
[2018.01.07-20.42.21:238][930]LogModuleManager: Shutting down and abandoning module ShaderFormatD3D (97)
[2018.01.07-20.42.21:238][930]LogModuleManager: Shutting down and abandoning module MetalShaderFormat (95)
[2018.01.07-20.42.21:239][930]LogModuleManager: Shutting down and abandoning module TextureFormatUncompressed (93)
[2018.01.07-20.42.21:239][930]LogModuleManager: Shutting down and abandoning module TextureFormatPVR (91)
[2018.01.07-20.42.21:239][930]LogModuleManager: Shutting down and abandoning module TextureFormatDXT (89)
[2018.01.07-20.42.21:240][930]LogModuleManager: Shutting down and abandoning module TextureFormatIntelISPCTexComp (87)
[2018.01.07-20.42.21:241][930]LogModuleManager: Shutting down and abandoning module TextureFormatASTC (85)
[2018.01.07-20.42.21:241][930]LogModuleManager: Shutting down and abandoning module ImageWrapper (84)
[2018.01.07-20.42.21:241][930]LogModuleManager: Shutting down and abandoning module TextureFormatAndroid (81)
[2018.01.07-20.42.21:241][930]LogModuleManager: Shutting down and abandoning module AudioFormatOpus (79)
[2018.01.07-20.42.21:241][930]LogModuleManager: Shutting down and abandoning module AudioFormatOgg (77)
[2018.01.07-20.42.21:242][930]LogModuleManager: Shutting down and abandoning module AudioFormatADPCM (75)
[2018.01.07-20.42.21:242][930]LogModuleManager: Shutting down and abandoning module WindowsTargetPlatform (73)
[2018.01.07-20.42.21:242][930]LogModuleManager: Shutting down and abandoning module WindowsServerTargetPlatform (71)
[2018.01.07-20.42.21:242][930]LogModuleManager: Shutting down and abandoning module WindowsNoEditorTargetPlatform (69)
[2018.01.07-20.42.21:242][930]LogModuleManager: Shutting down and abandoning module WindowsClientTargetPlatform (67)
[2018.01.07-20.42.21:242][930]LogModuleManager: Shutting down and abandoning module InputCore (64)
[2018.01.07-20.42.21:242][930]LogModuleManager: Shutting down and abandoning module Settings (62)
[2018.01.07-20.42.21:242][930]LogModuleManager: Shutting down and abandoning module PhysXCooking (60)
[2018.01.07-20.42.21:242][930]LogModuleManager: Shutting down and abandoning module SteamVR (58)
[2018.01.07-20.42.21:242][930]LogModuleManager: Shutting down and abandoning module OculusHMD (56)
[2018.01.07-20.42.21:242][930]LogModuleManager: Shutting down and abandoning module ExampleDeviceProfileSelector (54)
[2018.01.07-20.42.21:242][930]LogModuleManager: Shutting down and abandoning module AppleARKit (52)
[2018.01.07-20.42.21:242][930]LogModuleManager: Shutting down and abandoning module AugmentedReality (51)
[2018.01.07-20.42.21:242][930]LogModuleManager: Shutting down and abandoning module OnlineBlueprintSupport (48)
[2018.01.07-20.42.21:242][930]LogModuleManager: Shutting down and abandoning module OnlineSubsystem (44)
[2018.01.07-20.42.21:243][930]LogModuleManager: Shutting down and abandoning module XMPP (43)
[2018.01.07-20.42.21:244][930]LogModuleManager: Shutting down and abandoning module HTTP (41)
[2018.01.07-20.42.21:248][930]LogModuleManager: Shutting down and abandoning module SSL (40)
[2018.01.07-20.42.21:251][930]LogModuleManager: Shutting down and abandoning module AnimationModifiers (36)
[2018.01.07-20.42.21:252][930]LogModuleManager: Shutting down and abandoning module PropertyEditor (35)
[2018.01.07-20.42.21:252][930]LogModuleManager: Shutting down and abandoning module AudioEditor (32)
[2018.01.07-20.42.21:253][930]LogModuleManager: Shutting down and abandoning module TextureCompressor (30)
[2018.01.07-20.42.21:254][930]LogModuleManager: Shutting down and abandoning module ShaderCore (28)
[2018.01.07-20.42.21:254][930]LogModuleManager: Shutting down and abandoning module Landscape (26)
[2018.01.07-20.42.21:254][930]LogModuleManager: Shutting down and abandoning module SlateRHIRenderer (24)
[2018.01.07-20.42.21:255][930]LogModuleManager: Shutting down and abandoning module OpenGLDrv (22)
[2018.01.07-20.42.21:256][930]LogModuleManager: Shutting down and abandoning module D3D11RHI (20)
[2018.01.07-20.42.21:256][930]LogModuleManager: Shutting down and abandoning module AnimGraphRuntime (18)
[2018.01.07-20.42.21:256][930]LogModuleManager: Shutting down and abandoning module Renderer (16)
[2018.01.07-20.42.21:256][930]LogModuleManager: Shutting down and abandoning module Engine (14)
[2018.01.07-20.42.21:256][930]LogModuleManager: Shutting down and abandoning module CoreUObject (12)
[2018.01.07-20.42.21:256][930]LogModuleManager: Shutting down and abandoning module NetworkFile (10)
[2018.01.07-20.42.21:256][930]LogModuleManager: Shutting down and abandoning module CookedIterativeFile (8)
[2018.01.07-20.42.21:256][930]LogModuleManager: Shutting down and abandoning module StreamingFile (6)
[2018.01.07-20.42.21:256][930]LogModuleManager: Shutting down and abandoning module SandboxFile (4)
[2018.01.07-20.42.21:256][930]LogModuleManager: Shutting down and abandoning module PakFile (2)
[2018.01.07-20.42.21:258][930]LogExit: Exiting.
[2018.01.07-20.42.21:260][930]Log file closed, 01/07/18 21:42:21
