Log file open, 12/24/17 11:20:23
LogWindows: Failed to load 'aqProf.dll' (GetLastError=126)
LogWindows: File 'aqProf.dll' does not exist
LogWindows: Failed to load 'VtuneApi.dll' (GetLastError=126)
LogWindows: File 'VtuneApi.dll' does not exist
LogWindows: Failed to load 'VtuneApi32e.dll' (GetLastError=126)
LogWindows: File 'VtuneApi32e.dll' does not exist
LogInit: Display: Running engine for game: FantasyArena
LogPlatformFile: Not using cached read wrapper
LogInit: Display: RandInit(41086472) SRandInit(41086473).
LogInit: Read version file with build ID '3709383'
LogInit: Overriding engine version to CL 3794801, compatible CL 3709383
LogInit: Registered custom module enumerator with build ID '3709383'
LogTaskGraph: Started task graph with 5 named threads and 8 total threads with 3 sets of task threads.
LogStats: Stats thread started at 0.115012
LogD3D11RHI: Aftermath initialized
LogModuleManager: Display: Found up-to-date module file ../../../Engine/Plugins/2D/Paper2D/Binaries/Win64/UE4Editor-Paper2D.dll (API version 3709383).
LogModuleManager: Display: Found up-to-date module file ../../../Engine/Plugins/2D/Paper2D/Binaries/Win64/UE4Editor-Paper2DEditor.dll (API version 3709383).
LogModuleManager: Display: Found up-to-date module file ../../../Engine/Plugins/2D/Paper2D/Binaries/Win64/UE4Editor-PaperSpriteSheetImporter.dll (API version 3709383).
LogModuleManager: Display: Found up-to-date module file ../../../Engine/Plugins/2D/Paper2D/Binaries/Win64/UE4Editor-PaperTiledImporter.dll (API version 3709383).
LogModuleManager: Display: Found up-to-date module file ../../../Engine/Plugins/2D/Paper2D/Binaries/Win64/UE4Editor-SmartSnapping.dll (API version 3709383).
LogModuleManager: Display: Found up-to-date module file ../../../Engine/Plugins/Blendables/LightPropagationVolume/Binaries/Win64/UE4Editor-LightPropagationVolumeRuntime.dll (API version 3709383).
LogModuleManager: Display: Found up-to-date module file ../../../Engine/Plugins/Blendables/LightPropagationVolume/Binaries/Win64/UE4Editor-LightPropagationVolumeEditor.dll (API version 3709383).
LogModuleManager: Display: Found up-to-date module file ../../../Engine/Plugins/Developer/GitSourceControl/Binaries/Win64/UE4Editor-GitSourceControl.dll (API version 3709383).
LogModuleManager: Display: Found up-to-date module file ../../../Engine/Plugins/Developer/PerforceSourceControl/Binaries/Win64/UE4Editor-PerforceSourceControl.dll (API version 3709383).
LogModuleManager: Display: Found up-to-date module file ../../../Engine/Plugins/Developer/SubversionSourceControl/Binaries/Win64/UE4Editor-SubversionSourceControl.dll (API version 3709383).
LogModuleManager: Display: Found up-to-date module file ../../../Engine/Plugins/Developer/UObjectPlugin/Binaries/Win64/UE4Editor-UObjectPlugin.dll (API version 3709383).
LogModuleManager: Display: Found up-to-date module file ../../../Engine/Plugins/Developer/VisualStudioCodeSourceCodeAccess/Binaries/Win64/UE4Editor-VisualStudioCodeSourceCodeAccess.dll (API version 3709383).
LogModuleManager: Display: Found up-to-date module file ../../../Engine/Plugins/Developer/VisualStudioSourceCodeAccess/Binaries/Win64/UE4Editor-VisualStudioSourceCodeAccess.dll (API version 3709383).
LogModuleManager: Display: Found up-to-date module file ../../../Engine/Plugins/Editor/AssetManagerEditor/Binaries/Win64/UE4Editor-AssetManagerEditor.dll (API version 3709383).
LogModuleManager: Display: Found up-to-date module file ../../../Engine/Plugins/Editor/AudioCapture/Binaries/Win64/UE4Editor-AudioCapture.dll (API version 3709383).
LogModuleManager: Display: Found up-to-date module file ../../../Engine/Plugins/Editor/FacialAnimation/Binaries/Win64/UE4Editor-FacialAnimation.dll (API version 3709383).
LogModuleManager: Display: Found up-to-date module file ../../../Engine/Plugins/Editor/FacialAnimation/Binaries/Win64/UE4Editor-FacialAnimationEditor.dll (API version 3709383).
LogModuleManager: Display: Found up-to-date module file ../../../Engine/Plugins/Editor/GameplayTagsEditor/Binaries/Win64/UE4Editor-GameplayTagsEditor.dll (API version 3709383).
LogModuleManager: Display: Found up-to-date module file ../../../Engine/Plugins/Editor/MobileLauncherProfileWizard/Binaries/Win64/UE4Editor-MobileLauncherProfileWizard.dll (API version 3709383).
LogModuleManager: Display: Found up-to-date module file ../../../Engine/Plugins/Editor/PluginBrowser/Binaries/Win64/UE4Editor-PluginBrowser.dll (API version 3709383).
LogModuleManager: Display: Found up-to-date module file ../../../Engine/Plugins/Editor/SpeedTreeImporter/Binaries/Win64/UE4Editor-SpeedTreeImporter.dll (API version 3709383).
LogModuleManager: Display: Found up-to-date module file ../../../Engine/Plugins/Experimental/AlembicImporter/Binaries/Win64/UE4Editor-AlembicImporter.dll (API version 3709383).
LogModuleManager: Display: Found up-to-date module file ../../../Engine/Plugins/Experimental/AlembicImporter/Binaries/Win64/UE4Editor-AlembicLibrary.dll (API version 3709383).
LogModuleManager: Display: Found up-to-date module file ../../../Engine/Plugins/Experimental/CharacterAI/Binaries/Win64/UE4Editor-CharacterAI.dll (API version 3709383).
LogModuleManager: Display: Found up-to-date module file ../../../Engine/Plugins/Experimental/HTML5Networking/Binaries/Win64/UE4Editor-HTML5Networking.dll (API version 3709383).
LogModuleManager: Display: Found up-to-date module file ../../../Engine/Plugins/Media/AndroidMedia/Binaries/Win64/UE4Editor-AndroidMediaEditor.dll (API version 3709383).
LogModuleManager: Display: Found up-to-date module file ../../../Engine/Plugins/Media/AndroidMedia/Binaries/Win64/UE4Editor-AndroidMediaFactory.dll (API version 3709383).
LogModuleManager: Display: Found up-to-date module file ../../../Engine/Plugins/Media/AvfMedia/Binaries/Win64/UE4Editor-AvfMediaEditor.dll (API version 3709383).
LogModuleManager: Display: Found up-to-date module file ../../../Engine/Plugins/Media/AvfMedia/Binaries/Win64/UE4Editor-AvfMediaFactory.dll (API version 3709383).
LogModuleManager: Display: Found up-to-date module file ../../../Engine/Plugins/Media/AvfMedia/Binaries/Win64/UE4Editor-AvfMediaFactory.dll (API version 3709383).
LogModuleManager: Display: Found up-to-date module file ../../../Engine/Plugins/Media/ImgMedia/Binaries/Win64/UE4Editor-ImgMedia.dll (API version 3709383).
LogModuleManager: Display: Found up-to-date module file ../../../Engine/Plugins/Media/ImgMedia/Binaries/Win64/UE4Editor-ImgMediaEditor.dll (API version 3709383).
LogModuleManager: Display: Found up-to-date module file ../../../Engine/Plugins/Media/ImgMedia/Binaries/Win64/UE4Editor-ImgMediaFactory.dll (API version 3709383).
LogModuleManager: Display: Found up-to-date module file ../../../Engine/Plugins/Media/ImgMedia/Binaries/Win64/UE4Editor-ImgMediaFactory.dll (API version 3709383).
LogModuleManager: Display: Found up-to-date module file ../../../Engine/Plugins/Media/ImgMedia/Binaries/Win64/UE4Editor-OpenExrWrapper.dll (API version 3709383).
LogModuleManager: Display: Found up-to-date module file ../../../Engine/Plugins/Media/MediaCompositing/Binaries/Win64/UE4Editor-MediaCompositing.dll (API version 3709383).
LogModuleManager: Display: Found up-to-date module file ../../../Engine/Plugins/Media/MediaCompositing/Binaries/Win64/UE4Editor-MediaCompositingEditor.dll (API version 3709383).
LogModuleManager: Display: Found up-to-date module file ../../../Engine/Plugins/Media/MediaPlayerEditor/Binaries/Win64/UE4Editor-MediaPlayerEditor.dll (API version 3709383).
LogModuleManager: Display: Found up-to-date module file ../../../Engine/Plugins/Media/WmfMedia/Binaries/Win64/UE4Editor-WmfMedia.dll (API version 3709383).
LogModuleManager: Display: Found up-to-date module file ../../../Engine/Plugins/Media/WmfMedia/Binaries/Win64/UE4Editor-WmfMediaEditor.dll (API version 3709383).
LogModuleManager: Display: Found up-to-date module file ../../../Engine/Plugins/Media/WmfMedia/Binaries/Win64/UE4Editor-WmfMediaFactory.dll (API version 3709383).
LogModuleManager: Display: Found up-to-date module file ../../../Engine/Plugins/Media/WmfMedia/Binaries/Win64/UE4Editor-WmfMediaFactory.dll (API version 3709383).
LogModuleManager: Display: Found up-to-date module file ../../../Engine/Plugins/Messaging/TcpMessaging/Binaries/Win64/UE4Editor-TcpMessaging.dll (API version 3709383).
LogModuleManager: Display: Found up-to-date module file ../../../Engine/Plugins/Messaging/UdpMessaging/Binaries/Win64/UE4Editor-UdpMessaging.dll (API version 3709383).
LogModuleManager: Display: Found up-to-date module file ../../../Engine/Plugins/MovieScene/ActorSequence/Binaries/Win64/UE4Editor-ActorSequence.dll (API version 3709383).
LogModuleManager: Display: Found up-to-date module file ../../../Engine/Plugins/MovieScene/LevelSequenceEditor/Binaries/Win64/UE4Editor-LevelSequenceEditor.dll (API version 3709383).
LogModuleManager: Display: Found up-to-date module file ../../../Engine/Plugins/MovieScene/MatineeToLevelSequence/Binaries/Win64/UE4Editor-MatineeToLevelSequence.dll (API version 3709383).
LogModuleManager: Display: Found up-to-date module file ../../../Engine/Plugins/Online/OnlineSubsystem/Binaries/Win64/UE4Editor-OnlineSubsystem.dll (API version 3709383).
LogModuleManager: Display: Found up-to-date module file ../../../Engine/Plugins/Runtime/AndroidPermission/Binaries/Win64/UE4Editor-AndroidPermission.dll (API version 3709383).
LogModuleManager: Display: Found up-to-date module file ../../../Engine/Plugins/Online/OnlineSubsystemNull/Binaries/Win64/UE4Editor-OnlineSubsystemNull.dll (API version 3709383).
LogModuleManager: Display: Found up-to-date module file ../../../Engine/Plugins/Online/OnlineSubsystemUtils/Binaries/Win64/UE4Editor-OnlineSubsystemUtils.dll (API version 3709383).
LogModuleManager: Display: Found up-to-date module file ../../../Engine/Plugins/Online/OnlineSubsystemUtils/Binaries/Win64/UE4Editor-OnlineBlueprintSupport.dll (API version 3709383).
LogModuleManager: Display: Found up-to-date module file ../../../Engine/Plugins/Runtime/AndroidDeviceProfileSelector/Binaries/Win64/UE4Editor-AndroidDeviceProfileSelector.dll (API version 3709383).
LogModuleManager: Display: Found up-to-date module file ../../../Engine/Plugins/Runtime/AppleARKit/Binaries/Win64/UE4Editor-AppleARKit.dll (API version 3709383).
LogModuleManager: Display: Found up-to-date module file ../../../Engine/Plugins/Runtime/ArchVisCharacter/Binaries/Win64/UE4Editor-ArchVisCharacter.dll (API version 3709383).
LogModuleManager: Display: Found up-to-date module file ../../../Engine/Plugins/Runtime/CableComponent/Binaries/Win64/UE4Editor-CableComponent.dll (API version 3709383).
LogModuleManager: Display: Found up-to-date module file ../../../Engine/Plugins/Runtime/CustomMeshComponent/Binaries/Win64/UE4Editor-CustomMeshComponent.dll (API version 3709383).
LogModuleManager: Display: Found up-to-date module file ../../../Engine/Plugins/Runtime/ExampleDeviceProfileSelector/Binaries/Win64/UE4Editor-ExampleDeviceProfileSelector.dll (API version 3709383).
LogModuleManager: Display: Found up-to-date module file ../../../Engine/Plugins/Runtime/ImmediatePhysics/Binaries/Win64/UE4Editor-ImmediatePhysics.dll (API version 3709383).
LogModuleManager: Display: Found up-to-date module file ../../../Engine/Plugins/Runtime/ImmediatePhysics/Binaries/Win64/UE4Editor-ImmediatePhysicsEditor.dll (API version 3709383).
LogModuleManager: Display: Found up-to-date module file ../../../Engine/Plugins/Runtime/LocationServicesBPLibrary/Binaries/Win64/UE4Editor-LocationServicesBPLibrary.dll (API version 3709383).
LogModuleManager: Display: Found up-to-date module file ../../../Engine/Plugins/Runtime/MobilePatchingUtils/Binaries/Win64/UE4Editor-MobilePatchingUtils.dll (API version 3709383).
LogModuleManager: Display: Found up-to-date module file ../../../Engine/Plugins/Runtime/Oculus/OculusVR/Binaries/Win64/UE4Editor-OculusHMD.dll (API version 3709383).
LogModuleManager: Display: Found up-to-date module file ../../../Engine/Plugins/Runtime/Oculus/OculusVR/Binaries/Win64/UE4Editor-OculusInput.dll (API version 3709383).
LogModuleManager: Display: Found up-to-date module file ../../../Engine/Plugins/Runtime/Oculus/OculusVR/Binaries/Win64/UE4Editor-OculusEditor.dll (API version 3709383).
LogModuleManager: Display: Found up-to-date module file ../../../Engine/Plugins/Runtime/PhysXVehicles/Binaries/Win64/UE4Editor-PhysXVehicles.dll (API version 3709383).
LogModuleManager: Display: Found up-to-date module file ../../../Engine/Plugins/Runtime/PhysXVehicles/Binaries/Win64/UE4Editor-PhysXVehiclesEditor.dll (API version 3709383).
LogModuleManager: Display: Found up-to-date module file ../../../Engine/Plugins/Runtime/ProceduralMeshComponent/Binaries/Win64/UE4Editor-ProceduralMeshComponent.dll (API version 3709383).
LogModuleManager: Display: Found up-to-date module file ../../../Engine/Plugins/Runtime/ProceduralMeshComponent/Binaries/Win64/UE4Editor-ProceduralMeshComponentEditor.dll (API version 3709383).
LogModuleManager: Display: Found up-to-date module file ../../../Engine/Plugins/Runtime/RuntimePhysXCooking/Binaries/Win64/UE4Editor-RuntimePhysXCooking.dll (API version 3709383).
LogModuleManager: Display: Found up-to-date module file ../../../Engine/Plugins/Runtime/Steam/SteamVR/Binaries/Win64/UE4Editor-SteamVR.dll (API version 3709383).
LogModuleManager: Display: Found up-to-date module file ../../../Engine/Plugins/Runtime/Steam/SteamVR/Binaries/Win64/UE4Editor-SteamVRController.dll (API version 3709383).
LogModuleManager: Display: Found up-to-date module file ../../../Engine/Plugins/Runtime/WindowsMoviePlayer/Binaries/Win64/UE4Editor-WindowsMoviePlayer.dll (API version 3709383).
LogPluginManager: Mounting plugin Paper2D
LogPluginManager: Mounting plugin LightPropagationVolume
LogPluginManager: Mounting plugin CodeLiteSourceCodeAccess
LogPluginManager: Mounting plugin GitSourceControl
LogPluginManager: Mounting plugin KDevelopSourceCodeAccess
LogPluginManager: Mounting plugin NullSourceCodeAccess
LogPluginManager: Mounting plugin PerforceSourceControl
LogPluginManager: Mounting plugin SubversionSourceControl
LogPluginManager: Mounting plugin UObjectPlugin
LogPluginManager: Mounting plugin VisualStudioCodeSourceCodeAccess
LogPluginManager: Mounting plugin VisualStudioSourceCodeAccess
LogPluginManager: Mounting plugin XCodeSourceCodeAccess
LogPluginManager: Mounting plugin AssetManagerEditor
LogPluginManager: Mounting plugin AudioCapture
LogPluginManager: Mounting plugin FacialAnimation
LogPluginManager: Mounting plugin GameplayTagsEditor
LogPluginManager: Mounting plugin MobileLauncherProfileWizard
LogPluginManager: Mounting plugin PluginBrowser
LogPluginManager: Mounting plugin SpeedTreeImporter
LogPluginManager: Mounting plugin AlembicImporter
LogPluginManager: Mounting plugin CharacterAI
LogPluginManager: Mounting plugin HTML5Networking
LogPluginManager: Mounting plugin AndroidMedia
LogPluginManager: Mounting plugin AvfMedia
LogPluginManager: Mounting plugin ImgMedia
LogPluginManager: Mounting plugin MediaCompositing
LogPluginManager: Mounting plugin MediaPlayerEditor
LogPluginManager: Mounting plugin WmfMedia
LogPluginManager: Mounting plugin TcpMessaging
LogPluginManager: Mounting plugin UdpMessaging
LogPluginManager: Mounting plugin ActorSequence
LogPluginManager: Mounting plugin LevelSequenceEditor
LogPluginManager: Mounting plugin MatineeToLevelSequence
LogPluginManager: Mounting plugin OnlineSubsystemGooglePlay
LogPluginManager: Mounting plugin OnlineSubsystemIOS
LogPluginManager: Mounting plugin OnlineSubsystem
LogPluginManager: Mounting plugin OnlineSubsystemNull
LogPluginManager: Mounting plugin OnlineSubsystemUtils
LogPluginManager: Mounting plugin AndroidDeviceProfileSelector
LogPluginManager: Mounting plugin AndroidMoviePlayer
LogPluginManager: Mounting plugin AndroidPermission
LogPluginManager: Mounting plugin AppleARKit
LogPluginManager: Mounting plugin AppleMoviePlayer
LogPluginManager: Mounting plugin ArchVisCharacter
LogPluginManager: Mounting plugin CableComponent
LogPluginManager: Mounting plugin CustomMeshComponent
LogPluginManager: Mounting plugin ExampleDeviceProfileSelector
LogPluginManager: Mounting plugin GoogleCloudMessaging
LogPluginManager: Mounting plugin ImmediatePhysics
LogPluginManager: Mounting plugin IOSDeviceProfileSelector
LogPluginManager: Mounting plugin LinuxDeviceProfileSelector
LogPluginManager: Mounting plugin LocationServicesBPLibrary
LogPluginManager: Mounting plugin MobilePatchingUtils
LogPluginManager: Mounting plugin OculusVR
LogPluginManager: Plugin shader directory ../../../Engine/Plugins/Runtime/Oculus/OculusVR/Shaders found
LogPluginManager: Mapping shader source directory ../../../Engine/Plugins/Runtime/Oculus/OculusVR/Shaders to virtual directory /Plugin/OculusVR
LogPluginManager: Mounting plugin PhysXVehicles
LogPluginManager: Mounting plugin ProceduralMeshComponent
LogPluginManager: Mounting plugin RuntimePhysXCooking
LogPluginManager: Mounting plugin SteamVR
LogPluginManager: Mounting plugin WindowsMoviePlayer
LogInit: Using libcurl 7.47.1
LogInit:  - built for x86_64-pc-win32
LogInit:  - supports SSL with OpenSSL/1.0.2g
LogInit:  - supports HTTP deflate (compression) using libz 1.2.8
LogInit:  - other features:
LogInit:      CURL_VERSION_SSL
LogInit:      CURL_VERSION_LIBZ
LogInit:      CURL_VERSION_IPV6
LogInit:      CURL_VERSION_ASYNCHDNS
LogInit:      CURL_VERSION_LARGEFILE
LogInit:      CURL_VERSION_IDN
LogInit:  CurlRequestOptions (configurable via config and command line):
LogInit:  - bVerifyPeer = false  - Libcurl will NOT verify peer certificate
LogInit:  - bUseHttpProxy = false  - Libcurl will NOT use HTTP proxy
LogInit:  - bDontReuseConnections = false  - Libcurl will reuse connections
LogInit:  - CertBundlePath = nullptr  - Libcurl will use whatever was configured at build time.
LogInit: Build: ++UE4+Release-4.18-CL-3794801
LogInit: Engine Version: 4.18.2-3794801+++UE4+Release-4.18
LogInit: Compatible Engine Version: 4.18.0-3709383+++UE4+Release-4.18
LogInit: Net CL: 3709383
LogDevObjectVersion: Number of dev versions registered: 16
LogDevObjectVersion:   Dev-Blueprints (B0D832E4-1F89-4F0D-ACCF-7EB736FD4AA2): 10
LogDevObjectVersion:   Dev-Build (E1C64328-A22C-4D53-A36C-8E866417BD8C): 0
LogDevObjectVersion:   Dev-Core (375EC13C-06E4-48FB-B500-84F0262A717E): 2
LogDevObjectVersion:   Dev-Editor (E4B068ED-F494-42E9-A231-DA0B2E46BB41): 20
LogDevObjectVersion:   Dev-Framework (CFFC743F-43B0-4480-9391-14DF171D2073): 30
LogDevObjectVersion:   Dev-Mobile (B02B49B5-BB20-44E9-A304-32B752E40360): 0
LogDevObjectVersion:   Dev-Networking (A4E4105C-59A1-49B5-A7C5-40C4547EDFEE): 0
LogDevObjectVersion:   Dev-Online (39C831C9-5AE6-47DC-9A44-9C173E1C8E7C): 0
LogDevObjectVersion:   Dev-Physics (78F01B33-EBEA-4F98-B9B4-84EACCB95AA2): 0
LogDevObjectVersion:   Dev-Platform (6631380F-2D4D-43E0-8009-CF276956A95A): 0
LogDevObjectVersion:   Dev-Rendering (12F88B9F-8875-4AFC-A67C-D90C383ABD29): 20
LogDevObjectVersion:   Dev-Sequencer (7B5AE74C-D270-4C10-A958-57980B212A5A): 4
LogDevObjectVersion:   Dev-VR (D7296918-1DD6-4BDD-9DE2-64A83CC13884): 0
LogDevObjectVersion:   Dev-LoadTimes (C2A15278-BFE7-4AFE-6C17-90FF531DF755): 1
LogDevObjectVersion:   Private-Geometry (6EACA3D4-40EC-4CC1-B786-8BED09428FC5): 1
LogDevObjectVersion:   Dev-AnimPhys (29E575DD-E0A3-4627-9D10-D276232CDCEA): 12
LogInit: Compiled (64-bit): Dec  8 2017 02:04:53
LogInit: Compiled with Visual C++: 19.00.24215.01
LogInit: Build Configuration: Development
LogInit: Branch Name: ++UE4+Release-4.18
LogInit: Command line:  
LogInit: Base directory: C:/Program Files (x86)/Epic Games/UE_4.18/Engine/Binaries/Win64/
LogInit: Installed Engine Build: 1
LogInit: Presizing for max 8388607 objects, including 0 objects not considered by GC, pre-allocating 0 bytes for permanent pool.
LogInit: Object subsystem initialized
[2017.12.24-10.20.24:951][  0]LogInit: Selected Device Profile: [Windows]
[2017.12.24-10.20.24:951][  0]LogInit: Applying CVar settings loaded from the selected device profile: [Windows]
[2017.12.24-10.20.24:985][  0]LogInit: Computer: KLOBUK
[2017.12.24-10.20.24:985][  0]LogInit: User: Jakub
[2017.12.24-10.20.24:985][  0]LogInit: CPU Page size=4096, Cores=2
[2017.12.24-10.20.24:985][  0]LogInit: High frequency timer resolution =3.514609 MHz
[2017.12.24-10.20.24:985][  0]LogMemory: Memory total: Physical=7.9GB (8GB approx)
[2017.12.24-10.20.24:985][  0]LogMemory: Platform Memory Stats for Windows
[2017.12.24-10.20.24:985][  0]LogMemory: Process Physical Memory: 269.95 MB used, 269.95 MB peak
[2017.12.24-10.20.24:985][  0]LogMemory: Process Virtual Memory: 269.15 MB used, 269.15 MB peak
[2017.12.24-10.20.24:985][  0]LogMemory: Physical Memory: 1530.09 MB used,  6601.70 MB free, 8131.79 MB total
[2017.12.24-10.20.24:985][  0]LogMemory: Virtual Memory: 622.42 MB used,  6601.70 MB free, 134217728.00 MB total
[2017.12.24-10.20.25:338][  0]LogInit: Using OS detected language (en-US).
[2017.12.24-10.20.25:338][  0]LogInit: Using OS detected locale (sk-SK).
[2017.12.24-10.20.25:429][  0]LogTextLocalizationManager: No specific localization for 'en-US' exists, so the 'en' localization will be used.
[2017.12.24-10.20.25:430][  0]LogTextLocalizationManager: No localization for 'sk-SK' exists, so 'en-US' will be used for the locale.
[2017.12.24-10.20.25:978][  0]LogInit: Setting process to per monitor DPI aware
[2017.12.24-10.20.28:941][  0]LogD3D11RHI: D3D11 adapters:
[2017.12.24-10.20.28:967][  0]LogD3D11RHI:    0. 'NVIDIA GeForce GTX 750 Ti' (Feature Level 11_0)
[2017.12.24-10.20.28:967][  0]LogD3D11RHI:       1977/0/4065 MB DedicatedVideo/DedicatedSystem/SharedSystem, Outputs:1, VendorId:0x10de
[2017.12.24-10.20.28:968][  0]LogD3D11RHI:    1. 'Microsoft Basic Render Driver' (Feature Level 11_0)
[2017.12.24-10.20.28:968][  0]LogD3D11RHI:       0/0/256 MB DedicatedVideo/DedicatedSystem/SharedSystem, Outputs:0, VendorId:0x1414
[2017.12.24-10.20.28:968][  0]LogD3D11RHI: Chosen D3D11 Adapter: 0
[2017.12.24-10.20.28:973][  0]LogD3D11RHI: Creating new Direct3DDevice
[2017.12.24-10.20.28:973][  0]LogD3D11RHI:     GPU DeviceId: 0x1380 (for the marketing name, search the web for "GPU Device Id")
[2017.12.24-10.20.28:973][  0]LogWindows: EnumDisplayDevices:
[2017.12.24-10.20.28:973][  0]LogWindows:    0. 'NVIDIA GeForce GTX 750 Ti' (P:1 D:1)
[2017.12.24-10.20.28:973][  0]LogWindows:    1. 'NVIDIA GeForce GTX 750 Ti' (P:0 D:0)
[2017.12.24-10.20.28:973][  0]LogWindows:    2. 'NVIDIA GeForce GTX 750 Ti' (P:0 D:0)
[2017.12.24-10.20.28:973][  0]LogWindows:    3. 'NVIDIA GeForce GTX 750 Ti' (P:0 D:0)
[2017.12.24-10.20.28:973][  0]LogWindows: DebugString: FoundDriverCount:4 
[2017.12.24-10.20.28:974][  0]LogD3D11RHI:     Adapter Name: NVIDIA GeForce GTX 750 Ti
[2017.12.24-10.20.28:974][  0]LogD3D11RHI:   Driver Version: 388.13 (internal:23.21.13.8813, unified:388.13)
[2017.12.24-10.20.28:974][  0]LogD3D11RHI:      Driver Date: 10-27-2017
[2017.12.24-10.20.28:974][  0]LogRHI: Texture pool is 1384 MB (70% of 1977 MB)
[2017.12.24-10.20.28:986][  0]LogD3D11RHI: Async texture creation enabled
[2017.12.24-10.20.29:004][  0]LogD3D11RHI: GPU Timing Frequency: 1000.000000 (Debug: 2 2)
[2017.12.24-10.20.29:005][  0]LogShaderCompilers: Guid format shader working directory is -5 characters bigger than the processId version (../../../../../../Users/Jakub/Documents/GodsOfArena/Intermediate/Shaders/WorkingDirectory/6208/).
[2017.12.24-10.20.29:005][  0]LogShaderCompilers: Cleaned the shader compiler working directory 'C:/Users/Jakub/AppData/Local/Temp/UnrealShaderWorkingDir/F6D3AC0C40E2C89EA0414DBF7D08DD35/'.
[2017.12.24-10.20.29:005][  0]LogShaderCompilers: Display: Using Local Shader Compiler.
[2017.12.24-10.20.31:497][  0]LogTemp: Display: Loaded TP AllDesktopTargetPlatform
[2017.12.24-10.20.31:546][  0]LogTemp: Display: Loaded TP MacClientTargetPlatform
[2017.12.24-10.20.31:604][  0]LogTemp: Display: Loaded TP MacNoEditorTargetPlatform
[2017.12.24-10.20.31:653][  0]LogTemp: Display: Loaded TP MacServerTargetPlatform
[2017.12.24-10.20.31:715][  0]LogTemp: Display: Loaded TP MacTargetPlatform
[2017.12.24-10.20.31:767][  0]LogTemp: Display: Loaded TP WindowsClientTargetPlatform
[2017.12.24-10.20.31:822][  0]LogTemp: Display: Loaded TP WindowsNoEditorTargetPlatform
[2017.12.24-10.20.31:883][  0]LogTemp: Display: Loaded TP WindowsServerTargetPlatform
[2017.12.24-10.20.31:932][  0]LogTemp: Display: Loaded TP WindowsTargetPlatform
[2017.12.24-10.20.31:984][  0]LogTemp: Display: Loaded TP Android_ASTCTargetPlatform
[2017.12.24-10.20.32:035][  0]LogTemp: Display: Loaded TP Android_ATCTargetPlatform
[2017.12.24-10.20.32:087][  0]LogTemp: Display: Loaded TP Android_DXTTargetPlatform
[2017.12.24-10.20.32:147][  0]LogTemp: Display: Loaded TP Android_ETC1TargetPlatform
[2017.12.24-10.20.32:200][  0]LogTemp: Display: Loaded TP Android_ETC2TargetPlatform
[2017.12.24-10.20.32:305][  0]LogTemp: Display: Loaded TP Android_MultiTargetPlatform
[2017.12.24-10.20.32:305][  0]LogTemp: Display: Loaded TP Android_PVRTCTargetPlatform
[2017.12.24-10.20.32:364][  0]LogTemp: Display: Loaded TP AndroidTargetPlatform
[2017.12.24-10.20.32:404][  0]LogTemp: Display: Loaded TP HTML5TargetPlatform
[2017.12.24-10.20.32:519][  0]LogTemp: Display: Loaded TP IOSTargetPlatform
[2017.12.24-10.20.32:550][  0]LogTemp: Display: Loaded TP TVOSTargetPlatform
[2017.12.24-10.20.32:608][  0]LogTemp: Display: Loaded TP LinuxClientTargetPlatform
[2017.12.24-10.20.32:666][  0]LogTemp: Display: Loaded TP LinuxNoEditorTargetPlatform
[2017.12.24-10.20.32:716][  0]LogTemp: Display: Loaded TP LinuxServerTargetPlatform
[2017.12.24-10.20.32:769][  0]LogTemp: Display: Loaded TP LinuxTargetPlatform
[2017.12.24-10.20.32:769][  0]LogTargetPlatformManager: Display: Building Assets For Windows
[2017.12.24-10.20.33:388][  0]LogDerivedDataCache: Display: Max Cache Size: 512 MB
[2017.12.24-10.20.33:803][  0]LogDerivedDataCache: Loaded boot cache 0.41s 78MB C:/Users/Jakub/AppData/Local/UnrealEngine/4.18/DerivedDataCache/Boot.ddc.
[2017.12.24-10.20.33:803][  0]LogDerivedDataCache: Display: Loaded Boot cache: C:/Users/Jakub/AppData/Local/UnrealEngine/4.18/DerivedDataCache/Boot.ddc
[2017.12.24-10.20.33:803][  0]LogDerivedDataCache: FDerivedDataBackendGraph:  Pak pak cache file ../../../../../../Users/Jakub/Documents/GodsOfArena/DerivedDataCache/DDC.ddp not found, will not use a pak cache.
[2017.12.24-10.20.33:803][  0]LogDerivedDataCache: Unable to find inner node Pak for hierarchical cache Hierarchy.
[2017.12.24-10.20.33:803][  0]LogDerivedDataCache: FDerivedDataBackendGraph:  CompressedPak pak cache file ../../../../../../Users/Jakub/Documents/GodsOfArena/DerivedDataCache/Compressed.ddp not found, will not use a pak cache.
[2017.12.24-10.20.33:803][  0]LogDerivedDataCache: Unable to find inner node CompressedPak for hierarchical cache Hierarchy.
[2017.12.24-10.20.33:837][  0]LogDerivedDataCache: Display: Pak cache opened for reading ../../../Engine/DerivedDataCache/Compressed.ddp.
[2017.12.24-10.20.33:850][  0]LogDerivedDataCache: Using Local data cache path C:/Users/Jakub/AppData/Local/UnrealEngine/Common/DerivedDataCache: Writable
[2017.12.24-10.20.33:864][  0]LogMaterial: Verifying Global Shaders for PCD3D_SM5
[2017.12.24-10.20.33:865][  0]LogSlate: Using Freetype 2.6.0
[2017.12.24-10.20.33:887][  0]LogSlate: SlateFontCache - WITH_FREETYPE: 1, WITH_HARFBUZZ: 1
[2017.12.24-10.20.33:887][  0]LogSlate: SlateFontCache - WITH_FREETYPE: 1, WITH_HARFBUZZ: 1
[2017.12.24-10.20.34:866][  0]LogInit: Selected Device Profile: [Windows]
[2017.12.24-10.20.35:536][  0]LogSimplygon: Simplygon DLL not present - disabling.
[2017.12.24-10.20.35:578][  0]LogMeshReduction: Using SimplygonSwarm for distributed automatic mesh merging
[2017.12.24-10.20.35:579][  0]LogMeshReduction: Using QuadricMeshReduction for automatic static mesh reduction
[2017.12.24-10.20.35:579][  0]LogMeshReduction: No automatic skeletal mesh reduction module available
[2017.12.24-10.20.35:579][  0]LogMeshReduction: No automatic mesh merging module available
[2017.12.24-10.20.35:579][  0]LogMeshMerging: No automatic mesh merging module available
[2017.12.24-10.20.35:632][  0]LogNetVersion: FantasyArena , NetCL: 3709383, EngineNetVer: 2, GameNetVer: 0 (Checksum: 147670905)
[2017.12.24-10.20.36:079][  0]LogAssetRegistry: FAssetRegistry took 0.0274 seconds to start up
[2017.12.24-10.20.37:350][  0]LogPackageLocalizationCache: Processed 7 localized package path(s) for 2 prioritized culture(s) in 0.107293 seconds
[2017.12.24-10.20.37:356][  0]LogUObjectArray: 35900 objects as part of root set at end of initial load.
[2017.12.24-10.20.37:356][  0]LogUObjectAllocator: 7372024 out of 0 bytes used by permanent object pool.
[2017.12.24-10.20.37:356][  0]LogUObjectArray: CloseDisregardForGC: 0/0 objects in disregard for GC pool
[2017.12.24-10.20.37:424][  0]LogInit: WinSock: version 1.1 (2.2), MaxSocks=32767, MaxUdp=65467
[2017.12.24-10.20.44:065][  0]LogTcpMessaging: Initializing TcpMessaging bridge
[2017.12.24-10.20.44:106][  0]LogUdpMessaging: Initializing bridge on interface 0.0.0.0:0 to multicast group 230.0.0.1:6666.
[2017.12.24-10.20.44:917][  0]LogMaterial: Uniform references updated for custom material expression Custom.
[2017.12.24-10.20.45:507][  0]SourceControl: Source control is disabled
[2017.12.24-10.20.47:068][  0]LogAndroidPermission: UAndroidPermissionCallbackProxy::GetInstance
[2017.12.24-10.20.47:371][  0]LogOcInput: OculusInput pre-init called
[2017.12.24-10.20.47:732][  0]LogEngine: Initializing Engine...
[2017.12.24-10.20.47:736][  0]LogHMD: Failed to initialize OpenVR with code 110
[2017.12.24-10.20.48:256][  0]LogStats: UGameplayTagsManager::ConstructGameplayTagTree: Construct from data asset -  0.000 s
[2017.12.24-10.20.48:256][  0]LogStats: UGameplayTagsManager::ConstructGameplayTagTree: GameplayTagTreeChangedEvent.Broadcast -  0.000 s
[2017.12.24-10.20.48:381][  0]LogAIModule: Creating AISystem for world Untitled
[2017.12.24-10.20.48:403][  0]LogInit: No audio devices found!
[2017.12.24-10.20.48:513][  0]LogDerivedDataCache: Saved boot cache 0.11s 78MB C:/Users/Jakub/AppData/Local/UnrealEngine/4.18/DerivedDataCache/Boot.ddc.
[2017.12.24-10.20.48:532][  0]LogInit: Texture streaming: Enabled
[2017.12.24-10.20.48:633][  0]LogEngineSessionManager: EngineSessionManager initialized
[2017.12.24-10.20.48:777][  0]LogInit: Transaction tracking system initialized
[2017.12.24-10.20.49:170][  0]BlueprintLog: New page: Editor Load
[2017.12.24-10.20.50:454][  0]LocalizationService: Localization service is disabled
[2017.12.24-10.20.51:381][  0]LogConsoleResponse: Display: 
[2017.12.24-10.20.52:210][  0]LogCook: Display: Max memory allowance for cook 16384mb min free memory 0mb
[2017.12.24-10.20.52:210][  0]LogCook: Display: Mobile HDR setting 1
[2017.12.24-10.20.52:210][  0]LogGameplayTags: Display: UGameplayTagsManager::DoneAddingNativeTags. DelegateIsBound: 0
[2017.12.24-10.20.52:888][  0]LogFileCache: Scanning file cache for directory 'C:/Users/Jakub/Documents/GodsOfArena/Content/' took 0.02s
[2017.12.24-10.20.53:809][  0]Cmd: MAP LOAD FILE="../../../../../../Users/Jakub/Documents/GodsOfArena/Content/Levels/Arena1.umap" TEMPLATE=0 SHOWPROGRESS=1 FEATURELEVEL=3
[2017.12.24-10.20.53:819][  0]LightingResults: New page: Lighting Build
[2017.12.24-10.20.53:872][  0]MapCheck: New page: Map Check
[2017.12.24-10.20.53:872][  0]LightingResults: New page: Lighting Build
[2017.12.24-10.20.56:496][  0]LogMaterial: Incomplete cached shader map for material WorldGridMaterial, compiling. Is special engine material.
[2017.12.24-10.21.19:130][  0]LogAIModule: Creating AISystem for world Arena1
[2017.12.24-10.21.19:393][  0]LogEditorServer: Finished looking for orphan Actors (0.000 secs)
[2017.12.24-10.21.19:418][  0]Cmd: MAP CHECKDEP NOCLEARLOG
[2017.12.24-10.21.19:480][  0]MapCheck: Map check complete: 0 Error(s), 0 Warning(s), took 62.069ms to complete.
[2017.12.24-10.21.19:480][  0]LogFileHelpers: Loading map 'Arena1' took 25.671
[2017.12.24-10.21.19:681][  0]LogCollectionManager: Loaded 0 collections in 0.002319 seconds
[2017.12.24-10.21.19:767][  0]LogFileCache: Scanning file cache for directory 'C:/Users/Jakub/Documents/GodsOfArena/Saved/Collections/' took 0.01s
[2017.12.24-10.21.19:767][  0]LogFileCache: Scanning file cache for directory 'C:/Users/Jakub/Documents/GodsOfArena/Content/Developers/Jakub/Collections/' took 0.01s
[2017.12.24-10.21.19:767][  0]LogFileCache: Scanning file cache for directory 'C:/Users/Jakub/Documents/GodsOfArena/Content/Collections/' took 0.01s
[2017.12.24-10.21.19:767][  0]LogCollectionManager: Rebuilt the GUID cache for 0 collections in 0.000000 seconds
[2017.12.24-10.21.19:776][  0]LogContentBrowser: Native class hierarchy populated in 0.0085 seconds. Added 2363 classes and 519 folders.
[2017.12.24-10.21.19:846][  0]LogContentBrowser: Native class hierarchy updated for 'WidgetCarousel' in 0.0002 seconds. Added 0 classes and 0 folders.
[2017.12.24-10.21.20:255][  0]LogContentBrowser: Native class hierarchy updated for 'AddContentDialog' in 0.0004 seconds. Added 0 classes and 0 folders.
[2017.12.24-10.21.20:294][  0]LogContentBrowser: Native class hierarchy updated for 'SceneOutliner' in 0.0003 seconds. Added 1 classes and 2 folders.
[2017.12.24-10.21.20:326][  0]LogSlate: Took 0.009073 seconds to synchronously load lazily loaded font '../../../Engine/Content/Slate/Fonts/Roboto-Regular.ttf' (155K)
[2017.12.24-10.21.20:336][  0]LogSlate: Took 0.007542 seconds to synchronously load lazily loaded font '../../../Engine/Content/Slate/Fonts/Roboto-Bold.ttf' (160K)
[2017.12.24-10.21.20:345][  0]LogSlate: Took 0.005667 seconds to synchronously load lazily loaded font '../../../Engine/Content/Editor/Slate/Fonts/FontAwesome.ttf' (139K)
[2017.12.24-10.21.20:528][  0]LogRenderer: Reallocating scene render targets to support 820x540 Format 10 NumSamples 1 (Frame:1).
[2017.12.24-10.21.20:768][  0]LogContentBrowser: Native class hierarchy updated for 'HierarchicalLODOutliner' in 0.0003 seconds. Added 1 classes and 2 folders.
[2017.12.24-10.21.20:768][  0]LogLoad: (Engine Initialization) Total time: 59.69 seconds
[2017.12.24-10.21.20:768][  0]LogLoad: (Engine Initialization) Total Blueprint compile time: 0.00 seconds
[2017.12.24-10.21.20:768][  0]LogExternalProfiler: Found external profiler: VSPerf
[2017.12.24-10.21.20:768][  0]LogExternalProfiler: Using external profiler: VSPerf
[2017.12.24-10.21.20:796][  0]SourceControl: On branch master
[2017.12.24-10.21.20:796][  0]SourceControl: Your branch is up to date with 'origin/master'.
[2017.12.24-10.21.20:796][  0]SourceControl: Changes to be committed:
[2017.12.24-10.21.20:796][  0]SourceControl:   (use "git reset HEAD <file>..." to unstage)
[2017.12.24-10.21.20:796][  0]SourceControl: 	new file:   Content/Characters/Man/Materials/Body_Group57016001_albedo.uasset
[2017.12.24-10.21.20:796][  0]SourceControl: 	new file:   Content/Characters/Man/Materials/Body_Group57016001_normal.uasset
[2017.12.24-10.21.20:796][  0]SourceControl: 	new file:   Content/Characters/Man/Materials/Body_Group57016001_reflection.uasset
[2017.12.24-10.21.20:796][  0]SourceControl: 	new file:   Content/Characters/Man/Materials/Eyelashes_Group1003_albedo.uasset
[2017.12.24-10.21.20:796][  0]SourceControl: 	new file:   Content/Characters/Man/Materials/Eyelashes_Group1003_normal.uasset
[2017.12.24-10.21.20:796][  0]SourceControl: 	new file:   Content/Characters/Man/Materials/Eyelashes_Group1003_reflection.uasset
[2017.12.24-10.21.20:796][  0]SourceControl: 	new file:   Content/Characters/Man/Materials/Eyes_Group1004_albedo.uasset
[2017.12.24-10.21.20:796][  0]SourceControl: 	new file:   Content/Characters/Man/Materials/Eyes_Group1004_normal.uasset
[2017.12.24-10.21.20:796][  0]SourceControl: 	new file:   Content/Characters/Man/Materials/Eyes_Group1004_reflection.uasset
[2017.12.24-10.21.20:796][  0]SourceControl: 	new file:   Content/Characters/Man/Materials/Lacrimal_Caruncle_Group1002_albedo.uasset
[2017.12.24-10.21.20:796][  0]SourceControl: 	new file:   Content/Characters/Man/Materials/Lacrimal_Caruncle_Group1002_normal.uasset
[2017.12.24-10.21.20:796][  0]SourceControl: 	new file:   Content/Characters/Man/Materials/Lacrimal_Caruncle_Group1002_reflection.uasset
[2017.12.24-10.21.20:796][  0]SourceControl: 	new file:   Content/Characters/Man/Materials/LowerEyeLidWetness_Group1001_albedo.uasset
[2017.12.24-10.21.20:796][  0]SourceControl: 	new file:   Content/Characters/Man/Materials/LowerEyeLidWetness_Group1001_normal.uasset
[2017.12.24-10.21.20:796][  0]SourceControl: 	new file:   Content/Characters/Man/Materials/LowerEyeLidWetness_Group1001_reflection.uasset
[2017.12.24-10.21.20:796][  0]SourceControl: 	new file:   Content/Characters/Man/Materials/LowerGum_Group17575_albedo.uasset
[2017.12.24-10.21.20:796][  0]SourceControl: 	new file:   Content/Characters/Man/Materials/LowerGum_Group17575_normal.uasset
[2017.12.24-10.21.20:796][  0]SourceControl: 	new file:   Content/Characters/Man/Materials/LowerGum_Group17575_reflection.uasset
[2017.12.24-10.21.20:796][  0]SourceControl: 	new file:   Content/Characters/Man/Materials/ManLP.uasset
[2017.12.24-10.21.20:796][  0]SourceControl: 	new file:   Content/Characters/Man/Materials/ManLP_default.uasset
[2017.12.24-10.21.20:796][  0]SourceControl: 	new file:   Content/Characters/Man/Materials/Teeth_Group28975_albedo.uasset
[2017.12.24-10.21.20:796][  0]SourceControl: 	new file:   Content/Characters/Man/Materials/Teeth_Group28975_normal.uasset
[2017.12.24-10.21.20:796][  0]SourceControl: 	new file:   Content/Characters/Man/Materials/Teeth_Group28975_reflection.uasset
[2017.12.24-10.21.20:796][  0]SourceControl: 	new file:   Content/Characters/Man/Materials/UpperGum_Group17560_albedo.uasset
[2017.12.24-10.21.20:796][  0]SourceControl: 	new file:   Content/Characters/Man/Materials/UpperGum_Group17560_normal.uasset
[2017.12.24-10.21.20:796][  0]SourceControl: 	new file:   Content/Characters/Man/Materials/UpperGum_Group17560_reflection.uasset
[2017.12.24-10.21.20:796][  0]SourceControl: Changes not staged for commit:
[2017.12.24-10.21.20:796][  0]SourceControl:   (use "git add/rm <file>..." to update what will be committed)
[2017.12.24-10.21.20:796][  0]SourceControl:   (use "git checkout -- <file>..." to discard changes in working directory)
[2017.12.24-10.21.20:796][  0]SourceControl: 	modified:   Intermediate/AssetRegistryCache/c90e3f55.bin
[2017.12.24-10.21.20:796][  0]SourceControl: 	modified:   Intermediate/CachedAssetRegistry.bin
[2017.12.24-10.21.20:796][  0]SourceControl: 	modified:   Intermediate/ReimportCache/3688439234.bin
[2017.12.24-10.21.20:796][  0]SourceControl: 	modified:   Saved/AutoScreenshot.png
[2017.12.24-10.21.20:796][  0]SourceControl: 	modified:   Saved/Autosaves/PackageRestoreData.json
[2017.12.24-10.21.20:796][  0]SourceControl: 	deleted:    Saved/Config/CrashReportClient/UE4CC-Windows-030698EA432C08D5AB28ABB276B80E6C/CrashReportClient.ini
[2017.12.24-10.21.20:796][  0]SourceControl: 	deleted:    Saved/Config/CrashReportClient/UE4CC-Windows-6612420C4A879D581EE8CEA65DCA0B4D/CrashReportClient.ini
[2017.12.24-10.21.20:796][  0]SourceControl: 	deleted:    Saved/Config/CrashReportClient/UE4CC-Windows-66A4054846C2D0A844CD148451EDDC3C/CrashReportClient.ini
[2017.12.24-10.21.20:796][  0]SourceControl: 	deleted:    Saved/Config/CrashReportClient/UE4CC-Windows-86AFEE7A4D4302C30D985CA9EB70B1DF/CrashReportClient.ini
[2017.12.24-10.21.20:796][  0]SourceControl: 	deleted:    Saved/Config/CrashReportClient/UE4CC-Windows-96AA3C7D41D8F2EAA43DECA51F04DEE1/CrashReportClient.ini
[2017.12.24-10.21.20:796][  0]SourceControl: 	deleted:    Saved/Config/CrashReportClient/UE4CC-Windows-A73D233749413685E8E210B6EF36C70F/CrashReportClient.ini
[2017.12.24-10.21.20:797][  0]SourceControl: 	deleted:    Saved/Config/CrashReportClient/UE4CC-Windows-BB8CC0284656A6898CAED190B913787B/CrashReportClient.ini
[2017.12.24-10.21.20:797][  0]SourceControl: 	deleted:    Saved/Config/CrashReportClient/UE4CC-Windows-C9C295D4431F3DDA7C523684DD2077BF/CrashReportClient.ini
[2017.12.24-10.21.20:797][  0]SourceControl: 	deleted:    Saved/Config/CrashReportClient/UE4CC-Windows-E592AB53499E67112BBBEF8E7119BB5C/CrashReportClient.ini
[2017.12.24-10.21.20:797][  0]SourceControl: 	modified:   Saved/Config/Windows/EditorPerProjectUserSettings.ini
[2017.12.24-10.21.20:797][  0]SourceControl: 	deleted:    Saved/Logs/FantasyArena-backup-2017.12.21-14.08.14.log
[2017.12.24-10.21.20:797][  0]SourceControl: 	deleted:    Saved/Logs/FantasyArena-backup-2017.12.21-16.20.25.log
[2017.12.24-10.21.20:797][  0]SourceControl: 	deleted:    Saved/Logs/FantasyArena-backup-2017.12.22-01.55.18.log
[2017.12.24-10.21.20:797][  0]SourceControl: 	modified:   Saved/Logs/FantasyArena.log
[2017.12.24-10.21.20:797][  0]SourceControl: Untracked files:
[2017.12.24-10.21.20:797][  0]SourceControl:   (use "git add <file>..." to include in what will be committed)
[2017.12.24-10.21.20:797][  0]SourceControl: 	Content/Characters/Man/Materials/Body_Group57016001_albedo.tga
[2017.12.24-10.21.20:797][  0]SourceControl: 	Content/Characters/Man/Materials/Body_Group57016001_normal.tga
[2017.12.24-10.21.20:797][  0]SourceControl: 	Content/Characters/Man/Materials/Body_Group57016001_reflection.tga
[2017.12.24-10.21.20:797][  0]SourceControl: 	Content/Characters/Man/Materials/Eyelashes_Group1003_albedo.tga
[2017.12.24-10.21.20:797][  0]SourceControl: 	Content/Characters/Man/Materials/Eyelashes_Group1003_normal.tga
[2017.12.24-10.21.20:797][  0]SourceControl: 	Content/Characters/Man/Materials/Eyelashes_Group1003_reflection.tga
[2017.12.24-10.21.20:797][  0]SourceControl: 	Content/Characters/Man/Materials/Eyes_Group1004_albedo.tga
[2017.12.24-10.21.20:797][  0]SourceControl: 	Content/Characters/Man/Materials/Eyes_Group1004_normal.tga
[2017.12.24-10.21.20:797][  0]SourceControl: 	Content/Characters/Man/Materials/Eyes_Group1004_reflection.tga
[2017.12.24-10.21.20:797][  0]SourceControl: 	Content/Characters/Man/Materials/Lacrimal_Caruncle_Group1002_albedo.tga
[2017.12.24-10.21.20:797][  0]SourceControl: 	Content/Characters/Man/Materials/Lacrimal_Caruncle_Group1002_normal.tga
[2017.12.24-10.21.20:797][  0]SourceControl: 	Content/Characters/Man/Materials/Lacrimal_Caruncle_Group1002_reflection.tga
[2017.12.24-10.21.20:797][  0]SourceControl: 	Content/Characters/Man/Materials/LowerEyeLidWetness_Group1001_albedo.tga
[2017.12.24-10.21.20:797][  0]SourceControl: 	Content/Characters/Man/Materials/LowerEyeLidWetness_Group1001_normal.tga
[2017.12.24-10.21.20:797][  0]SourceControl: 	Content/Characters/Man/Materials/LowerEyeLidWetness_Group1001_reflection.tga
[2017.12.24-10.21.20:797][  0]SourceControl: 	Content/Characters/Man/Materials/LowerGum_Group17575_albedo.tga
[2017.12.24-10.21.20:797][  0]SourceControl: 	Content/Characters/Man/Materials/LowerGum_Group17575_normal.tga
[2017.12.24-10.21.20:797][  0]SourceControl: 	Content/Characters/Man/Materials/LowerGum_Group17575_reflection.tga
[2017.12.24-10.21.20:797][  0]SourceControl: 	Content/Characters/Man/Materials/ManLP.obj
[2017.12.24-10.21.20:797][  0]SourceControl: 	Content/Characters/Man/Materials/Teeth_Group28975_albedo.tga
[2017.12.24-10.21.20:797][  0]SourceControl: 	Content/Characters/Man/Materials/Teeth_Group28975_normal.tga
[2017.12.24-10.21.20:797][  0]SourceControl: 	Content/Characters/Man/Materials/Teeth_Group28975_reflection.tga
[2017.12.24-10.21.20:797][  0]SourceControl: 	Content/Characters/Man/Materials/UpperGum_Group17560_albedo.tga
[2017.12.24-10.21.20:797][  0]SourceControl: 	Content/Characters/Man/Materials/UpperGum_Group17560_normal.tga
[2017.12.24-10.21.20:797][  0]SourceControl: 	Content/Characters/Man/Materials/UpperGum_Group17560_reflection.tga
[2017.12.24-10.21.20:797][  0]SourceControl: 	Saved/Config/CrashReportClient/UE4CC-Windows-0D9153E34CF3279FB06258A6AEB9BBC4/
[2017.12.24-10.21.20:797][  0]SourceControl: 	Saved/Config/CrashReportClient/UE4CC-Windows-17FD0ACE41FC63D64015379978A61B2B/
[2017.12.24-10.21.20:797][  0]SourceControl: 	Saved/Config/CrashReportClient/UE4CC-Windows-5143DB774A47AE527CCCBA87C8BA0285/
[2017.12.24-10.21.20:797][  0]SourceControl: 	Saved/Crashes/_0000/
[2017.12.24-10.21.20:797][  0]SourceControl: 	Saved/HardwareSurvey/
[2017.12.24-10.21.20:797][  0]SourceControl: 	Saved/Logs/FantasyArena-backup-2017.12.23-10.07.57.log
[2017.12.24-10.21.20:797][  0]SourceControl: 	Saved/Logs/FantasyArena-backup-2017.12.23-22.21.16.log
[2017.12.24-10.21.20:797][  0]SourceControl: 	Saved/Logs/FantasyArena-backup-2017.12.24-11.20.22.log
[2017.12.24-10.21.20:797][  0]LogContentStreaming: Texture pool size now 1000 MB
[2017.12.24-10.21.20:873][  1]LogAssetRegistry: Asset discovery search completed in 44.8174 seconds
[2017.12.24-10.21.20:876][  1]LogCollectionManager: Rebuilt the object cache for 0 collections in 0.000001 seconds (found 0 objects)
[2017.12.24-10.21.20:876][  1]LogCollectionManager: Fixed up redirectors for 0 collections in 0.000085 seconds (updated 0 objects)
[2017.12.24-10.21.24:649][401]LogSlate: Took 0.006381 seconds to synchronously load lazily loaded font '../../../Engine/Content/Slate/Fonts/Roboto-Light.ttf' (159K)
[2017.12.24-10.22.02:989][389]LogSlate: Took 0.000261 seconds to synchronously load lazily loaded font '../../../Engine/Content/Slate/Fonts/Roboto-Light.ttf' (159K)
[2017.12.24-10.22.03:474][389]SourceControl: rm 'Content/Characters/Man/Man_Idle.uasset'
[2017.12.24-10.22.03:474][389]SourceControl: rm 'Content/Characters/Man/Man_Idle_Teeth_Anim.uasset'
[2017.12.24-10.22.03:474][389]SourceControl: rm 'Content/Characters/Man/Man_Idle_Teeth_PhysicsAsset.uasset'
[2017.12.24-10.22.03:474][389]SourceControl: rm 'Content/Characters/Man/Man_Idle_Teeth_Skeleton.uasset'
[2017.12.24-10.22.13:432][836]LogFactory: FactoryCreateFile: StaticMesh with FbxFactory (0 0 E:\3D\Game_content\Characters\Human\Male\Meshes\ManLP.obj)
[2017.12.24-10.22.13:464][836]LogFbx: Loading FBX Scene from E:\3D\Game_content\Characters\Human\Male\Meshes\ManLP.obj
[2017.12.24-10.22.14:049][836]LogFbx: FBX Scene Loaded Succesfully
[2017.12.24-10.22.14:053][836]LogSlate: Took 0.000226 seconds to synchronously load lazily loaded font '../../../Engine/Content/Slate/Fonts/Roboto-Regular.ttf' (155K)
[2017.12.24-10.22.18:258][836]LogSlate: Took 0.000290 seconds to synchronously load lazily loaded font '../../../Engine/Content/Slate/Fonts/Roboto-Light.ttf' (159K)
[2017.12.24-10.22.29:000][836]LogFbx: Loading FBX Scene from E:\3D\Game_content\Characters\Human\Male\Meshes\ManLP.obj
[2017.12.24-10.22.29:555][836]LogFbx: FBX Scene Loaded Succesfully
[2017.12.24-10.22.29:555][836]LogFbx: =================================================
[2017.12.24-10.22.29:555][836]LogFbx: Dumping Node START [default] 
[2017.12.24-10.22.29:555][836]LogFbx: 	Total Deformer Count 507494176.
[2017.12.24-10.22.29:555][836]LogFbx: 	Attribute () Type (4).
[2017.12.24-10.22.29:555][836]LogFbx: 		[Node Attribute Child 1] default (Type Mesh).
[2017.12.24-10.22.29:555][836]LogFbx: Dumping Node END [default]
[2017.12.24-10.22.29:555][836]LogFbx: =================================================
[2017.12.24-10.22.29:555][836]LogFbx: Dumping Node START [default] 
[2017.12.24-10.22.29:555][836]LogFbx: 	Total Deformer Count 507485048.
[2017.12.24-10.22.29:555][836]LogFbx: 	Attribute () Type (4).
[2017.12.24-10.22.29:555][836]LogFbx: 		[Node Attribute Child 1] default (Type Mesh).
[2017.12.24-10.22.29:555][836]LogFbx: Dumping Node END [default]
[2017.12.24-10.22.29:555][836]LogFbx: =================================================
[2017.12.24-10.22.29:555][836]LogFbx: Dumping Node START [default] 
[2017.12.24-10.22.29:555][836]LogFbx: 	Total Deformer Count 507485048.
[2017.12.24-10.22.29:555][836]LogFbx: 	Attribute () Type (4).
[2017.12.24-10.22.29:555][836]LogFbx: 		[Node Attribute Child 1] default (Type Mesh).
[2017.12.24-10.22.29:555][836]LogFbx: Dumping Node END [default]
[2017.12.24-10.22.29:557][836]LogFbx: Triangulating skeletal mesh default
[2017.12.24-10.22.30:139][836]LogFbx: Warning: Bones digested - 1  Depth of hierarchy - 1
[2017.12.24-10.22.31:213][836]LogSkeletalMesh: Section 0: 6024 vertices, 1 active bones
[2017.12.24-10.22.31:214][836]LogSkeletalMesh: Section 1: 5317 vertices, 1 active bones
[2017.12.24-10.22.31:214][836]LogSkeletalMesh: Section 2: 80 vertices, 1 active bones
[2017.12.24-10.22.31:214][836]LogSkeletalMesh: Section 3: 72 vertices, 1 active bones
[2017.12.24-10.22.31:214][836]LogSkeletalMesh: Section 4: 2761 vertices, 1 active bones
[2017.12.24-10.22.31:214][836]LogSkeletalMesh: Section 5: 362 vertices, 1 active bones
[2017.12.24-10.22.31:214][836]LogSkeletalMesh: Section 6: 480 vertices, 1 active bones
[2017.12.24-10.22.31:214][836]LogSkeletalMesh: Section 7: 5524 vertices, 1 active bones
[2017.12.24-10.22.31:214][836]LogSkeletalMesh: Section 8: 203 vertices, 1 active bones
[2017.12.24-10.22.31:215][836]LogSkeletalMesh: Section 9: 588 vertices, 1 active bones
[2017.12.24-10.22.31:215][836]LogSkeletalMesh: Section 10: 1121 vertices, 1 active bones
[2017.12.24-10.22.31:215][836]LogSkeletalMesh: Section 11: 1319 vertices, 1 active bones
[2017.12.24-10.22.31:215][836]LogSkeletalMesh: Section 12: 5360 vertices, 1 active bones
[2017.12.24-10.22.36:477][836]LogSkeletalMesh: Section 0: Material=0, 10971 triangles
[2017.12.24-10.22.36:477][836]LogSkeletalMesh: Section 1: Material=1, 9298 triangles
[2017.12.24-10.22.36:477][836]LogSkeletalMesh: Section 2: Material=2, 40 triangles
[2017.12.24-10.22.36:477][836]LogSkeletalMesh: Section 3: Material=3, 92 triangles
[2017.12.24-10.22.36:477][836]LogSkeletalMesh: Section 4: Material=4, 5360 triangles
[2017.12.24-10.22.36:477][836]LogSkeletalMesh: Section 5: Material=5, 640 triangles
[2017.12.24-10.22.36:477][836]LogSkeletalMesh: Section 6: Material=6, 800 triangles
[2017.12.24-10.22.36:477][836]LogSkeletalMesh: Section 7: Material=7, 4272 triangles
[2017.12.24-10.22.36:477][836]LogSkeletalMesh: Section 8: Material=8, 384 triangles
[2017.12.24-10.22.36:477][836]LogSkeletalMesh: Section 9: Material=9, 1024 triangles
[2017.12.24-10.22.36:477][836]LogSkeletalMesh: Section 10: Material=10, 2144 triangles
[2017.12.24-10.22.36:477][836]LogSkeletalMesh: Section 11: Material=11, 2528 triangles
[2017.12.24-10.22.36:477][836]LogSkeletalMesh: Section 12: Material=12, 10336 triangles
[2017.12.24-10.22.36:506][836]LogLinker: Can't find file '/Game/Characters/Man/ManLP_default_Skeleton'
[2017.12.24-10.22.36:507][836]LogLinker: Can't find file '/Game/Characters/Man/ManLP_default_Skeleton'
[2017.12.24-10.22.36:511][836]LogLinker: Can't find file '/Game/Characters/Man/ManLP_default_PhysicsAsset'
[2017.12.24-10.22.36:511][836]LogLinker: Can't find file '/Game/Characters/Man/ManLP_default_PhysicsAsset'
[2017.12.24-10.22.36:530][836]FBXImport: Warning: Could not find the bind pose.  It will use time 0 as bind pose. 
[2017.12.24-10.22.36:756][839]SourceControl: fatal: C:/Program Files (x86)/Epic Games/UE_4.18/Engine/Content/EngineMeshes/SkeletalCube_Skeleton.uasset: 'C:/Program Files (x86)/Epic Games/UE_4.18/Engine/Content/EngineMeshes/SkeletalCube_Skeleton.uasset' is outside repository
[2017.12.24-10.22.49:406][ 54]LogContentBrowser: Native class hierarchy updated for 'SkeletonEditor' in 0.0004 seconds. Added 1 classes and 2 folders.
[2017.12.24-10.22.49:761][ 54]LogActorComponent: RegisterComponentWithWorld: (/Engine/Transient.World_3:PersistentLevel.Actor_0.DebugSkelMeshComponent_0) Already registered. Aborting.
[2017.12.24-10.22.49:794][ 54]LogSkeletalMesh: USkeletalMeshComponent::InitArticulated : Bodies already created (/Engine/Transient.World_3:PersistentLevel.Actor_0.DebugSkelMeshComponent_0) - call TermArticulated first.
[2017.12.24-10.22.50:205][ 54]LogContentBrowser: Native class hierarchy updated for 'ClothingSystemEditorInterface' in 0.0003 seconds. Added 1 classes and 0 folders.
[2017.12.24-10.22.50:211][ 55]LogRenderer: Reallocating scene render targets to support 820x648 Format 10 NumSamples 1 (Frame:1).
[2017.12.24-10.23.02:449][930]SourceControl: fatal: C:/Program Files (x86)/Epic Games/UE_4.18/Engine/Content/Functions/Engine_MaterialFunctions02/ExampleContent/3dParticleOpacity_Mat.uasset: 'C:/Program Files (x86)/Epic Games/UE_4.18/Engine/Content/Functions/Engine_MaterialFunctions02/ExampleContent/3dParticleOpacity_Mat.uasset' is outside repository
[2017.12.24-10.23.02:449][930]SourceControl: fatal: C:/Program Files (x86)/Epic Games/UE_4.18/Engine/Content/MaterialTemplates/VertexAnimation/AdvancedFlag.uasset: 'C:/Program Files (x86)/Epic Games/UE_4.18/Engine/Content/MaterialTemplates/VertexAnimation/AdvancedFlag.uasset' is outside repository
[2017.12.24-10.23.02:449][930]SourceControl: fatal: C:/Program Files (x86)/Epic Games/UE_4.18/Engine/Content/EditorLandscapeResources/AlphaBrushMaterial.uasset: 'C:/Program Files (x86)/Epic Games/UE_4.18/Engine/Content/EditorLandscapeResources/AlphaBrushMaterial.uasset' is outside repository
[2017.12.24-10.23.02:449][930]SourceControl: fatal: C:/Program Files (x86)/Epic Games/UE_4.18/Engine/Content/BufferVisualization/AmbientOcclusion.uasset: 'C:/Program Files (x86)/Epic Games/UE_4.18/Engine/Content/BufferVisualization/AmbientOcclusion.uasset' is outside repository
[2017.12.24-10.24.52:163][171]LogTemp: Repeating last play command: Selected Viewport
[2017.12.24-10.24.52:235][171]LogPlayLevel: PlayLevel: No blueprints needed recompiling
[2017.12.24-10.24.52:236][171]PIE: New page: PIE session: Arena1 (Dec 24, 2017, 12:24:52 PM)
[2017.12.24-10.24.52:236][171]LogPlayLevel: Creating play world package: /Game/Levels/UEDPIE_0_Arena1
[2017.12.24-10.24.52:246][171]LogPlayLevel: PIE: StaticDuplicateObject took: (0.010539s)
[2017.12.24-10.24.52:247][171]LogAIModule: Creating AISystem for world Arena1
[2017.12.24-10.24.52:248][171]LogPlayLevel: PIE: World Init took: (0.001066s)
[2017.12.24-10.24.52:248][171]LogPlayLevel: PIE: Created PIE world by copying editor world from /Game/Levels/Arena1.Arena1 to /Game/Levels/UEDPIE_0_Arena1.Arena1 (0.011961s)
[2017.12.24-10.24.52:490][171]LogLoad: Game class is 'ArenaPlay_C'
[2017.12.24-10.24.52:494][171]LogWorld: Bringing World /Game/Levels/UEDPIE_0_Arena1.Arena1 up for play (max tick rate 0) at 2017.12.24-11.24.52
[2017.12.24-10.24.52:495][171]LogWorld: Bringing up level for play took: 0.003833
[2017.12.24-10.24.52:536][171]LogContentBrowser: Native class hierarchy updated for 'MovieSceneCapture' in 0.0003 seconds. Added 11 classes and 0 folders.
[2017.12.24-10.24.52:539][171]PIE: Play in editor start time for /Game/Levels/UEDPIE_0_Arena1 -0.04
[2017.12.24-10.24.58:154][781]LogWindowsTextInputMethodSystem: Display: IME system now deactivated.
[2017.12.24-10.24.58:346][782]Cmd: QUIT_EDITOR
[2017.12.24-10.24.59:000][782]LogExit: Preparing to exit.
[2017.12.24-10.24.59:203][782]LogDirectoryWatcher: A directory notification for 'C:/Users/Jakub/Documents/GodsOfArena/Content/' was aborted.
[2017.12.24-10.24.59:230][782]LogExit: Editor shut down
[2017.12.24-10.24.59:235][782]LogExit: Transaction tracking system shut down
[2017.12.24-10.24.59:455][782]LogDirectoryWatcher: A directory notification for '../../../Engine/Content/' was aborted.
[2017.12.24-10.24.59:455][782]LogDirectoryWatcher: A directory notification for '../../../../../../Users/Jakub/Documents/GodsOfArena/Content/' was aborted.
[2017.12.24-10.24.59:456][782]LogDirectoryWatcher: A directory notification for '../../../Engine/Plugins/2D/Paper2D/Content/' was aborted.
[2017.12.24-10.24.59:456][782]LogDirectoryWatcher: A directory notification for '../../../Engine/Plugins/Media/MediaCompositing/Content/' was aborted.
[2017.12.24-10.24.59:456][782]LogDirectoryWatcher: A directory notification for '../../../Engine/Plugins/Runtime/AppleARKit/Content/' was aborted.
[2017.12.24-10.24.59:456][782]LogDirectoryWatcher: A directory notification for '../../../Engine/Plugins/Runtime/Oculus/OculusVR/Content/' was aborted.
[2017.12.24-10.24.59:456][782]LogDirectoryWatcher: A directory notification for '../../../Engine/Plugins/Runtime/Steam/SteamVR/Content/' was aborted.
[2017.12.24-10.24.59:523][782]LogExit: Object subsystem successfully closed.
[2017.12.24-10.24.59:538][782]LogD3D11RHI: Shutdown
[2017.12.24-10.24.59:538][782]LogD3D11RHI: CleanupD3DDevice
[2017.12.24-10.24.59:540][782]LogD3D11RHI: ~FD3D11DynamicRHI
[2017.12.24-10.24.59:553][782]LogModuleManager: Shutting down and abandoning module MovieSceneCapture (554)
[2017.12.24-10.24.59:553][782]LogModuleManager: Shutting down and abandoning module ClothingSystemEditorInterface (552)
[2017.12.24-10.24.59:553][782]LogModuleManager: Shutting down and abandoning module SkeletonEditor (550)
[2017.12.24-10.24.59:553][782]LogModuleManager: Shutting down and abandoning module HierarchicalLODOutliner (548)
[2017.12.24-10.24.59:553][782]LogModuleManager: Shutting down and abandoning module SceneOutliner (546)
[2017.12.24-10.24.59:553][782]LogModuleManager: Shutting down and abandoning module AddContentDialog (544)
[2017.12.24-10.24.59:553][782]LogDirectoryWatcher: A directory notification for 'C:/Program Files (x86)/Epic Games/UE_4.18/FeaturePacks/' was aborted.
[2017.12.24-10.24.59:554][782]LogModuleManager: Shutting down and abandoning module WidgetCarousel (543)
[2017.12.24-10.24.59:554][782]LogModuleManager: Shutting down and abandoning module EditorWidgets (540)
[2017.12.24-10.24.59:554][782]LogModuleManager: Shutting down and abandoning module CollectionManager (538)
[2017.12.24-10.24.59:554][782]LogDirectoryWatcher: A directory notification for 'C:/Users/Jakub/Documents/GodsOfArena/Content/Collections/' was aborted.
[2017.12.24-10.24.59:554][782]LogDirectoryWatcher: A directory notification for 'C:/Users/Jakub/Documents/GodsOfArena/Content/Developers/Jakub/Collections/' was aborted.
[2017.12.24-10.24.59:554][782]LogDirectoryWatcher: A directory notification for 'C:/Users/Jakub/Documents/GodsOfArena/Saved/Collections/' was aborted.
[2017.12.24-10.24.59:554][782]LogModuleManager: Shutting down and abandoning module StatsViewer (536)
[2017.12.24-10.24.59:554][782]LogModuleManager: Shutting down and abandoning module FoliageEdit (534)
[2017.12.24-10.24.59:554][782]LogModuleManager: Shutting down and abandoning module LandscapeEditor (532)
[2017.12.24-10.24.59:554][782]LogModuleManager: Shutting down and abandoning module MeshPaintMode (530)
[2017.12.24-10.24.59:554][782]LogModuleManager: Shutting down and abandoning module SceneDepthPickerMode (528)
[2017.12.24-10.24.59:554][782]LogModuleManager: Shutting down and abandoning module ActorPickerMode (526)
[2017.12.24-10.24.59:554][782]LogModuleManager: Shutting down and abandoning module GeometryMode (524)
[2017.12.24-10.24.59:554][782]LogModuleManager: Shutting down and abandoning module TextureAlignMode (522)
[2017.12.24-10.24.59:554][782]LogModuleManager: Shutting down and abandoning module BspMode (520)
[2017.12.24-10.24.59:554][782]LogModuleManager: Shutting down and abandoning module PIEPreviewDeviceProfileSelector (518)
[2017.12.24-10.24.59:554][782]LogModuleManager: Shutting down and abandoning module HardwareSurvey (516)
[2017.12.24-10.24.59:554][782]LogModuleManager: Shutting down and abandoning module SequenceRecorderSections (514)
[2017.12.24-10.24.59:554][782]LogModuleManager: Shutting down and abandoning module AutomationWorker (512)
[2017.12.24-10.24.59:554][782]LogModuleManager: Shutting down and abandoning module MatineeToLevelSequence (510)
[2017.12.24-10.24.59:554][782]LogModuleManager: Shutting down and abandoning module LevelSequenceEditor (508)
[2017.12.24-10.24.59:554][782]LogModuleManager: Shutting down and abandoning module PlacementMode (507)
[2017.12.24-10.24.59:554][782]LogModuleManager: Shutting down and abandoning module WmfMediaFactory (504)
[2017.12.24-10.24.59:554][782]LogModuleManager: Shutting down and abandoning module WmfMediaEditor (502)
[2017.12.24-10.24.59:554][782]LogModuleManager: Shutting down and abandoning module OpenExrWrapper (500)
[2017.12.24-10.24.59:554][782]LogModuleManager: Shutting down and abandoning module ImgMediaFactory (498)
[2017.12.24-10.24.59:554][782]LogModuleManager: Shutting down and abandoning module ImgMediaEditor (496)
[2017.12.24-10.24.59:554][782]LogModuleManager: Shutting down and abandoning module AvfMediaFactory (494)
[2017.12.24-10.24.59:555][782]LogModuleManager: Shutting down and abandoning module AvfMediaEditor (492)
[2017.12.24-10.24.59:555][782]LogModuleManager: Shutting down and abandoning module AndroidMediaFactory (490)
[2017.12.24-10.24.59:555][782]LogModuleManager: Shutting down and abandoning module AndroidMediaEditor (488)
[2017.12.24-10.24.59:555][782]LogModuleManager: Shutting down and abandoning module CharacterAI (486)
[2017.12.24-10.24.59:555][782]LogModuleManager: Shutting down and abandoning module AudioCapture (484)
[2017.12.24-10.24.59:555][782]LogModuleManager: Shutting down and abandoning module SequenceRecorder (483)
[2017.12.24-10.24.59:555][782]LogModuleManager: Shutting down and abandoning module SmartSnapping (480)
[2017.12.24-10.24.59:555][782]LogModuleManager: Shutting down and abandoning module SessionServices (478)
[2017.12.24-10.24.59:555][782]LogModuleManager: Shutting down and abandoning module ViewportSnapping (476)
[2017.12.24-10.24.59:555][782]LogModuleManager: Shutting down and abandoning module ViewportInteraction (474)
[2017.12.24-10.24.59:555][782]LogModuleManager: Shutting down and abandoning module ClothPainter (472)
[2017.12.24-10.24.59:555][782]LogModuleManager: Shutting down and abandoning module SkeletalMeshEditor (471)
[2017.12.24-10.24.59:555][782]LogModuleManager: Shutting down and abandoning module LogVisualizer (468)
[2017.12.24-10.24.59:555][782]LogModuleManager: Shutting down and abandoning module IntroTutorials (466)
[2017.12.24-10.24.59:555][782]LogModuleManager: Shutting down and abandoning module GameProjectGeneration (465)
[2017.12.24-10.24.59:555][782]LogModuleManager: Shutting down and abandoning module IOSPlatformEditor (462)
[2017.12.24-10.24.59:555][782]LogModuleManager: Shutting down and abandoning module HTML5PlatformEditor (460)
[2017.12.24-10.24.59:555][782]LogModuleManager: Shutting down and abandoning module AndroidPlatformEditor (458)
[2017.12.24-10.24.59:555][782]LogModuleManager: Shutting down and abandoning module AndroidDeviceDetection (457)
[2017.12.24-10.25.00:013][782]LogModuleManager: Shutting down and abandoning module WindowsPlatformEditor (454)
[2017.12.24-10.25.00:013][782]LogModuleManager: Shutting down and abandoning module IOSRuntimeSettings (452)
[2017.12.24-10.25.00:013][782]LogModuleManager: Shutting down and abandoning module AndroidRuntimeSettings (450)
[2017.12.24-10.25.00:013][782]LogModuleManager: Shutting down and abandoning module InputBindingEditor (448)
[2017.12.24-10.25.00:013][782]LogModuleManager: Shutting down and abandoning module MergeActors (446)
[2017.12.24-10.25.00:013][782]LogModuleManager: Shutting down and abandoning module SizeMap (444)
[2017.12.24-10.25.00:013][782]LogModuleManager: Shutting down and abandoning module TreeMap (442)
[2017.12.24-10.25.00:013][782]LogModuleManager: Shutting down and abandoning module ReferenceViewer (440)
[2017.12.24-10.25.00:013][782]LogModuleManager: Shutting down and abandoning module LocalizationDashboard (438)
[2017.12.24-10.25.00:013][782]LogModuleManager: Shutting down and abandoning module LocalizationService (437)
[2017.12.24-10.25.00:013][782]LogModuleManager: Shutting down and abandoning module HardwareTargeting (434)
[2017.12.24-10.25.00:013][782]LogModuleManager: Shutting down and abandoning module DeviceProfileEditor (432)
[2017.12.24-10.25.00:013][782]LogModuleManager: Shutting down and abandoning module UndoHistory (430)
[2017.12.24-10.25.00:013][782]LogModuleManager: Shutting down and abandoning module XmlParser (428)
[2017.12.24-10.25.00:013][782]LogModuleManager: Shutting down and abandoning module Blutility (426)
[2017.12.24-10.25.00:013][782]LogModuleManager: Shutting down and abandoning module ProjectSettingsViewer (424)
[2017.12.24-10.25.00:013][782]LogModuleManager: Shutting down and abandoning module ProjectTargetPlatformEditor (423)
[2017.12.24-10.25.00:014][782]LogModuleManager: Shutting down and abandoning module EditorSettingsViewer (420)
[2017.12.24-10.25.00:014][782]LogModuleManager: Shutting down and abandoning module SettingsEditor (418)
[2017.12.24-10.25.00:014][782]LogModuleManager: Shutting down and abandoning module ProjectLauncher (416)
[2017.12.24-10.25.00:014][782]LogModuleManager: Shutting down and abandoning module SessionFrontend (414)
[2017.12.24-10.25.00:014][782]LogModuleManager: Shutting down and abandoning module ProfilerClient (412)
[2017.12.24-10.25.00:014][782]LogModuleManager: Shutting down and abandoning module DeviceManager (410)
[2017.12.24-10.25.00:014][782]LogModuleManager: Shutting down and abandoning module TargetDeviceServices (409)
[2017.12.24-10.25.00:058][782]LogModuleManager: Shutting down and abandoning module AutomationController (406)
[2017.12.24-10.25.00:058][782]LogModuleManager: Shutting down and abandoning module AutomationWindow (404)
[2017.12.24-10.25.00:058][782]LogModuleManager: Shutting down and abandoning module Layers (402)
[2017.12.24-10.25.00:058][782]LogModuleManager: Shutting down and abandoning module ComponentVisualizers (400)
[2017.12.24-10.25.00:058][782]LogModuleManager: Shutting down and abandoning module DetailCustomizations (398)
[2017.12.24-10.25.00:058][782]LogModuleManager: Shutting down and abandoning module PackagesDialog (396)
[2017.12.24-10.25.00:058][782]LogModuleManager: Shutting down and abandoning module Persona (394)
[2017.12.24-10.25.00:058][782]LogModuleManager: Shutting down and abandoning module AdvancedPreviewScene (393)
[2017.12.24-10.25.00:058][782]LogModuleManager: Shutting down and abandoning module AnimGraph (391)
[2017.12.24-10.25.00:058][782]LogModuleManager: Shutting down and abandoning module Kismet (388)
[2017.12.24-10.25.00:059][782]LogModuleManager: Shutting down and abandoning module ClassViewer (386)
[2017.12.24-10.25.00:059][782]LogModuleManager: Shutting down and abandoning module Toolbox (384)
[2017.12.24-10.25.00:059][782]LogModuleManager: Shutting down and abandoning module ModuleUI (382)
[2017.12.24-10.25.00:059][782]LogModuleManager: Shutting down and abandoning module MovieSceneTools (380)
[2017.12.24-10.25.00:059][782]LogModuleManager: Shutting down and abandoning module OutputLog (378)
[2017.12.24-10.25.00:059][782]LogModuleManager: Shutting down and abandoning module GammaUI (376)
[2017.12.24-10.25.00:059][782]LogModuleManager: Shutting down and abandoning module Documentation (374)
[2017.12.24-10.25.00:059][782]LogModuleManager: Shutting down and abandoning module MovieSceneTracks (372)
[2017.12.24-10.25.00:059][782]LogModuleManager: Shutting down and abandoning module MovieScene (370)
[2017.12.24-10.25.00:059][782]LogModuleManager: Shutting down and abandoning module StreamingPauseRendering (368)
[2017.12.24-10.25.00:059][782]LogModuleManager: Shutting down and abandoning module LauncherPlatform (366)
[2017.12.24-10.25.00:059][782]LogModuleManager: Shutting down and abandoning module AnalyticsET (364)
[2017.12.24-10.25.00:059][782]LogModuleManager: Shutting down and abandoning module PortalServices (362)
[2017.12.24-10.25.00:059][782]LogModuleManager: Shutting down and abandoning module PortalRpc (360)
[2017.12.24-10.25.00:059][782]LogModuleManager: Shutting down and abandoning module MessagingRpc (358)
[2017.12.24-10.25.00:059][782]LogModuleManager: Shutting down and abandoning module AIModule (356)
[2017.12.24-10.25.00:059][782]LogModuleManager: Shutting down and abandoning module GameplayDebugger (355)
[2017.12.24-10.25.00:059][782]LogModuleManager: Shutting down and abandoning module AITestSuite (353)
[2017.12.24-10.25.00:059][782]LogModuleManager: Shutting down and abandoning module DesktopPlatform (350)
[2017.12.24-10.25.00:059][782]LogModuleManager: Shutting down and abandoning module ProfilerService (348)
[2017.12.24-10.25.00:140][782]LogModuleManager: Shutting down and abandoning module TaskGraph (346)
[2017.12.24-10.25.00:140][782]LogModuleManager: Shutting down and abandoning module SteamVRController (344)
[2017.12.24-10.25.00:140][782]LogModuleManager: Shutting down and abandoning module ProceduralMeshComponentEditor (342)
[2017.12.24-10.25.00:140][782]LogModuleManager: Shutting down and abandoning module ProceduralMeshComponent (340)
[2017.12.24-10.25.00:140][782]LogModuleManager: Shutting down and abandoning module OculusInput (338)
[2017.12.24-10.25.00:140][782]LogModuleManager: Shutting down and abandoning module MobilePatchingUtils (336)
[2017.12.24-10.25.00:140][782]LogModuleManager: Shutting down and abandoning module CustomMeshComponent (334)
[2017.12.24-10.25.00:140][782]LogModuleManager: Shutting down and abandoning module CableComponent (332)
[2017.12.24-10.25.00:140][782]LogModuleManager: Shutting down and abandoning module ArchVisCharacter (330)
[2017.12.24-10.25.00:140][782]LogModuleManager: Shutting down and abandoning module AndroidPermission (328)
[2017.12.24-10.25.00:140][782]LogModuleManager: Shutting down and abandoning module ActorSequence (324)
[2017.12.24-10.25.00:140][782]LogModuleManager: Shutting down and abandoning module MediaPlayerEditor (322)
[2017.12.24-10.25.00:140][782]LogModuleManager: Shutting down and abandoning module MediaCompositingEditor (320)
[2017.12.24-10.25.00:140][782]LogModuleManager: Shutting down and abandoning module MediaCompositing (318)
[2017.12.24-10.25.00:140][782]LogModuleManager: Shutting down and abandoning module HTML5Networking (316)
[2017.12.24-10.25.00:140][782]LogModuleManager: Shutting down and abandoning module AlembicImporter (314)
[2017.12.24-10.25.00:140][782]LogModuleManager: Shutting down and abandoning module AlembicLibrary (313)
[2017.12.24-10.25.00:140][782]LogModuleManager: Shutting down and abandoning module GeometryCache (312)
[2017.12.24-10.25.00:140][782]LogModuleManager: Shutting down and abandoning module GeometryCacheEd (311)
[2017.12.24-10.25.00:140][782]LogModuleManager: Shutting down and abandoning module SpeedTreeImporter (306)
[2017.12.24-10.25.00:141][782]LogModuleManager: Shutting down and abandoning module PluginBrowser (304)
[2017.12.24-10.25.00:141][782]LogModuleManager: Shutting down and abandoning module MobileLauncherProfileWizard (302)
[2017.12.24-10.25.00:141][782]LogModuleManager: Shutting down and abandoning module VisualStudioSourceCodeAccess (300)
[2017.12.24-10.25.00:141][782]LogModuleManager: Shutting down and abandoning module VisualStudioCodeSourceCodeAccess (298)
[2017.12.24-10.25.00:141][782]LogModuleManager: Shutting down and abandoning module UObjectPlugin (296)
[2017.12.24-10.25.00:141][782]LogModuleManager: Shutting down and abandoning module SubversionSourceControl (294)
[2017.12.24-10.25.00:141][782]LogModuleManager: Shutting down and abandoning module PerforceSourceControl (292)
[2017.12.24-10.25.00:141][782]LogModuleManager: Shutting down and abandoning module GitSourceControl (290)
[2017.12.24-10.25.00:141][782]LogModuleManager: Shutting down and abandoning module SourceControl (289)
[2017.12.24-10.25.00:141][782]LogModuleManager: Shutting down and abandoning module LightPropagationVolumeEditor (286)
[2017.12.24-10.25.00:141][782]LogModuleManager: Shutting down and abandoning module PaperTiledImporter (284)
[2017.12.24-10.25.00:141][782]LogModuleManager: Shutting down and abandoning module PaperSpriteSheetImporter (282)
[2017.12.24-10.25.00:141][782]LogModuleManager: Shutting down and abandoning module Paper2DEditor (280)
[2017.12.24-10.25.00:141][782]LogModuleManager: Shutting down and abandoning module MeshPaint (279)
[2017.12.24-10.25.00:141][782]LogModuleManager: Shutting down and abandoning module LevelEditor (277)
[2017.12.24-10.25.00:142][782]LogModuleManager: Shutting down and abandoning module PixelInspectorModule (276)
[2017.12.24-10.25.00:142][782]LogModuleManager: Shutting down and abandoning module MainFrame (274)
[2017.12.24-10.25.00:142][782]LogModuleManager: Shutting down and abandoning module HotReload (273)
[2017.12.24-10.25.00:142][782]LogModuleManager: Shutting down and abandoning module RuntimePhysXCooking (268)
[2017.12.24-10.25.00:142][782]LogModuleManager: Shutting down and abandoning module PhysXVehiclesEditor (266)
[2017.12.24-10.25.00:142][782]LogModuleManager: Shutting down and abandoning module PhysXVehicles (264)
[2017.12.24-10.25.00:142][782]LogModuleManager: Shutting down and abandoning module OculusEditor (262)
[2017.12.24-10.25.00:143][782]LogModuleManager: Shutting down and abandoning module LocationServicesBPLibrary (260)
[2017.12.24-10.25.00:143][782]LogModuleManager: Shutting down and abandoning module ImmediatePhysicsEditor (258)
[2017.12.24-10.25.00:143][782]LogModuleManager: Shutting down and abandoning module ImmediatePhysics (256)
[2017.12.24-10.25.00:143][782]LogModuleManager: Shutting down and abandoning module UdpMessaging (254)
[2017.12.24-10.25.00:244][782]LogModuleManager: Shutting down and abandoning module TcpMessaging (252)
[2017.12.24-10.25.00:344][782]LogModuleManager: Shutting down and abandoning module GameplayTagsEditor (250)
[2017.12.24-10.25.00:344][782]LogModuleManager: Shutting down and abandoning module FacialAnimationEditor (248)
[2017.12.24-10.25.00:344][782]LogModuleManager: Shutting down and abandoning module FacialAnimation (246)
[2017.12.24-10.25.00:344][782]LogModuleManager: Shutting down and abandoning module AssetManagerEditor (244)
[2017.12.24-10.25.00:344][782]LogModuleManager: Shutting down and abandoning module GraphEditor (243)
[2017.12.24-10.25.00:344][782]LogModuleManager: Shutting down and abandoning module ContentBrowser (241)
[2017.12.24-10.25.00:345][782]LogModuleManager: Shutting down and abandoning module LightPropagationVolumeRuntime (238)
[2017.12.24-10.25.00:345][782]LogModuleManager: Shutting down and abandoning module Paper2D (236)
[2017.12.24-10.25.00:345][782]LogModuleManager: Shutting down and abandoning module WindowsMoviePlayer (234)
[2017.12.24-10.25.00:345][782]LogModuleManager: Shutting down and abandoning module WmfMedia (232)
[2017.12.24-10.25.00:346][782]LogModuleManager: Shutting down and abandoning module ImgMedia (230)
[2017.12.24-10.25.00:346][782]LogModuleManager: Shutting down and abandoning module PacketHandler (228)
[2017.12.24-10.25.00:346][782]LogModuleManager: Shutting down and abandoning module ClothingSystemEditor (226)
[2017.12.24-10.25.00:346][782]LogModuleManager: Shutting down and abandoning module ClothingSystemRuntime (224)
[2017.12.24-10.25.00:346][782]LogModuleManager: Shutting down and abandoning module MediaAssets (222)
[2017.12.24-10.25.00:346][782]LogModuleManager: Shutting down and abandoning module Media (221)
[2017.12.24-10.25.00:352][782]LogModuleManager: Shutting down and abandoning module Overlay (218)
[2017.12.24-10.25.00:352][782]LogModuleManager: Shutting down and abandoning module OverlayEditor (217)
[2017.12.24-10.25.00:352][782]LogModuleManager: Shutting down and abandoning module VREditor (214)
[2017.12.24-10.25.00:352][782]LogModuleManager: Shutting down and abandoning module StringTableEditor (212)
[2017.12.24-10.25.00:352][782]LogModuleManager: Shutting down and abandoning module GameplayTasksEditor (210)
[2017.12.24-10.25.00:352][782]LogModuleManager: Shutting down and abandoning module BehaviorTreeEditor (208)
[2017.12.24-10.25.00:352][782]LogModuleManager: Shutting down and abandoning module FunctionalTesting (206)
[2017.12.24-10.25.00:352][782]LogModuleManager: Shutting down and abandoning module CollisionAnalyzer (204)
[2017.12.24-10.25.00:352][782]LogModuleManager: Shutting down and abandoning module WorkspaceMenuStructure (203)
[2017.12.24-10.25.00:352][782]LogModuleManager: Shutting down and abandoning module UMG (200)
[2017.12.24-10.25.00:352][782]LogModuleManager: Shutting down and abandoning module UMGEditor (199)
[2017.12.24-10.25.00:352][782]LogModuleManager: Shutting down and abandoning module Sequencer (198)
[2017.12.24-10.25.00:352][782]LogModuleManager: Shutting down and abandoning module MessageLog (195)
[2017.12.24-10.25.00:352][782]LogModuleManager: Shutting down and abandoning module SlateReflector (190)
[2017.12.24-10.25.00:352][782]LogModuleManager: Shutting down and abandoning module Slate (188)
[2017.12.24-10.25.00:352][782]LogModuleManager: Shutting down and abandoning module EditorStyle (186)
[2017.12.24-10.25.00:355][782]LogModuleManager: Shutting down and abandoning module MRMesh (184)
[2017.12.24-10.25.00:355][782]LogModuleManager: Shutting down and abandoning module SourceCodeAccess (182)
[2017.12.24-10.25.00:355][782]LogModuleManager: Shutting down and abandoning module HeadMountedDisplay (180)
[2017.12.24-10.25.00:355][782]LogModuleManager: Shutting down and abandoning module XAudio2 (178)
[2017.12.24-10.25.00:355][782]LogModuleManager: Shutting down and abandoning module Networking (176)
[2017.12.24-10.25.00:355][782]LogModuleManager: Shutting down and abandoning module Core (172)
[2017.12.24-10.25.00:355][782]LogModuleManager: Shutting down and abandoning module LevelSequence (168)
[2017.12.24-10.25.00:355][782]LogModuleManager: Shutting down and abandoning module DirectoryWatcher (166)
[2017.12.24-10.25.00:356][782]LogModuleManager: Shutting down and abandoning module KismetCompiler (164)
[2017.12.24-10.25.00:356][782]LogModuleManager: Shutting down and abandoning module MeshUtilities (162)
[2017.12.24-10.25.00:356][782]LogModuleManager: Shutting down and abandoning module MeshMergeUtilities (161)
[2017.12.24-10.25.00:356][782]LogModuleManager: Shutting down and abandoning module MeshReductionInterface (160)
[2017.12.24-10.25.00:356][782]LogModuleManager: Shutting down and abandoning module SimplygonSwarm (159)
[2017.12.24-10.25.00:356][782]LogModuleManager: Shutting down and abandoning module SimplygonMeshReduction (157)
[2017.12.24-10.25.00:356][782]LogModuleManager: Shutting down and abandoning module QuadricMeshReduction (155)
[2017.12.24-10.25.00:356][782]LogModuleManager: Shutting down and abandoning module MaterialBaking (151)
[2017.12.24-10.25.00:356][782]LogModuleManager: Shutting down and abandoning module DerivedDataCache (148)
[2017.12.24-10.25.00:391][782]LogDerivedDataCache: Shutdown
[2017.12.24-10.25.00:391][782]LogModuleManager: Shutting down and abandoning module TargetPlatform (146)
[2017.12.24-10.25.00:391][782]LogModuleManager: Shutting down and abandoning module VulkanShaderFormat (145)
[2017.12.24-10.25.00:391][782]LogModuleManager: Shutting down and abandoning module ShaderFormatVectorVM (143)
[2017.12.24-10.25.00:391][782]LogModuleManager: Shutting down and abandoning module ShaderFormatOpenGL (141)
[2017.12.24-10.25.00:391][782]LogModuleManager: Shutting down and abandoning module ShaderFormatD3D (139)
[2017.12.24-10.25.00:391][782]LogModuleManager: Shutting down and abandoning module MetalShaderFormat (137)
[2017.12.24-10.25.00:391][782]LogModuleManager: Shutting down and abandoning module TextureFormatUncompressed (135)
[2017.12.24-10.25.00:391][782]LogModuleManager: Shutting down and abandoning module TextureFormatPVR (133)
[2017.12.24-10.25.00:391][782]LogModuleManager: Shutting down and abandoning module TextureFormatDXT (131)
[2017.12.24-10.25.00:391][782]LogModuleManager: Shutting down and abandoning module TextureFormatIntelISPCTexComp (129)
[2017.12.24-10.25.00:391][782]LogModuleManager: Shutting down and abandoning module TextureFormatASTC (127)
[2017.12.24-10.25.00:391][782]LogModuleManager: Shutting down and abandoning module ImageWrapper (126)
[2017.12.24-10.25.00:391][782]LogModuleManager: Shutting down and abandoning module TextureFormatAndroid (123)
[2017.12.24-10.25.00:391][782]LogModuleManager: Shutting down and abandoning module AudioFormatOpus (121)
[2017.12.24-10.25.00:391][782]LogModuleManager: Shutting down and abandoning module AudioFormatOgg (119)
[2017.12.24-10.25.00:391][782]LogModuleManager: Shutting down and abandoning module AudioFormatADPCM (117)
[2017.12.24-10.25.00:391][782]LogModuleManager: Shutting down and abandoning module LinuxTargetPlatform (115)
[2017.12.24-10.25.00:392][782]LogModuleManager: Shutting down and abandoning module LinuxServerTargetPlatform (113)
[2017.12.24-10.25.00:392][782]LogModuleManager: Shutting down and abandoning module LinuxNoEditorTargetPlatform (111)
[2017.12.24-10.25.00:392][782]LogModuleManager: Shutting down and abandoning module LinuxClientTargetPlatform (109)
[2017.12.24-10.25.00:392][782]LogModuleManager: Shutting down and abandoning module TVOSTargetPlatform (107)
[2017.12.24-10.25.00:392][782]LogModuleManager: Shutting down and abandoning module Messaging (105)
[2017.12.24-10.25.00:392][782]LogModuleManager: Shutting down and abandoning module IOSTargetPlatform (103)
[2017.12.24-10.25.00:392][782]LogModuleManager: Shutting down and abandoning module HTML5TargetPlatform (101)
[2017.12.24-10.25.00:392][782]LogModuleManager: Shutting down and abandoning module AndroidTargetPlatform (99)
[2017.12.24-10.25.00:392][782]LogModuleManager: Shutting down and abandoning module Android_PVRTCTargetPlatform (97)
[2017.12.24-10.25.00:392][782]LogModuleManager: Shutting down and abandoning module Android_MultiTargetPlatform (95)
[2017.12.24-10.25.00:392][782]LogModuleManager: Shutting down and abandoning module Android_ETC2TargetPlatform (93)
[2017.12.24-10.25.00:392][782]LogModuleManager: Shutting down and abandoning module Android_ETC1TargetPlatform (91)
[2017.12.24-10.25.00:392][782]LogModuleManager: Shutting down and abandoning module Android_DXTTargetPlatform (89)
[2017.12.24-10.25.00:392][782]LogModuleManager: Shutting down and abandoning module Android_ATCTargetPlatform (87)
[2017.12.24-10.25.00:392][782]LogModuleManager: Shutting down and abandoning module Android_ASTCTargetPlatform (85)
[2017.12.24-10.25.00:392][782]LogModuleManager: Shutting down and abandoning module WindowsTargetPlatform (83)
[2017.12.24-10.25.00:392][782]LogModuleManager: Shutting down and abandoning module WindowsServerTargetPlatform (81)
[2017.12.24-10.25.00:392][782]LogModuleManager: Shutting down and abandoning module WindowsNoEditorTargetPlatform (79)
[2017.12.24-10.25.00:392][782]LogModuleManager: Shutting down and abandoning module WindowsClientTargetPlatform (77)
[2017.12.24-10.25.00:392][782]LogModuleManager: Shutting down and abandoning module MacTargetPlatform (75)
[2017.12.24-10.25.00:392][782]LogModuleManager: Shutting down and abandoning module MacServerTargetPlatform (73)
[2017.12.24-10.25.00:392][782]LogModuleManager: Shutting down and abandoning module MacNoEditorTargetPlatform (71)
[2017.12.24-10.25.00:392][782]LogModuleManager: Shutting down and abandoning module MacClientTargetPlatform (69)
[2017.12.24-10.25.00:392][782]LogModuleManager: Shutting down and abandoning module AllDesktopTargetPlatform (67)
[2017.12.24-10.25.00:392][782]LogModuleManager: Shutting down and abandoning module InputCore (64)
[2017.12.24-10.25.00:392][782]LogModuleManager: Shutting down and abandoning module Settings (62)
[2017.12.24-10.25.00:392][782]LogModuleManager: Shutting down and abandoning module PhysXCooking (60)
[2017.12.24-10.25.00:392][782]LogModuleManager: Shutting down and abandoning module SteamVR (58)
[2017.12.24-10.25.00:392][782]LogModuleManager: Shutting down and abandoning module OculusHMD (56)
[2017.12.24-10.25.00:392][782]LogModuleManager: Shutting down and abandoning module ExampleDeviceProfileSelector (54)
[2017.12.24-10.25.00:392][782]LogModuleManager: Shutting down and abandoning module AppleARKit (52)
[2017.12.24-10.25.00:392][782]LogModuleManager: Shutting down and abandoning module AugmentedReality (51)
[2017.12.24-10.25.00:392][782]LogModuleManager: Shutting down and abandoning module OnlineBlueprintSupport (48)
[2017.12.24-10.25.00:392][782]LogModuleManager: Shutting down and abandoning module OnlineSubsystem (44)
[2017.12.24-10.25.00:392][782]LogModuleManager: Shutting down and abandoning module XMPP (43)
[2017.12.24-10.25.00:392][782]LogModuleManager: Shutting down and abandoning module HTTP (41)
[2017.12.24-10.25.00:392][782]LogHttp: Display: Http module shutting down, but needs to wait on 1 outstanding Http requests:
[2017.12.24-10.25.00:392][782]LogHttp: Display: 	verb=[POST] url=[https://datarouter.ol.epicgames.com/datarouter/api/v1/public/data?SessionID=%7B7C77F07A-40A8-2116-8636-ECA6F3444409%7D&AppID=UEEditor.Rocket.Release&AppVersion=4.18.2-3794801%2B%2B%2BUE4%2BRelease-4.18&UserID=0f819dde4a3301700e3c92be97adbf7c%7C7fb0b03c6dec40ebb9abf228ffb5ef91%7C16f2fa0e-04fd-479c-a6bc-11ed19de6989&AppEnvironment=datacollector-binary&UploadType=eteventstream] status=Processing
[2017.12.24-10.25.00:404][782]LogModuleManager: Shutting down and abandoning module SSL (40)
[2017.12.24-10.25.00:405][782]LogModuleManager: Shutting down and abandoning module AnimationModifiers (36)
[2017.12.24-10.25.00:405][782]LogModuleManager: Shutting down and abandoning module PropertyEditor (35)
[2017.12.24-10.25.00:405][782]LogModuleManager: Shutting down and abandoning module AudioEditor (32)
[2017.12.24-10.25.00:405][782]LogModuleManager: Shutting down and abandoning module TextureCompressor (30)
[2017.12.24-10.25.00:405][782]LogModuleManager: Shutting down and abandoning module ShaderCore (28)
[2017.12.24-10.25.00:405][782]LogModuleManager: Shutting down and abandoning module Landscape (26)
[2017.12.24-10.25.00:405][782]LogModuleManager: Shutting down and abandoning module SlateRHIRenderer (24)
[2017.12.24-10.25.00:406][782]LogModuleManager: Shutting down and abandoning module OpenGLDrv (22)
[2017.12.24-10.25.00:406][782]LogModuleManager: Shutting down and abandoning module D3D11RHI (20)
[2017.12.24-10.25.00:406][782]LogModuleManager: Shutting down and abandoning module AnimGraphRuntime (18)
[2017.12.24-10.25.00:406][782]LogModuleManager: Shutting down and abandoning module Renderer (16)
[2017.12.24-10.25.00:406][782]LogModuleManager: Shutting down and abandoning module Engine (14)
[2017.12.24-10.25.00:406][782]LogModuleManager: Shutting down and abandoning module CoreUObject (12)
[2017.12.24-10.25.00:406][782]LogModuleManager: Shutting down and abandoning module NetworkFile (10)
[2017.12.24-10.25.00:406][782]LogModuleManager: Shutting down and abandoning module CookedIterativeFile (8)
[2017.12.24-10.25.00:406][782]LogModuleManager: Shutting down and abandoning module StreamingFile (6)
[2017.12.24-10.25.00:406][782]LogModuleManager: Shutting down and abandoning module SandboxFile (4)
[2017.12.24-10.25.00:406][782]LogModuleManager: Shutting down and abandoning module PakFile (2)
[2017.12.24-10.25.00:408][782]LogExit: Exiting.
[2017.12.24-10.25.00:429][782]Log file closed, 12/24/17 11:25:00
